[2023-5-25 17:28:5] [INFO] [Middleware] Enable Cors middleware...
[2023-5-25 17:28:5] [INFO] [Middleware] Enable Http middleware...
[2023-5-25 17:28:5] [INFO] [Middleware] Enable Monitor middleware...
[2023-5-25 17:28:5] [INFO] [Routes] Mounting API Routes...
[2023-5-25 17:28:5] [INFO] [Routes] Mounting User Routes...
[2023-5-25 17:28:5] [INFO] [Routes] Mounting Lobby Routes...
[2023-5-25 17:28:5] [INFO] [Database] Loading...
[2023-5-25 17:28:5] [INFO] [Server] Loading...
[2023-5-25 17:28:5] [INFO] [Middleware] Enable Cors middleware...
[2023-5-25 17:28:5] [INFO] [Middleware] Enable Http middleware...
[2023-5-25 17:28:5] [INFO] [Middleware] Enable Monitor middleware...
[2023-5-25 17:28:5] [INFO] [Routes] Mounting API Routes...
[2023-5-25 17:28:5] [INFO] [Routes] Mounting User Routes...
[2023-5-25 17:28:5] [INFO] [Routes] Mounting Lobby Routes...
[2023-5-25 17:28:5] [INFO] [Server] Loading...
[2023-5-25 17:28:5] [INFO] [Database] Loading...
[2023-5-25 17:28:5] [INFO] [Middleware] Enable Cors middleware...
[2023-5-25 17:28:5] [INFO] [Middleware] Enable Http middleware...
[2023-5-25 17:28:5] [INFO] [Middleware] Enable Monitor middleware...
[2023-5-25 17:28:5] [INFO] [Routes] Mounting API Routes...
[2023-5-25 17:28:5] [INFO] [Routes] Mounting User Routes...
[2023-5-25 17:28:5] [INFO] [Routes] Mounting Lobby Routes...
[2023-5-25 17:28:5] [INFO] [Database] Loading...
[2023-5-25 17:28:5] [INFO] [Server] Loading...
[2023-5-25 17:28:5] [INFO] [Middleware] Enable Cors middleware...
[2023-5-25 17:28:5] [INFO] [Middleware] Enable Http middleware...
[2023-5-25 17:28:5] [INFO] [Middleware] Enable Monitor middleware...
[2023-5-25 17:28:5] [INFO] [Routes] Mounting API Routes...
[2023-5-25 17:28:5] [INFO] [Routes] Mounting User Routes...
[2023-5-25 17:28:5] [INFO] [Routes] Mounting Lobby Routes...
[2023-5-25 17:28:5] [INFO] [Database] Loading...
[2023-5-25 17:28:5] [INFO] [Server] Loading...
[2023-5-25 17:28:5] [INFO] [Middleware] Enable Cors middleware...
[2023-5-25 17:28:5] [INFO] [Middleware] Enable Http middleware...
[2023-5-25 17:28:5] [INFO] [Middleware] Enable Monitor middleware...
[2023-5-25 17:28:5] [INFO] [Routes] Mounting API Routes...
[2023-5-25 17:28:5] [INFO] [Routes] Mounting User Routes...
[2023-5-25 17:28:5] [INFO] [Routes] Mounting Lobby Routes...
[2023-5-25 17:28:5] [INFO] [Database] Loading...
[2023-5-25 17:28:5] [INFO] [Server] Loading...
[2023-5-25 17:28:5] [INFO] [Middleware] Enable Cors middleware...
[2023-5-25 17:28:5] [INFO] [Middleware] Enable Http middleware...
[2023-5-25 17:28:5] [INFO] [Middleware] Enable Monitor middleware...
[2023-5-25 17:28:5] [INFO] [Routes] Mounting API Routes...
[2023-5-25 17:28:5] [INFO] [Routes] Mounting User Routes...
[2023-5-25 17:28:5] [INFO] [Routes] Mounting Lobby Routes...
[2023-5-25 17:28:5] [INFO] [Database] Loading...
[2023-5-25 17:28:5] [INFO] [Server] Loading...
[2023-5-25 17:28:5] [INFO] [Middleware] Enable Cors middleware...
[2023-5-25 17:28:5] [INFO] [Middleware] Enable Monitor middleware...
[2023-5-25 17:28:5] [INFO] [Middleware] Enable Http middleware...
[2023-5-25 17:28:5] [INFO] [Routes] Mounting API Routes...
[2023-5-25 17:28:5] [INFO] [Routes] Mounting User Routes...
[2023-5-25 17:28:5] [INFO] [Routes] Mounting Lobby Routes...
[2023-5-25 17:28:5] [INFO] [Database] Loading...
[2023-5-25 17:28:5] [INFO] [Server] Loading...
[2023-5-25 17:28:5] [INFO] [Middleware] Enable Cors middleware...
[2023-5-25 17:28:5] [INFO] [Middleware] Enable Http middleware...
[2023-5-25 17:28:5] [INFO] [Middleware] Enable Monitor middleware...
[2023-5-25 17:28:5] [INFO] [Routes] Mounting API Routes...
[2023-5-25 17:28:5] [INFO] [Routes] Mounting User Routes...
[2023-5-25 17:28:5] [INFO] [Routes] Mounting Lobby Routes...
[2023-5-25 17:28:5] [INFO] [Database] Loading...
[2023-5-25 17:28:5] [INFO] [Server] Loading...
[2023-5-25 17:28:5] [INFO] [Middleware] Enable Cors middleware...
[2023-5-25 17:28:5] [INFO] [Middleware] Enable Http middleware...
[2023-5-25 17:28:5] [INFO] [Middleware] Enable Monitor middleware...
[2023-5-25 17:28:5] [INFO] [Routes] Mounting User Routes...
[2023-5-25 17:28:5] [INFO] [Routes] Mounting API Routes...
[2023-5-25 17:28:5] [INFO] [Routes] Mounting Lobby Routes...
[2023-5-25 17:28:5] [INFO] [Database] Loading...
[2023-5-25 17:28:5] [INFO] [Server] Loading...
[2023-5-25 17:28:5] [INFO] [Middleware] Enable Cors middleware...
[2023-5-25 17:28:5] [INFO] [Middleware] Enable Http middleware...
[2023-5-25 17:28:5] [INFO] [Middleware] Enable Monitor middleware...
[2023-5-25 17:28:5] [INFO] [Routes] Mounting API Routes...
[2023-5-25 17:28:5] [INFO] [Routes] Mounting User Routes...
[2023-5-25 17:28:5] [INFO] [Routes] Mounting Lobby Routes...
[2023-5-25 17:28:5] [INFO] [Database] Loading...
[2023-5-25 17:28:5] [INFO] [Server] Loading...
[2023-5-25 17:28:5] [INFO] [Middleware] Enable Cors middleware...
[2023-5-25 17:28:5] [INFO] [Middleware] Enable Http middleware...
[2023-5-25 17:28:5] [INFO] [Middleware] Enable Monitor middleware...
[2023-5-25 17:28:5] [INFO] [Routes] Mounting API Routes...
[2023-5-25 17:28:5] [INFO] [Routes] Mounting User Routes...
[2023-5-25 17:28:5] [INFO] [Routes] Mounting Lobby Routes...
[2023-5-25 17:28:5] [INFO] [Database] Loading...
[2023-5-25 17:28:5] [INFO] [Server] Loading...
[2023-5-25 17:28:5] [INFO] [Middleware] Enable Cors middleware...
[2023-5-25 17:28:5] [INFO] [Middleware] Enable Http middleware...
[2023-5-25 17:28:5] [INFO] [Middleware] Enable Monitor middleware...
[2023-5-25 17:28:5] [INFO] [Routes] Mounting API Routes...
[2023-5-25 17:28:5] [INFO] [Routes] Mounting User Routes...
[2023-5-25 17:28:5] [INFO] [Routes] Mounting Lobby Routes...
[2023-5-25 17:28:5] [INFO] [Server] Loading...
[2023-5-25 17:28:5] [INFO] [Database] Loading...
[2023-5-25 17:28:5] [INFO] [Middleware] Enable Cors middleware...
[2023-5-25 17:28:5] [INFO] [Middleware] Enable Http middleware...
[2023-5-25 17:28:5] [INFO] [Routes] Mounting API Routes...
[2023-5-25 17:28:5] [INFO] [Middleware] Enable Monitor middleware...
[2023-5-25 17:28:5] [INFO] [Routes] Mounting Lobby Routes...
[2023-5-25 17:28:5] [INFO] [Routes] Mounting User Routes...
[2023-5-25 17:28:5] [INFO] [Database] Loading...
[2023-5-25 17:28:5] [INFO] [Server] Loading...
[2023-5-25 17:28:5] [INFO] [Middleware] Enable Cors middleware...
[2023-5-25 17:28:5] [INFO] [Middleware] Enable Http middleware...
[2023-5-25 17:28:5] [INFO] [Middleware] Enable Monitor middleware...
[2023-5-25 17:28:5] [INFO] [Routes] Mounting User Routes...
[2023-5-25 17:28:5] [INFO] [Routes] Mounting Lobby Routes...
[2023-5-25 17:28:5] [INFO] [Database] Loading...
[2023-5-25 17:28:5] [INFO] [Server] Loading...
[2023-5-25 17:28:5] [INFO] [Routes] Mounting API Routes...
[2023-5-25 17:28:5] [INFO] [Middleware] Enable Cors middleware...
[2023-5-25 17:28:5] [INFO] [Middleware] Enable Http middleware...
[2023-5-25 17:28:5] [INFO] [Middleware] Enable Monitor middleware...
[2023-5-25 17:28:5] [INFO] [Routes] Mounting API Routes...
[2023-5-25 17:28:5] [INFO] [Routes] Mounting User Routes...
[2023-5-25 17:28:5] [INFO] [Routes] Mounting Lobby Routes...
[2023-5-25 17:28:5] [INFO] [Database] Loading...
[2023-5-25 17:28:5] [INFO] [Server] Loading...
[2023-5-25 17:28:5] [INFO] [Middleware] Enable Cors middleware...
[2023-5-25 17:28:5] [INFO] [Middleware] Enable Http middleware...
[2023-5-25 17:28:5] [INFO] [Middleware] Enable Monitor middleware...
[2023-5-25 17:28:5] [INFO] [Routes] Mounting API Routes...
[2023-5-25 17:28:5] [INFO] [Routes] Mounting User Routes...
[2023-5-25 17:28:5] [INFO] [Routes] Mounting Lobby Routes...
[2023-5-25 17:28:5] [INFO] [Database] Loading...
[2023-5-25 17:28:5] [INFO] [Server] Loading...
[2023-5-25 17:28:5] [INFO] [Middleware] Enable Cors middleware...
[2023-5-25 17:28:5] [INFO] [Middleware] Enable Http middleware...
[2023-5-25 17:28:5] [INFO] [Routes] Mounting API Routes...
[2023-5-25 17:28:5] [INFO] [Middleware] Enable Monitor middleware...
[2023-5-25 17:28:5] [INFO] [Routes] Mounting Lobby Routes...
[2023-5-25 17:28:5] [INFO] [Routes] Mounting User Routes...
[2023-5-25 17:28:5] [INFO] [Database] Loading...
[2023-5-25 17:28:5] [INFO] [Server] Loading...
[2023-5-25 17:28:5] [INFO] [Middleware] Enable Cors middleware...
[2023-5-25 17:28:5] [INFO] [Middleware] Enable Monitor middleware...
[2023-5-25 17:28:5] [INFO] [Middleware] Enable Http middleware...
[2023-5-25 17:28:5] [INFO] [Routes] Mounting User Routes...
[2023-5-25 17:28:5] [INFO] [Routes] Mounting API Routes...
[2023-5-25 17:28:5] [INFO] [Routes] Mounting Lobby Routes...
[2023-5-25 17:28:5] [INFO] [Server] Loading...
[2023-5-25 17:28:5] [INFO] [Database] Loading...
[2023-5-25 17:28:5] [INFO] [Middleware] Enable Cors middleware...
[2023-5-25 17:28:5] [INFO] [Middleware] Enable Http middleware...
[2023-5-25 17:28:5] [INFO] [Middleware] Enable Monitor middleware...
[2023-5-25 17:28:5] [INFO] [Routes] Mounting API Routes...
[2023-5-25 17:28:5] [INFO] [Routes] Mounting User Routes...
[2023-5-25 17:28:5] [INFO] [Routes] Mounting Lobby Routes...
[2023-5-25 17:28:5] [INFO] [Database] Loading...
[2023-5-25 17:28:5] [INFO] [Server] Loading...
[2023-5-25 17:28:5] [INFO] [Middleware] Enable Cors middleware...
[2023-5-25 17:28:5] [INFO] [Middleware] Enable Http middleware...
[2023-5-25 17:28:5] [INFO] [Middleware] Enable Monitor middleware...
[2023-5-25 17:28:5] [INFO] [Routes] Mounting API Routes...
[2023-5-25 17:28:5] [INFO] [Routes] Mounting User Routes...
[2023-5-25 17:28:5] [INFO] [Routes] Mounting Lobby Routes...
[2023-5-25 17:28:5] [INFO] [Database] Loading...
[2023-5-25 17:28:5] [INFO] [Server] Loading...
[2023-5-25 17:28:6] [INFO] [Middleware] Enable Cors middleware...
[2023-5-25 17:28:6] [INFO] [Middleware] Enable Http middleware...
[2023-5-25 17:28:6] [INFO] [Middleware] Enable Monitor middleware...
[2023-5-25 17:28:6] [INFO] [Routes] Mounting API Routes...
[2023-5-25 17:28:6] [INFO] [Routes] Mounting User Routes...
[2023-5-25 17:28:6] [INFO] [Routes] Mounting Lobby Routes...
[2023-5-25 17:28:6] [INFO] [Database] Loading...
[2023-5-25 17:28:6] [INFO] [Server] Loading...
[2023-5-25 17:28:6] [INFO] [Middleware] Enable Cors middleware...
[2023-5-25 17:28:6] [INFO] [Middleware] Enable Http middleware...
[2023-5-25 17:28:6] [INFO] [Middleware] Enable Monitor middleware...
[2023-5-25 17:28:6] [INFO] [Routes] Mounting API Routes...
[2023-5-25 17:28:6] [INFO] [Routes] Mounting User Routes...
[2023-5-25 17:28:6] [INFO] [Routes] Mounting Lobby Routes...
[2023-5-25 17:28:6] [INFO] [Database] Loading...
[2023-5-25 17:28:6] [INFO] [Server] Loading...
[2023-5-25 17:28:6] [INFO] [Middleware] Enable Cors middleware...
[2023-5-25 17:28:6] [INFO] [Middleware] Enable Http middleware...
[2023-5-25 17:28:6] [INFO] [Middleware] Enable Monitor middleware...
[2023-5-25 17:28:6] [INFO] [Routes] Mounting API Routes...
[2023-5-25 17:28:6] [INFO] [Routes] Mounting User Routes...
[2023-5-25 17:28:6] [INFO] [Routes] Mounting Lobby Routes...
[2023-5-25 17:28:6] [INFO] [Database] Loading...
[2023-5-25 17:28:6] [INFO] [Server] Loading...
[2023-5-25 17:28:6] [INFO] [Middleware] Enable Cors middleware...
[2023-5-25 17:28:6] [INFO] [Middleware] Enable Http middleware...
[2023-5-25 17:28:6] [INFO] [Middleware] Enable Monitor middleware...
[2023-5-25 17:28:6] [INFO] [Routes] Mounting User Routes...
[2023-5-25 17:28:6] [INFO] [Routes] Mounting API Routes...
[2023-5-25 17:28:6] [INFO] [Routes] Mounting Lobby Routes...
[2023-5-25 17:28:6] [INFO] [Database] Loading...
[2023-5-25 17:28:6] [INFO] [Server] Loading...
[2023-5-25 17:28:6] [INFO] [Middleware] Enable Cors middleware...
[2023-5-25 17:28:6] [INFO] [Middleware] Enable Http middleware...
[2023-5-25 17:28:6] [INFO] [Middleware] Enable Monitor middleware...
[2023-5-25 17:28:6] [INFO] [Database] Loading...
[2023-5-25 17:28:6] [INFO] [Routes] Mounting User Routes...
[2023-5-25 17:28:6] [INFO] [Routes] Mounting Lobby Routes...
[2023-5-25 17:28:6] [INFO] [Routes] Mounting API Routes...
[2023-5-25 17:28:6] [INFO] [Server] Loading...
[2023-5-25 17:28:6] [INFO] [Middleware] Enable Cors middleware...
[2023-5-25 17:28:6] [INFO] [Middleware] Enable Http middleware...
[2023-5-25 17:28:6] [INFO] [Middleware] Enable Monitor middleware...
[2023-5-25 17:28:6] [INFO] [Routes] Mounting API Routes...
[2023-5-25 17:28:6] [INFO] [Routes] Mounting User Routes...
[2023-5-25 17:28:6] [INFO] [Routes] Mounting Lobby Routes...
[2023-5-25 17:28:6] [INFO] [Database] Loading...
[2023-5-25 17:28:6] [INFO] [Server] Loading...
[2023-5-25 17:28:6] [INFO] [Middleware] Enable Cors middleware...
[2023-5-25 17:28:6] [INFO] [Middleware] Enable Http middleware...
[2023-5-25 17:28:6] [INFO] [Middleware] Enable Monitor middleware...
[2023-5-25 17:28:6] [INFO] [Routes] Mounting User Routes...
[2023-5-25 17:28:6] [INFO] [Routes] Mounting Lobby Routes...
[2023-5-25 17:28:6] [INFO] [Routes] Mounting API Routes...
[2023-5-25 17:28:6] [INFO] [Database] Loading...
[2023-5-25 17:28:6] [INFO] [Server] Loading...
[2023-5-25 17:28:6] [INFO] [Middleware] Enable Cors middleware...
[2023-5-25 17:28:6] [INFO] [Middleware] Enable Http middleware...
[2023-5-25 17:28:6] [INFO] [Middleware] Enable Monitor middleware...
[2023-5-25 17:28:6] [INFO] [Routes] Mounting API Routes...
[2023-5-25 17:28:6] [INFO] [Routes] Mounting User Routes...
[2023-5-25 17:28:6] [INFO] [Routes] Mounting Lobby Routes...
[2023-5-25 17:28:6] [INFO] [Server] Loading...
[2023-5-25 17:28:6] [INFO] [Database] Loading...
[2023-5-25 17:28:6] [INFO] [Middleware] Enable Cors middleware...
[2023-5-25 17:28:6] [INFO] [Middleware] Enable Http middleware...
[2023-5-25 17:28:6] [INFO] [Middleware] Enable Monitor middleware...
[2023-5-25 17:28:6] [INFO] [Routes] Mounting API Routes...
[2023-5-25 17:28:6] [INFO] [Routes] Mounting User Routes...
[2023-5-25 17:28:6] [INFO] [Routes] Mounting Lobby Routes...
[2023-5-25 17:28:6] [INFO] [Database] Loading...
[2023-5-25 17:28:6] [INFO] [Server] Loading...
[2023-5-25 17:28:6] [INFO] [Middleware] Enable Cors middleware...
[2023-5-25 17:28:6] [INFO] [Middleware] Enable Http middleware...
[2023-5-25 17:28:6] [INFO] [Middleware] Enable Monitor middleware...
[2023-5-25 17:28:6] [INFO] [Routes] Mounting API Routes...
[2023-5-25 17:28:6] [INFO] [Routes] Mounting User Routes...
[2023-5-25 17:28:6] [INFO] [Routes] Mounting Lobby Routes...
[2023-5-25 17:28:6] [INFO] [Database] Loading...
[2023-5-25 17:28:6] [INFO] [Server] Loading...
[2023-5-25 17:28:6] [INFO] [Middleware] Enable Cors middleware...
[2023-5-25 17:28:6] [INFO] [Middleware] Enable Http middleware...
[2023-5-25 17:28:6] [INFO] [Middleware] Enable Monitor middleware...
[2023-5-25 17:28:6] [INFO] [Routes] Mounting API Routes...
[2023-5-25 17:28:6] [INFO] [Routes] Mounting User Routes...
[2023-5-25 17:28:6] [INFO] [Routes] Mounting Lobby Routes...
[2023-5-25 17:28:6] [INFO] [Database] Loading...
[2023-5-25 17:28:6] [INFO] [Server] Loading...
[2023-5-25 17:28:6] [INFO] [Middleware] Enable Http middleware...
[2023-5-25 17:28:6] [INFO] [Middleware] Enable Cors middleware...
[2023-5-25 17:28:6] [INFO] [Routes] Mounting API Routes...
[2023-5-25 17:28:6] [INFO] [Middleware] Enable Monitor middleware...
[2023-5-25 17:28:6] [INFO] [Routes] Mounting User Routes...
[2023-5-25 17:28:6] [INFO] [Routes] Mounting Lobby Routes...
[2023-5-25 17:28:6] [INFO] [Database] Loading...
[2023-5-25 17:28:6] [INFO] [Server] Loading...
[2023-5-25 17:28:5] [INFO] [Database] Connected to Mongo Database at : mongodb+srv://admin:admin@cluster0.jtexi.mongodb.net/tsr
[2023-5-25 17:28:5] [INFO] [Database] Connected to Mongo Database at : mongodb+srv://admin:admin@cluster0.jtexi.mongodb.net/tsr
[2023-5-25 17:28:5] [INFO] [Database] Connected to Mongo Database at : mongodb+srv://admin:admin@cluster0.jtexi.mongodb.net/tsr
[2023-5-25 17:28:5] [INFO] [Database] Connected to Mongo Database at : mongodb+srv://admin:admin@cluster0.jtexi.mongodb.net/tsr
[2023-5-25 17:28:5] [INFO] [Database] Connected to Mongo Database at : mongodb+srv://admin:admin@cluster0.jtexi.mongodb.net/tsr
[2023-5-25 17:28:5] [INFO] [Database] Connected to Mongo Database at : mongodb+srv://admin:admin@cluster0.jtexi.mongodb.net/tsr
[2023-5-25 17:27:58] [INFO] [Socket] Enable Primary WebSocket Server...
[2023-5-25 17:27:58] [INFO] [Middleware] Enable Cors middleware...
[2023-5-25 17:27:58] [INFO] [Middleware] Enable Http middleware...
[2023-5-25 17:27:58] [INFO] [Middleware] Enable Monitor middleware...
[2023-5-25 17:27:58] [INFO] [Routes] Mounting API Routes...
[2023-5-25 17:27:58] [INFO] [Routes] Mounting User Routes...
[2023-5-25 17:27:58] [INFO] [Routes] Mounting Lobby Routes...
[2023-5-25 17:27:58] [INFO] [Queue Monitor] Running @ 'http://127.0.0.1:5550'
[2023-5-25 17:27:58] [INFO] [Configuration] Loading...
[2023-5-25 17:27:58] [WARN] [Error] Warning: Accessing non-existent property 'lineno' of module exports inside circular dependency
    at emitCircularRequireWarning (node:internal/modules/cjs/loader:848:11)
    at Object.get (node:internal/modules/cjs/loader:864:5)
    at Boolean.Node [as constructor] (F:\WebApp\JS\React\tbr\Server\node_modules\.pnpm\stylus@0.54.5\node_modules\stylus\lib\nodes\node.js:42:23)
    at new Boolean (F:\WebApp\JS\React\tbr\Server\node_modules\.pnpm\stylus@0.54.5\node_modules\stylus\lib\nodes\boolean.js:23:8)
    at Object.<anonymous> (F:\WebApp\JS\React\tbr\Server\node_modules\.pnpm\stylus@0.54.5\node_modules\stylus\lib\nodes\index.js:57:16)
    at Module._compile (node:internal/modules/cjs/loader:1275:14)
    at Module._extensions..js (node:internal/modules/cjs/loader:1329:10)
    at Module.load (node:internal/modules/cjs/loader:1133:32)
    at Module._load (node:internal/modules/cjs/loader:972:12)
    at Module.require (node:internal/modules/cjs/loader:1157:19)
    at require (node:internal/modules/helpers:119:18)
    at Object.<anonymous> (F:\WebApp\JS\React\tbr\Server\node_modules\.pnpm\stylus@0.54.5\node_modules\stylus\lib\lexer.js:13:13)
    at Module._compile (node:internal/modules/cjs/loader:1275:14)
    at Module._extensions..js (node:internal/modules/cjs/loader:1329:10)
    at Module.load (node:internal/modules/cjs/loader:1133:32)
    at Module._load (node:internal/modules/cjs/loader:972:12)
[2023-5-25 17:27:58] [WARN] [Error] Warning: Accessing non-existent property 'column' of module exports inside circular dependency
    at emitCircularRequireWarning (node:internal/modules/cjs/loader:848:11)
    at Object.get (node:internal/modules/cjs/loader:864:5)
    at Boolean.Node [as constructor] (F:\WebApp\JS\React\tbr\Server\node_modules\.pnpm\stylus@0.54.5\node_modules\stylus\lib\nodes\node.js:43:23)
    at new Boolean (F:\WebApp\JS\React\tbr\Server\node_modules\.pnpm\stylus@0.54.5\node_modules\stylus\lib\nodes\boolean.js:23:8)
    at Object.<anonymous> (F:\WebApp\JS\React\tbr\Server\node_modules\.pnpm\stylus@0.54.5\node_modules\stylus\lib\nodes\index.js:57:16)
    at Module._compile (node:internal/modules/cjs/loader:1275:14)
    at Module._extensions..js (node:internal/modules/cjs/loader:1329:10)
    at Module.load (node:internal/modules/cjs/loader:1133:32)
    at Module._load (node:internal/modules/cjs/loader:972:12)
    at Module.require (node:internal/modules/cjs/loader:1157:19)
    at require (node:internal/modules/helpers:119:18)
    at Object.<anonymous> (F:\WebApp\JS\React\tbr\Server\node_modules\.pnpm\stylus@0.54.5\node_modules\stylus\lib\lexer.js:13:13)
    at Module._compile (node:internal/modules/cjs/loader:1275:14)
    at Module._extensions..js (node:internal/modules/cjs/loader:1329:10)
    at Module.load (node:internal/modules/cjs/loader:1133:32)
    at Module._load (node:internal/modules/cjs/loader:972:12)
[2023-5-25 17:27:58] [WARN] [Error] Warning: Accessing non-existent property 'lineno' of module exports inside circular dependency
    at emitCircularRequireWarning (node:internal/modules/cjs/loader:848:11)
    at Object.get (node:internal/modules/cjs/loader:864:5)
    at Boolean.Node [as constructor] (F:\WebApp\JS\React\tbr\Server\node_modules\.pnpm\stylus@0.54.5\node_modules\stylus\lib\nodes\node.js:42:23)
    at new Boolean (F:\WebApp\JS\React\tbr\Server\node_modules\.pnpm\stylus@0.54.5\node_modules\stylus\lib\nodes\boolean.js:23:8)
    at Object.<anonymous> (F:\WebApp\JS\React\tbr\Server\node_modules\.pnpm\stylus@0.54.5\node_modules\stylus\lib\nodes\index.js:58:17)
    at Module._compile (node:internal/modules/cjs/loader:1275:14)
    at Module._extensions..js (node:internal/modules/cjs/loader:1329:10)
    at Module.load (node:internal/modules/cjs/loader:1133:32)
    at Module._load (node:internal/modules/cjs/loader:972:12)
    at Module.require (node:internal/modules/cjs/loader:1157:19)
    at require (node:internal/modules/helpers:119:18)
    at Object.<anonymous> (F:\WebApp\JS\React\tbr\Server\node_modules\.pnpm\stylus@0.54.5\node_modules\stylus\lib\lexer.js:13:13)
    at Module._compile (node:internal/modules/cjs/loader:1275:14)
    at Module._extensions..js (node:internal/modules/cjs/loader:1329:10)
    at Module.load (node:internal/modules/cjs/loader:1133:32)
    at Module._load (node:internal/modules/cjs/loader:972:12)
[2023-5-25 17:27:58] [WARN] [Error] Warning: Accessing non-existent property 'filename' of module exports inside circular dependency
    at emitCircularRequireWarning (node:internal/modules/cjs/loader:848:11)
    at Object.get (node:internal/modules/cjs/loader:864:5)
    at Boolean.Node [as constructor] (F:\WebApp\JS\React\tbr\Server\node_modules\.pnpm\stylus@0.54.5\node_modules\stylus\lib\nodes\node.js:44:25)
    at new Boolean (F:\WebApp\JS\React\tbr\Server\node_modules\.pnpm\stylus@0.54.5\node_modules\stylus\lib\nodes\boolean.js:23:8)
    at Object.<anonymous> (F:\WebApp\JS\React\tbr\Server\node_modules\.pnpm\stylus@0.54.5\node_modules\stylus\lib\nodes\index.js:57:16)
    at Module._compile (node:internal/modules/cjs/loader:1275:14)
    at Module._extensions..js (node:internal/modules/cjs/loader:1329:10)
    at Module.load (node:internal/modules/cjs/loader:1133:32)
    at Module._load (node:internal/modules/cjs/loader:972:12)
    at Module.require (node:internal/modules/cjs/loader:1157:19)
    at require (node:internal/modules/helpers:119:18)
    at Object.<anonymous> (F:\WebApp\JS\React\tbr\Server\node_modules\.pnpm\stylus@0.54.5\node_modules\stylus\lib\lexer.js:13:13)
    at Module._compile (node:internal/modules/cjs/loader:1275:14)
    at Module._extensions..js (node:internal/modules/cjs/loader:1329:10)
    at Module.load (node:internal/modules/cjs/loader:1133:32)
    at Module._load (node:internal/modules/cjs/loader:972:12)
[2023-5-25 17:27:58] [WARN] [Error] Warning: Accessing non-existent property 'filename' of module exports inside circular dependency
    at emitCircularRequireWarning (node:internal/modules/cjs/loader:848:11)
    at Object.get (node:internal/modules/cjs/loader:864:5)
    at Boolean.Node [as constructor] (F:\WebApp\JS\React\tbr\Server\node_modules\.pnpm\stylus@0.54.5\node_modules\stylus\lib\nodes\node.js:44:25)
    at new Boolean (F:\WebApp\JS\React\tbr\Server\node_modules\.pnpm\stylus@0.54.5\node_modules\stylus\lib\nodes\boolean.js:23:8)
    at Object.<anonymous> (F:\WebApp\JS\React\tbr\Server\node_modules\.pnpm\stylus@0.54.5\node_modules\stylus\lib\nodes\index.js:58:17)
    at Module._compile (node:internal/modules/cjs/loader:1275:14)
    at Module._extensions..js (node:internal/modules/cjs/loader:1329:10)
    at Module.load (node:internal/modules/cjs/loader:1133:32)
    at Module._load (node:internal/modules/cjs/loader:972:12)
    at Module.require (node:internal/modules/cjs/loader:1157:19)
    at require (node:internal/modules/helpers:119:18)
    at Object.<anonymous> (F:\WebApp\JS\React\tbr\Server\node_modules\.pnpm\stylus@0.54.5\node_modules\stylus\lib\lexer.js:13:13)
    at Module._compile (node:internal/modules/cjs/loader:1275:14)
    at Module._extensions..js (node:internal/modules/cjs/loader:1329:10)
    at Module.load (node:internal/modules/cjs/loader:1133:32)
    at Module._load (node:internal/modules/cjs/loader:972:12)
[2023-5-25 17:27:58] [ERROR] [Error] Error: Connection timeout
    at Socket.<anonymous> (F:\WebApp\JS\React\tbr\Server\node_modules\.pnpm\@redis+client@1.5.6\node_modules\@redis\client\dist\lib\client\socket.js:178:124)
    at Object.onceWrapper (node:events:626:28)
    at Socket.emit (node:events:512:28)
    at Socket._onTimeout (node:net:580:8)
    at listOnTimeout (node:internal/timers:573:17)
    at process.processTimers (node:internal/timers:514:7)
[2023-5-25 17:27:58] [WARN] [Error] Warning: Accessing non-existent property 'column' of module exports inside circular dependency
    at emitCircularRequireWarning (node:internal/modules/cjs/loader:848:11)
    at Object.get (node:internal/modules/cjs/loader:864:5)
    at Boolean.Node [as constructor] (F:\WebApp\JS\React\tbr\Server\node_modules\.pnpm\stylus@0.54.5\node_modules\stylus\lib\nodes\node.js:43:23)
    at new Boolean (F:\WebApp\JS\React\tbr\Server\node_modules\.pnpm\stylus@0.54.5\node_modules\stylus\lib\nodes\boolean.js:23:8)
    at Object.<anonymous> (F:\WebApp\JS\React\tbr\Server\node_modules\.pnpm\stylus@0.54.5\node_modules\stylus\lib\nodes\index.js:58:17)
    at Module._compile (node:internal/modules/cjs/loader:1275:14)
    at Module._extensions..js (node:internal/modules/cjs/loader:1329:10)
    at Module.load (node:internal/modules/cjs/loader:1133:32)
    at Module._load (node:internal/modules/cjs/loader:972:12)
    at Module.require (node:internal/modules/cjs/loader:1157:19)
    at require (node:internal/modules/helpers:119:18)
    at Object.<anonymous> (F:\WebApp\JS\React\tbr\Server\node_modules\.pnpm\stylus@0.54.5\node_modules\stylus\lib\lexer.js:13:13)
    at Module._compile (node:internal/modules/cjs/loader:1275:14)
    at Module._extensions..js (node:internal/modules/cjs/loader:1329:10)
    at Module.load (node:internal/modules/cjs/loader:1133:32)
    at Module._load (node:internal/modules/cjs/loader:972:12)
[2023-5-25 17:27:58] [INFO] [Cluster] PID '28844' forked!
[2023-5-25 17:27:58] [INFO] [Cluster] PID '29100' forked!
[2023-5-25 17:27:58] [INFO] [Cluster] PID '29080' forked!
[2023-5-25 17:27:58] [INFO] [Cluster] PID '28368' forked!
[2023-5-25 17:27:58] [INFO] [Cluster] PID '28504' forked!
[2023-5-25 17:27:58] [INFO] [Cluster] PID '28076' forked!
[2023-5-25 17:27:58] [INFO] [Cluster] PID '29120' forked!
[2023-5-25 17:27:58] [INFO] [Cluster] PID '29216' forked!
[2023-5-25 17:27:58] [INFO] [Cluster] PID '29160' forked!
[2023-5-25 17:27:58] [INFO] [Cluster] PID '29364' forked!
[2023-5-25 17:27:58] [INFO] [Cluster] PID '29480' forked!
[2023-5-25 17:27:58] [INFO] [Cluster] PID '29284' forked!
[2023-5-25 17:27:58] [INFO] [Cluster] PID '29572' forked!
[2023-5-25 17:27:58] [INFO] [Cluster] PID '29436' forked!
[2023-5-25 17:27:58] [INFO] [Cluster] PID '29592' forked!
[2023-5-25 17:27:58] [INFO] [Cluster] PID '29136' forked!
[2023-5-25 17:27:58] [INFO] [Cluster] PID '29596' forked!
[2023-5-25 17:27:58] [INFO] [Cluster] PID '28060' forked!
[2023-5-25 17:27:58] [INFO] [Cluster] PID '5556' forked!
[2023-5-25 17:27:58] [INFO] [Cluster] PID '28748' forked!
[2023-5-25 17:27:58] [INFO] [Cluster] PID '28620' forked!
[2023-5-25 17:27:58] [INFO] [Cluster] PID '27980' forked!
[2023-5-25 17:27:58] [INFO] [Cluster] PID '21380' forked!
[2023-5-25 17:27:58] [INFO] [Cluster] PID '5100' forked!
[2023-5-25 17:27:58] [INFO] [Cluster] PID '22112' forked!
[2023-5-25 17:27:58] [INFO] [Cluster] PID '28800' forked!
[2023-5-25 17:27:58] [INFO] [Cluster] PID '28888' forked!
[2023-5-25 17:27:58] [INFO] [Cluster] PID '28596' forked!
[2023-5-25 17:27:58] [INFO] [Cluster] PID '29820' forked!
[2023-5-25 17:27:58] [INFO] [Cluster] PID '29044' forked!
[2023-5-25 17:27:58] [INFO] [Cluster] PID '29716' forked!
[2023-5-25 17:27:58] [INFO] [Cluster] PID '29768' forked!
[2023-5-25 17:27:58] [INFO] [Cluster] PID '28844' Connected!
[2023-5-25 17:27:58] [INFO] [Cluster] PID '29080' Connected!
[2023-5-25 17:27:58] [INFO] [Cluster] PID '29100' Connected!
[2023-5-25 17:27:58] [INFO] [Cluster] PID '28368' Connected!
[2023-5-25 17:27:58] [INFO] [Cluster] PID '28076' Connected!
[2023-5-25 17:27:58] [INFO] [Cluster] PID '29216' Connected!
[2023-5-25 17:27:58] [INFO] [Cluster] PID '28504' Connected!
[2023-5-25 17:27:58] [INFO] [Cluster] PID '29120' Connected!
[2023-5-25 17:27:58] [INFO] [Cluster] PID '29160' Connected!
[2023-5-25 17:27:58] [INFO] [Cluster] PID '29364' Connected!
[2023-5-25 17:27:58] [INFO] [Cluster] PID '29284' Connected!
[2023-5-25 17:27:58] [INFO] [Cluster] PID '29136' Connected!
[2023-5-25 17:27:58] [INFO] [Cluster] PID '29572' Connected!
[2023-5-25 17:27:58] [INFO] [Cluster] PID '29480' Connected!
[2023-5-25 17:27:58] [INFO] [Cluster] PID '29596' Connected!
[2023-5-25 17:27:58] [INFO] [Cluster] PID '29436' Connected!
[2023-5-25 17:27:58] [INFO] [Cluster] PID '29592' Connected!
[2023-5-25 17:27:58] [INFO] [Cluster] PID '27980' Connected!
[2023-5-25 17:27:58] [INFO] [Cluster] PID '28748' Connected!
[2023-5-25 17:27:58] [INFO] [Cluster] PID '28596' Connected!
[2023-5-25 17:27:58] [INFO] [Cluster] PID '5556' Connected!
[2023-5-25 17:27:58] [INFO] [Cluster] PID '28620' Connected!
[2023-5-25 17:27:58] [INFO] [Cluster] PID '21380' Connected!
[2023-5-25 17:27:58] [INFO] [Cluster] PID '22112' Connected!
[2023-5-25 17:27:58] [INFO] [Cluster] PID '5100' Connected!
[2023-5-25 17:27:58] [INFO] [Cluster] PID '28888' Connected!
[2023-5-25 17:27:58] [INFO] [Cluster] PID '28060' Connected!
[2023-5-25 17:27:58] [INFO] [Cluster] PID '29044' Connected!
[2023-5-25 17:27:58] [INFO] [Cluster] PID '28800' Connected!
[2023-5-25 17:27:58] [INFO] [Cluster] PID '29820' Connected!
[2023-5-25 17:27:58] [INFO] [Cluster] PID '29716' Connected!
[2023-5-25 17:27:58] [INFO] [Cluster] PID '29768' Connected!
[2023-5-25 17:28:5] [INFO] [Database] Connected to Mongo Database at : mongodb+srv://admin:admin@cluster0.jtexi.mongodb.net/tsr
[2023-5-25 17:28:5] [INFO] [Database] Connected to Mongo Database at : mongodb+srv://admin:admin@cluster0.jtexi.mongodb.net/tsr
[2023-5-25 17:28:5] [INFO] [Database] Connected to Mongo Database at : mongodb+srv://admin:admin@cluster0.jtexi.mongodb.net/tsr
[2023-5-25 17:28:5] [INFO] [Database] Connected to Mongo Database at : mongodb+srv://admin:admin@cluster0.jtexi.mongodb.net/tsr
[2023-5-25 17:28:5] [INFO] [Database] Connected to Mongo Database at : mongodb+srv://admin:admin@cluster0.jtexi.mongodb.net/tsr
[2023-5-25 17:28:5] [INFO] [Database] Connected to Mongo Database at : mongodb+srv://admin:admin@cluster0.jtexi.mongodb.net/tsr
[2023-5-25 17:28:5] [INFO] [Database] Connected to Mongo Database at : mongodb+srv://admin:admin@cluster0.jtexi.mongodb.net/tsr
[2023-5-25 17:28:5] [INFO] [Database] Connected to Mongo Database at : mongodb+srv://admin:admin@cluster0.jtexi.mongodb.net/tsr
[2023-5-25 17:28:5] [INFO] [Database] Connected to Mongo Database at : mongodb+srv://admin:admin@cluster0.jtexi.mongodb.net/tsr
[2023-5-25 17:28:6] [INFO] [Database] Connected to Mongo Database at : mongodb+srv://admin:admin@cluster0.jtexi.mongodb.net/tsr
[2023-5-25 17:28:5] [INFO] [Database] Connected to Mongo Database at : mongodb+srv://admin:admin@cluster0.jtexi.mongodb.net/tsr
[2023-5-25 17:28:5] [INFO] [Database] Connected to Mongo Database at : mongodb+srv://admin:admin@cluster0.jtexi.mongodb.net/tsr
[2023-5-25 17:28:6] [INFO] [Database] Connected to Mongo Database at : mongodb+srv://admin:admin@cluster0.jtexi.mongodb.net/tsr
[2023-5-25 17:28:6] [INFO] [Database] Connected to Mongo Database at : mongodb+srv://admin:admin@cluster0.jtexi.mongodb.net/tsr
[2023-5-25 17:28:6] [INFO] [Database] Connected to Mongo Database at : mongodb+srv://admin:admin@cluster0.jtexi.mongodb.net/tsr
[2023-5-25 17:28:5] [INFO] [Database] Connected to Mongo Database at : mongodb+srv://admin:admin@cluster0.jtexi.mongodb.net/tsr
[2023-5-25 17:28:5] [INFO] [Database] Connected to Mongo Database at : mongodb+srv://admin:admin@cluster0.jtexi.mongodb.net/tsr
[2023-5-25 17:28:6] [INFO] [Database] Connected to Mongo Database at : mongodb+srv://admin:admin@cluster0.jtexi.mongodb.net/tsr
[2023-5-25 17:28:6] [INFO] [Database] Connected to Mongo Database at : mongodb+srv://admin:admin@cluster0.jtexi.mongodb.net/tsr
[2023-5-25 17:28:5] [INFO] [Database] Connected to Mongo Database at : mongodb+srv://admin:admin@cluster0.jtexi.mongodb.net/tsr
[2023-5-25 17:28:6] [INFO] [Database] Connected to Mongo Database at : mongodb+srv://admin:admin@cluster0.jtexi.mongodb.net/tsr
[2023-5-25 17:28:6] [INFO] [Database] Connected to Mongo Database at : mongodb+srv://admin:admin@cluster0.jtexi.mongodb.net/tsr
[2023-5-25 17:28:6] [INFO] [Database] Connected to Mongo Database at : mongodb+srv://admin:admin@cluster0.jtexi.mongodb.net/tsr
[2023-5-25 17:28:6] [INFO] [Database] Connected to Mongo Database at : mongodb+srv://admin:admin@cluster0.jtexi.mongodb.net/tsr
[2023-5-25 17:28:6] [INFO] [Database] Connected to Mongo Database at : mongodb+srv://admin:admin@cluster0.jtexi.mongodb.net/tsr
[2023-5-25 17:28:6] [INFO] [Database] Connected to Mongo Database at : mongodb+srv://admin:admin@cluster0.jtexi.mongodb.net/tsr
[2023-5-25 17:27:58] [INFO] [Cluster] PID '29768' Disconnected!
[2023-5-25 17:27:58] [INFO] [Cluster] PID '29768' is Dead with Code '1, and signal: 'null'
[2023-5-25 17:27:58] [INFO] [Cluster] PID '30956' forked!
[2023-5-25 17:28:27] [INFO] [Middleware] Enable Cors middleware...
[2023-5-25 17:28:27] [INFO] [Middleware] Enable Http middleware...
[2023-5-25 17:28:27] [INFO] [Middleware] Enable Monitor middleware...
[2023-5-25 17:28:27] [INFO] [Routes] Mounting API Routes...
[2023-5-25 17:28:27] [INFO] [Routes] Mounting Lobby Routes...
[2023-5-25 17:28:27] [INFO] [Routes] Mounting User Routes...
[2023-5-25 17:28:27] [INFO] [Server] Loading...
[2023-5-25 17:28:27] [INFO] [Database] Loading...
[2023-5-25 17:27:58] [INFO] [Cluster] PID '30956' Connected!
[2023-5-25 17:28:27] [INFO] [Database] Connected to Mongo Database at : mongodb+srv://admin:admin@cluster0.jtexi.mongodb.net/tsr
[2023-5-25 17:27:58] [INFO] Opening socket server for HMKC
[2023-5-25 17:27:58] [INFO] HMKC: 033794530: Join
[2023-5-25 17:27:58] [INFO] Created socket for Lobby HMKC
[2023-5-25 17:27:58] [INFO] Broadcasting user's message
[2023-5-25 17:27:58] [INFO] Using socket for Lobby HMKC
[2023-5-25 17:27:58] [INFO] HMKC: : Join
[2023-5-25 17:27:58] [INFO] Broadcasting user's message
[2023-5-25 17:27:58] [INFO] Using socket for Lobby HMKC
[2023-5-25 17:27:58] [INFO] HMKC: 831047094: Join
[2023-5-25 17:27:58] [INFO] Broadcasting user's message
[2023-5-25 17:27:58] [INFO] Using socket for Lobby HMKC
[2023-5-25 17:27:58] [INFO] Broadcasting user's message
[2023-5-25 17:27:58] [INFO] HMKC: 680376134: Join
[2023-5-25 17:27:58] [INFO] [Worker] Loading...
[2023-5-25 17:27:58] [INFO] HMKC: : Join
[2023-5-25 17:27:58] [INFO] Using socket for Lobby HMKC
[2023-5-25 17:27:58] [INFO] Broadcasting user's message
[2023-5-25 17:27:58] [INFO] [Cluster] PID '30956' Disconnected!
[2023-5-25 17:27:58] [INFO] [Cluster] PID '30956' is Dead with Code '1, and signal: 'null'
[2023-5-25 17:27:58] [INFO] [Cluster] PID '29820' Disconnected!
[2023-5-25 17:27:58] [INFO] [Cluster] PID '29820' is Dead with Code '1, and signal: 'null'
[2023-5-25 17:27:58] [INFO] [Cluster] PID '28372' forked!
[2023-5-25 17:27:58] [INFO] [Cluster] PID '23468' forked!
[2023-5-25 17:29:28] [INFO] [Middleware] Enable Cors middleware...
[2023-5-25 17:29:28] [INFO] [Middleware] Enable Http middleware...
[2023-5-25 17:29:28] [INFO] [Middleware] Enable Monitor middleware...
[2023-5-25 17:29:28] [INFO] [Routes] Mounting API Routes...
[2023-5-25 17:29:28] [INFO] [Routes] Mounting User Routes...
[2023-5-25 17:29:28] [INFO] [Routes] Mounting Lobby Routes...
[2023-5-25 17:29:28] [INFO] [Server] Loading...
[2023-5-25 17:29:28] [INFO] [Database] Loading...
[2023-5-25 17:27:58] [INFO] [Cluster] PID '28372' Connected!
[2023-5-25 17:29:28] [INFO] [Middleware] Enable Cors middleware...
[2023-5-25 17:29:28] [INFO] [Middleware] Enable Http middleware...
[2023-5-25 17:29:28] [INFO] [Middleware] Enable Monitor middleware...
[2023-5-25 17:29:28] [INFO] [Routes] Mounting API Routes...
[2023-5-25 17:29:28] [INFO] [Routes] Mounting User Routes...
[2023-5-25 17:29:28] [INFO] [Routes] Mounting Lobby Routes...
[2023-5-25 17:29:28] [INFO] [Database] Loading...
[2023-5-25 17:29:28] [INFO] [Server] Loading...
[2023-5-25 17:27:58] [INFO] [Cluster] PID '23468' Connected!
[2023-5-25 17:29:28] [INFO] [Database] Connected to Mongo Database at : mongodb+srv://admin:admin@cluster0.jtexi.mongodb.net/tsr
[2023-5-25 17:29:28] [INFO] [Database] Connected to Mongo Database at : mongodb+srv://admin:admin@cluster0.jtexi.mongodb.net/tsr
[2023-5-25 17:27:58] [INFO] Using socket for Lobby HMKC
[2023-5-25 17:27:58] [INFO] HMKC: : Join
[2023-5-25 17:27:58] [INFO] Broadcasting user's message
[2023-5-25 17:27:58] [INFO] [Cluster] PID '29716' Disconnected!
[2023-5-25 17:27:58] [INFO] [Cluster] PID '29716' is Dead with Code '1, and signal: 'null'
[2023-5-25 17:27:58] [INFO] [Cluster] PID '23468' Disconnected!
[2023-5-25 17:27:58] [INFO] [Cluster] PID '23468' is Dead with Code '1, and signal: 'null'
[2023-5-25 17:27:58] [INFO] [Cluster] PID '26776' forked!
[2023-5-25 17:27:58] [INFO] [Cluster] PID '29972' forked!
[2023-5-25 17:29:33] [INFO] [Middleware] Enable Cors middleware...
[2023-5-25 17:29:33] [INFO] [Middleware] Enable Http middleware...
[2023-5-25 17:29:33] [INFO] [Middleware] Enable Monitor middleware...
[2023-5-25 17:29:33] [INFO] [Routes] Mounting API Routes...
[2023-5-25 17:29:33] [INFO] [Routes] Mounting User Routes...
[2023-5-25 17:29:33] [INFO] [Routes] Mounting Lobby Routes...
[2023-5-25 17:29:33] [INFO] [Database] Loading...
[2023-5-25 17:29:33] [INFO] [Server] Loading...
[2023-5-25 17:27:58] [INFO] [Cluster] PID '26776' Connected!
[2023-5-25 17:29:33] [INFO] [Middleware] Enable Cors middleware...
[2023-5-25 17:29:33] [INFO] [Middleware] Enable Http middleware...
[2023-5-25 17:29:33] [INFO] [Middleware] Enable Monitor middleware...
[2023-5-25 17:29:33] [INFO] [Routes] Mounting API Routes...
[2023-5-25 17:29:33] [INFO] [Routes] Mounting User Routes...
[2023-5-25 17:29:33] [INFO] [Routes] Mounting Lobby Routes...
[2023-5-25 17:29:33] [INFO] [Database] Loading...
[2023-5-25 17:29:33] [INFO] [Server] Loading...
[2023-5-25 17:27:58] [INFO] [Cluster] PID '29972' Connected!
[2023-5-25 17:29:33] [INFO] [Database] Connected to Mongo Database at : mongodb+srv://admin:admin@cluster0.jtexi.mongodb.net/tsr
[2023-5-25 17:29:33] [INFO] [Database] Connected to Mongo Database at : mongodb+srv://admin:admin@cluster0.jtexi.mongodb.net/tsr
