[2023-12-11 16:14:43] [INFO] [Middleware] Enable Cors middleware...
[2023-12-11 16:14:43] [INFO] [Middleware] Enable Http middleware...
[2023-12-11 16:14:43] [INFO] [Middleware] Enable Monitor middleware...
[2023-12-11 16:14:43] [INFO] [Routes] Mounting API Routes...
[2023-12-11 16:14:43] [INFO] [Routes] Mounting User Routes...
[2023-12-11 16:14:43] [INFO] [Routes] Mounting Lobby Routes...
[2023-12-11 16:14:43] [INFO] [Database] Loading...
[2023-12-11 16:14:43] [INFO] [Server] Loading...
[2023-12-11 16:14:43] [INFO] [Middleware] Enable Cors middleware...
[2023-12-11 16:14:43] [INFO] [Middleware] Enable Http middleware...
[2023-12-11 16:14:43] [INFO] [Middleware] Enable Monitor middleware...
[2023-12-11 16:14:43] [INFO] [Routes] Mounting API Routes...
[2023-12-11 16:14:43] [INFO] [Database] Loading...
[2023-12-11 16:14:43] [INFO] [Routes] Mounting User Routes...
[2023-12-11 16:14:43] [INFO] [Routes] Mounting Lobby Routes...
[2023-12-11 16:14:43] [INFO] [Server] Loading...
[2023-12-11 16:14:43] [INFO] [Middleware] Enable Cors middleware...
[2023-12-11 16:14:43] [INFO] [Middleware] Enable Http middleware...
[2023-12-11 16:14:43] [INFO] [Middleware] Enable Monitor middleware...
[2023-12-11 16:14:43] [INFO] [Routes] Mounting API Routes...
[2023-12-11 16:14:43] [INFO] [Routes] Mounting User Routes...
[2023-12-11 16:14:43] [INFO] [Routes] Mounting Lobby Routes...
[2023-12-11 16:14:43] [INFO] [Database] Loading...
[2023-12-11 16:14:43] [INFO] [Server] Loading...
[2023-12-11 16:14:43] [INFO] [Middleware] Enable Cors middleware...
[2023-12-11 16:14:43] [INFO] [Middleware] Enable Http middleware...
[2023-12-11 16:14:43] [INFO] [Middleware] Enable Monitor middleware...
[2023-12-11 16:14:43] [INFO] [Routes] Mounting API Routes...
[2023-12-11 16:14:43] [INFO] [Routes] Mounting User Routes...
[2023-12-11 16:14:43] [INFO] [Server] Loading...
[2023-12-11 16:14:43] [INFO] [Database] Loading...
[2023-12-11 16:14:43] [INFO] [Routes] Mounting Lobby Routes...
[2023-12-11 16:14:43] [INFO] [Middleware] Enable Cors middleware...
[2023-12-11 16:14:43] [INFO] [Middleware] Enable Http middleware...
[2023-12-11 16:14:43] [INFO] [Middleware] Enable Monitor middleware...
[2023-12-11 16:14:43] [INFO] [Routes] Mounting API Routes...
[2023-12-11 16:14:43] [INFO] [Routes] Mounting User Routes...
[2023-12-11 16:14:43] [INFO] [Routes] Mounting Lobby Routes...
[2023-12-11 16:14:43] [INFO] [Database] Loading...
[2023-12-11 16:14:43] [INFO] [Server] Loading...
[2023-12-11 16:14:43] [INFO] [Middleware] Enable Cors middleware...
[2023-12-11 16:14:43] [INFO] [Middleware] Enable Http middleware...
[2023-12-11 16:14:43] [INFO] [Middleware] Enable Monitor middleware...
[2023-12-11 16:14:43] [INFO] [Routes] Mounting API Routes...
[2023-12-11 16:14:43] [INFO] [Routes] Mounting User Routes...
[2023-12-11 16:14:43] [INFO] [Routes] Mounting Lobby Routes...
[2023-12-11 16:14:43] [INFO] [Database] Loading...
[2023-12-11 16:14:43] [INFO] [Server] Loading...
[2023-12-11 16:14:43] [INFO] [Middleware] Enable Cors middleware...
[2023-12-11 16:14:43] [INFO] [Middleware] Enable Monitor middleware...
[2023-12-11 16:14:43] [INFO] [Routes] Mounting User Routes...
[2023-12-11 16:14:43] [INFO] [Middleware] Enable Http middleware...
[2023-12-11 16:14:43] [INFO] [Routes] Mounting Lobby Routes...
[2023-12-11 16:14:43] [INFO] [Routes] Mounting API Routes...
[2023-12-11 16:14:43] [INFO] [Database] Loading...
[2023-12-11 16:14:43] [INFO] [Server] Loading...
[2023-12-11 16:14:43] [INFO] [Middleware] Enable Cors middleware...
[2023-12-11 16:14:43] [INFO] [Middleware] Enable Http middleware...
[2023-12-11 16:14:43] [INFO] [Middleware] Enable Monitor middleware...
[2023-12-11 16:14:43] [INFO] [Routes] Mounting API Routes...
[2023-12-11 16:14:43] [INFO] [Routes] Mounting User Routes...
[2023-12-11 16:14:43] [INFO] [Routes] Mounting Lobby Routes...
[2023-12-11 16:14:43] [INFO] [Database] Loading...
[2023-12-11 16:14:43] [INFO] [Server] Loading...
[2023-12-11 16:14:43] [INFO] [Middleware] Enable Cors middleware...
[2023-12-11 16:14:43] [INFO] [Middleware] Enable Monitor middleware...
[2023-12-11 16:14:43] [INFO] [Middleware] Enable Http middleware...
[2023-12-11 16:14:43] [INFO] [Routes] Mounting API Routes...
[2023-12-11 16:14:43] [INFO] [Database] Loading...
[2023-12-11 16:14:43] [INFO] [Routes] Mounting User Routes...
[2023-12-11 16:14:43] [INFO] [Routes] Mounting Lobby Routes...
[2023-12-11 16:14:43] [INFO] [Server] Loading...
[2023-12-11 16:14:43] [INFO] [Middleware] Enable Cors middleware...
[2023-12-11 16:14:43] [INFO] [Middleware] Enable Http middleware...
[2023-12-11 16:14:43] [INFO] [Middleware] Enable Monitor middleware...
[2023-12-11 16:14:43] [INFO] [Routes] Mounting API Routes...
[2023-12-11 16:14:43] [INFO] [Routes] Mounting User Routes...
[2023-12-11 16:14:43] [INFO] [Routes] Mounting Lobby Routes...
[2023-12-11 16:14:43] [INFO] [Database] Loading...
[2023-12-11 16:14:43] [INFO] [Server] Loading...
[2023-12-11 16:14:43] [INFO] [Middleware] Enable Http middleware...
[2023-12-11 16:14:43] [INFO] [Middleware] Enable Monitor middleware...
[2023-12-11 16:14:43] [INFO] [Routes] Mounting API Routes...
[2023-12-11 16:14:43] [INFO] [Routes] Mounting User Routes...
[2023-12-11 16:14:43] [INFO] [Routes] Mounting Lobby Routes...
[2023-12-11 16:14:43] [INFO] [Database] Loading...
[2023-12-11 16:14:43] [INFO] [Server] Loading...
[2023-12-11 16:14:43] [INFO] [Middleware] Enable Cors middleware...
[2023-12-11 16:14:43] [INFO] [Middleware] Enable Cors middleware...
[2023-12-11 16:14:43] [INFO] [Middleware] Enable Http middleware...
[2023-12-11 16:14:43] [INFO] [Middleware] Enable Monitor middleware...
[2023-12-11 16:14:43] [INFO] [Routes] Mounting API Routes...
[2023-12-11 16:14:43] [INFO] [Routes] Mounting User Routes...
[2023-12-11 16:14:43] [INFO] [Routes] Mounting Lobby Routes...
[2023-12-11 16:14:43] [INFO] [Database] Loading...
[2023-12-11 16:14:43] [INFO] [Server] Loading...
[2023-12-11 16:14:43] [INFO] [Middleware] Enable Cors middleware...
[2023-12-11 16:14:43] [INFO] [Middleware] Enable Http middleware...
[2023-12-11 16:14:43] [INFO] [Middleware] Enable Monitor middleware...
[2023-12-11 16:14:43] [INFO] [Routes] Mounting API Routes...
[2023-12-11 16:14:43] [INFO] [Routes] Mounting User Routes...
[2023-12-11 16:14:43] [INFO] [Routes] Mounting Lobby Routes...
[2023-12-11 16:14:43] [INFO] [Database] Loading...
[2023-12-11 16:14:43] [INFO] [Server] Loading...
[2023-12-11 16:14:43] [INFO] [Middleware] Enable Cors middleware...
[2023-12-11 16:14:43] [INFO] [Middleware] Enable Http middleware...
[2023-12-11 16:14:43] [INFO] [Middleware] Enable Monitor middleware...
[2023-12-11 16:14:43] [INFO] [Routes] Mounting API Routes...
[2023-12-11 16:14:43] [INFO] [Routes] Mounting User Routes...
[2023-12-11 16:14:43] [INFO] [Routes] Mounting Lobby Routes...
[2023-12-11 16:14:43] [INFO] [Database] Loading...
[2023-12-11 16:14:43] [INFO] [Server] Loading...
[2023-12-11 16:14:43] [INFO] [Middleware] Enable Cors middleware...
[2023-12-11 16:14:43] [INFO] [Middleware] Enable Http middleware...
[2023-12-11 16:14:43] [INFO] [Middleware] Enable Monitor middleware...
[2023-12-11 16:14:43] [INFO] [Routes] Mounting API Routes...
[2023-12-11 16:14:43] [INFO] [Routes] Mounting User Routes...
[2023-12-11 16:14:43] [INFO] [Routes] Mounting Lobby Routes...
[2023-12-11 16:14:43] [INFO] [Database] Loading...
[2023-12-11 16:14:43] [INFO] [Server] Loading...
[2023-12-11 16:14:43] [INFO] [Middleware] Enable Cors middleware...
[2023-12-11 16:14:43] [INFO] [Middleware] Enable Http middleware...
[2023-12-11 16:14:43] [INFO] [Middleware] Enable Monitor middleware...
[2023-12-11 16:14:43] [INFO] [Routes] Mounting API Routes...
[2023-12-11 16:14:43] [INFO] [Routes] Mounting User Routes...
[2023-12-11 16:14:43] [INFO] [Routes] Mounting Lobby Routes...
[2023-12-11 16:14:43] [INFO] [Database] Loading...
[2023-12-11 16:14:43] [INFO] [Server] Loading...
[2023-12-11 16:14:43] [INFO] [Middleware] Enable Http middleware...
[2023-12-11 16:14:43] [INFO] [Middleware] Enable Monitor middleware...
[2023-12-11 16:14:43] [INFO] [Routes] Mounting API Routes...
[2023-12-11 16:14:43] [INFO] [Middleware] Enable Cors middleware...
[2023-12-11 16:14:43] [INFO] [Routes] Mounting User Routes...
[2023-12-11 16:14:43] [INFO] [Routes] Mounting Lobby Routes...
[2023-12-11 16:14:43] [INFO] [Database] Loading...
[2023-12-11 16:14:43] [INFO] [Server] Loading...
[2023-12-11 16:14:43] [INFO] [Middleware] Enable Http middleware...
[2023-12-11 16:14:43] [INFO] [Middleware] Enable Monitor middleware...
[2023-12-11 16:14:43] [INFO] [Routes] Mounting API Routes...
[2023-12-11 16:14:43] [INFO] [Middleware] Enable Cors middleware...
[2023-12-11 16:14:43] [INFO] [Routes] Mounting User Routes...
[2023-12-11 16:14:43] [INFO] [Routes] Mounting Lobby Routes...
[2023-12-11 16:14:43] [INFO] [Database] Loading...
[2023-12-11 16:14:43] [INFO] [Server] Loading...
[2023-12-11 16:14:43] [INFO] [Middleware] Enable Cors middleware...
[2023-12-11 16:14:43] [INFO] [Middleware] Enable Http middleware...
[2023-12-11 16:14:43] [INFO] [Middleware] Enable Monitor middleware...
[2023-12-11 16:14:43] [INFO] [Routes] Mounting API Routes...
[2023-12-11 16:14:43] [INFO] [Routes] Mounting User Routes...
[2023-12-11 16:14:43] [INFO] [Routes] Mounting Lobby Routes...
[2023-12-11 16:14:43] [INFO] [Database] Loading...
[2023-12-11 16:14:43] [INFO] [Server] Loading...
[2023-12-11 16:14:43] [INFO] [Middleware] Enable Cors middleware...
[2023-12-11 16:14:43] [INFO] [Middleware] Enable Http middleware...
[2023-12-11 16:14:43] [INFO] [Middleware] Enable Monitor middleware...
[2023-12-11 16:14:43] [INFO] [Routes] Mounting API Routes...
[2023-12-11 16:14:43] [INFO] [Routes] Mounting Lobby Routes...
[2023-12-11 16:14:43] [INFO] [Database] Loading...
[2023-12-11 16:14:43] [INFO] [Server] Loading...
[2023-12-11 16:14:43] [INFO] [Routes] Mounting User Routes...
[2023-12-11 16:14:43] [INFO] [Middleware] Enable Cors middleware...
[2023-12-11 16:14:43] [INFO] [Middleware] Enable Http middleware...
[2023-12-11 16:14:43] [INFO] [Middleware] Enable Monitor middleware...
[2023-12-11 16:14:43] [INFO] [Routes] Mounting API Routes...
[2023-12-11 16:14:43] [INFO] [Routes] Mounting User Routes...
[2023-12-11 16:14:43] [INFO] [Routes] Mounting Lobby Routes...
[2023-12-11 16:14:43] [INFO] [Database] Loading...
[2023-12-11 16:14:43] [INFO] [Server] Loading...
[2023-12-11 16:14:43] [INFO] [Middleware] Enable Cors middleware...
[2023-12-11 16:14:43] [INFO] [Middleware] Enable Http middleware...
[2023-12-11 16:14:43] [INFO] [Routes] Mounting API Routes...
[2023-12-11 16:14:43] [INFO] [Middleware] Enable Monitor middleware...
[2023-12-11 16:14:43] [INFO] [Routes] Mounting User Routes...
[2023-12-11 16:14:43] [INFO] [Routes] Mounting Lobby Routes...
[2023-12-11 16:14:43] [INFO] [Database] Loading...
[2023-12-11 16:14:43] [INFO] [Server] Loading...
[2023-12-11 16:14:43] [INFO] [Middleware] Enable Cors middleware...
[2023-12-11 16:14:43] [INFO] [Middleware] Enable Http middleware...
[2023-12-11 16:14:43] [INFO] [Middleware] Enable Monitor middleware...
[2023-12-11 16:14:43] [INFO] [Routes] Mounting API Routes...
[2023-12-11 16:14:43] [INFO] [Routes] Mounting User Routes...
[2023-12-11 16:14:43] [INFO] [Routes] Mounting Lobby Routes...
[2023-12-11 16:14:43] [INFO] [Server] Loading...
[2023-12-11 16:14:43] [INFO] [Database] Loading...
[2023-12-11 16:14:43] [INFO] [Database] Connected to Mongo Database at : mongodb+srv://admin:root@cluster0.jtexi.mongodb.net/tsr
[2023-12-11 16:14:43] [INFO] [Middleware] Enable Cors middleware...
[2023-12-11 16:14:43] [INFO] [Middleware] Enable Http middleware...
[2023-12-11 16:14:43] [INFO] [Middleware] Enable Monitor middleware...
[2023-12-11 16:14:43] [INFO] [Routes] Mounting API Routes...
[2023-12-11 16:14:43] [INFO] [Routes] Mounting User Routes...
[2023-12-11 16:14:43] [INFO] [Routes] Mounting Lobby Routes...
[2023-12-11 16:14:43] [INFO] [Database] Loading...
[2023-12-11 16:14:43] [INFO] [Server] Loading...
[2023-12-11 16:14:43] [INFO] [Middleware] Enable Cors middleware...
[2023-12-11 16:14:43] [INFO] [Middleware] Enable Http middleware...
[2023-12-11 16:14:43] [INFO] [Middleware] Enable Monitor middleware...
[2023-12-11 16:14:43] [INFO] [Routes] Mounting API Routes...
[2023-12-11 16:14:43] [INFO] [Routes] Mounting User Routes...
[2023-12-11 16:14:43] [INFO] [Routes] Mounting Lobby Routes...
[2023-12-11 16:14:43] [INFO] [Server] Loading...
[2023-12-11 16:14:43] [INFO] [Database] Loading...
[2023-12-11 16:14:43] [INFO] [Middleware] Enable Cors middleware...
[2023-12-11 16:14:43] [INFO] [Middleware] Enable Http middleware...
[2023-12-11 16:14:43] [INFO] [Middleware] Enable Monitor middleware...
[2023-12-11 16:14:43] [INFO] [Routes] Mounting API Routes...
[2023-12-11 16:14:43] [INFO] [Routes] Mounting User Routes...
[2023-12-11 16:14:43] [INFO] [Routes] Mounting Lobby Routes...
[2023-12-11 16:14:43] [INFO] [Database] Loading...
[2023-12-11 16:14:43] [INFO] [Server] Loading...
[2023-12-11 16:14:43] [INFO] [Middleware] Enable Cors middleware...
[2023-12-11 16:14:43] [INFO] [Middleware] Enable Http middleware...
[2023-12-11 16:14:43] [INFO] [Middleware] Enable Monitor middleware...
[2023-12-11 16:14:43] [INFO] [Routes] Mounting API Routes...
[2023-12-11 16:14:43] [INFO] [Routes] Mounting User Routes...
[2023-12-11 16:14:43] [INFO] [Routes] Mounting Lobby Routes...
[2023-12-11 16:14:43] [INFO] [Database] Loading...
[2023-12-11 16:14:43] [INFO] [Server] Loading...
[2023-12-11 16:14:44] [INFO] [Middleware] Enable Cors middleware...
[2023-12-11 16:14:44] [INFO] [Middleware] Enable Http middleware...
[2023-12-11 16:14:44] [INFO] [Middleware] Enable Monitor middleware...
[2023-12-11 16:14:44] [INFO] [Routes] Mounting API Routes...
[2023-12-11 16:14:44] [INFO] [Routes] Mounting User Routes...
[2023-12-11 16:14:44] [INFO] [Routes] Mounting Lobby Routes...
[2023-12-11 16:14:44] [INFO] [Database] Loading...
[2023-12-11 16:14:44] [INFO] [Server] Loading...
[2023-12-11 16:14:44] [INFO] [Middleware] Enable Cors middleware...
[2023-12-11 16:14:44] [INFO] [Middleware] Enable Http middleware...
[2023-12-11 16:14:44] [INFO] [Middleware] Enable Monitor middleware...
[2023-12-11 16:14:44] [INFO] [Routes] Mounting API Routes...
[2023-12-11 16:14:44] [INFO] [Routes] Mounting User Routes...
[2023-12-11 16:14:44] [INFO] [Database] Loading...
[2023-12-11 16:14:44] [INFO] [Routes] Mounting Lobby Routes...
[2023-12-11 16:14:44] [INFO] [Server] Loading...
[2023-12-11 16:14:44] [INFO] [Middleware] Enable Cors middleware...
[2023-12-11 16:14:44] [INFO] [Middleware] Enable Http middleware...
[2023-12-11 16:14:44] [INFO] [Middleware] Enable Monitor middleware...
[2023-12-11 16:14:44] [INFO] [Routes] Mounting API Routes...
[2023-12-11 16:14:44] [INFO] [Routes] Mounting User Routes...
[2023-12-11 16:14:44] [INFO] [Routes] Mounting Lobby Routes...
[2023-12-11 16:14:44] [INFO] [Database] Loading...
[2023-12-11 16:14:44] [INFO] [Server] Loading...
[2023-12-11 16:14:43] [INFO] [Database] Connected to Mongo Database at : mongodb+srv://admin:root@cluster0.jtexi.mongodb.net/tsr
[2023-12-11 16:14:44] [INFO] [Middleware] Enable Cors middleware...
[2023-12-11 16:14:44] [INFO] [Middleware] Enable Http middleware...
[2023-12-11 16:14:44] [INFO] [Middleware] Enable Monitor middleware...
[2023-12-11 16:14:44] [INFO] [Routes] Mounting API Routes...
[2023-12-11 16:14:44] [INFO] [Middleware] Enable Cors middleware...
[2023-12-11 16:14:44] [INFO] [Middleware] Enable Http middleware...
[2023-12-11 16:14:44] [INFO] [Middleware] Enable Monitor middleware...
[2023-12-11 16:14:44] [INFO] [Routes] Mounting API Routes...
[2023-12-11 16:14:44] [INFO] [Routes] Mounting User Routes...
[2023-12-11 16:14:44] [INFO] [Routes] Mounting Lobby Routes...
[2023-12-11 16:14:44] [INFO] [Database] Loading...
[2023-12-11 16:14:44] [INFO] [Server] Loading...
[2023-12-11 16:14:44] [INFO] [Routes] Mounting User Routes...
[2023-12-11 16:14:44] [INFO] [Routes] Mounting Lobby Routes...
[2023-12-11 16:14:44] [INFO] [Database] Loading...
[2023-12-11 16:14:44] [INFO] [Server] Loading...
[2023-12-11 16:14:43] [INFO] [Database] Connected to Mongo Database at : mongodb+srv://admin:root@cluster0.jtexi.mongodb.net/tsr
[2023-12-11 16:14:43] [INFO] [Database] Connected to Mongo Database at : mongodb+srv://admin:root@cluster0.jtexi.mongodb.net/tsr
[2023-12-11 16:14:43] [INFO] [Database] Connected to Mongo Database at : mongodb+srv://admin:root@cluster0.jtexi.mongodb.net/tsr
[2023-12-11 16:14:43] [INFO] [Database] Connected to Mongo Database at : mongodb+srv://admin:root@cluster0.jtexi.mongodb.net/tsr
[2023-12-11 16:14:43] [INFO] [Database] Connected to Mongo Database at : mongodb+srv://admin:root@cluster0.jtexi.mongodb.net/tsr
[2023-12-11 16:14:43] [INFO] [Database] Connected to Mongo Database at : mongodb+srv://admin:root@cluster0.jtexi.mongodb.net/tsr
[2023-12-11 16:14:43] [INFO] [Database] Connected to Mongo Database at : mongodb+srv://admin:root@cluster0.jtexi.mongodb.net/tsr
[2023-12-11 16:14:43] [INFO] [Database] Connected to Mongo Database at : mongodb+srv://admin:root@cluster0.jtexi.mongodb.net/tsr
[2023-12-11 16:14:43] [INFO] [Database] Connected to Mongo Database at : mongodb+srv://admin:root@cluster0.jtexi.mongodb.net/tsr
[2023-12-11 16:14:43] [INFO] [Database] Connected to Mongo Database at : mongodb+srv://admin:root@cluster0.jtexi.mongodb.net/tsr
[2023-12-11 16:14:43] [INFO] [Database] Connected to Mongo Database at : mongodb+srv://admin:root@cluster0.jtexi.mongodb.net/tsr
[2023-12-11 16:14:43] [INFO] [Database] Connected to Mongo Database at : mongodb+srv://admin:root@cluster0.jtexi.mongodb.net/tsr
[2023-12-11 16:14:43] [INFO] [Database] Connected to Mongo Database at : mongodb+srv://admin:root@cluster0.jtexi.mongodb.net/tsr
[2023-12-11 16:14:43] [INFO] [Database] Connected to Mongo Database at : mongodb+srv://admin:root@cluster0.jtexi.mongodb.net/tsr
[2023-12-11 16:14:43] [INFO] [Database] Connected to Mongo Database at : mongodb+srv://admin:root@cluster0.jtexi.mongodb.net/tsr
[2023-12-11 16:14:43] [INFO] [Database] Connected to Mongo Database at : mongodb+srv://admin:root@cluster0.jtexi.mongodb.net/tsr
[2023-12-11 16:14:44] [INFO] [Database] Connected to Mongo Database at : mongodb+srv://admin:root@cluster0.jtexi.mongodb.net/tsr
[2023-12-11 16:14:43] [INFO] [Database] Connected to Mongo Database at : mongodb+srv://admin:root@cluster0.jtexi.mongodb.net/tsr
[2023-12-11 16:14:44] [INFO] [Database] Connected to Mongo Database at : mongodb+srv://admin:root@cluster0.jtexi.mongodb.net/tsr
[2023-12-11 16:14:43] [INFO] [Database] Connected to Mongo Database at : mongodb+srv://admin:root@cluster0.jtexi.mongodb.net/tsr
[2023-12-11 16:14:43] [INFO] [Database] Connected to Mongo Database at : mongodb+srv://admin:root@cluster0.jtexi.mongodb.net/tsr
[2023-12-11 16:14:44] [INFO] [Database] Connected to Mongo Database at : mongodb+srv://admin:root@cluster0.jtexi.mongodb.net/tsr
[2023-12-11 16:14:43] [INFO] [Database] Connected to Mongo Database at : mongodb+srv://admin:root@cluster0.jtexi.mongodb.net/tsr
[2023-12-11 16:14:44] [INFO] [Database] Connected to Mongo Database at : mongodb+srv://admin:root@cluster0.jtexi.mongodb.net/tsr
[2023-12-11 16:14:44] [INFO] [Database] Connected to Mongo Database at : mongodb+srv://admin:root@cluster0.jtexi.mongodb.net/tsr
[2023-12-11 16:14:43] [INFO] [Database] Connected to Mongo Database at : mongodb+srv://admin:root@cluster0.jtexi.mongodb.net/tsr
[2023-12-11 16:14:43] [INFO] [Database] Connected to Mongo Database at : mongodb+srv://admin:root@cluster0.jtexi.mongodb.net/tsr
[2023-12-11 16:14:43] [INFO] [Database] Connected to Mongo Database at : mongodb+srv://admin:root@cluster0.jtexi.mongodb.net/tsr
[2023-12-11 16:14:43] [INFO] [Database] Connected to Mongo Database at : mongodb+srv://admin:root@cluster0.jtexi.mongodb.net/tsr
[2023-12-11 16:14:43] [INFO] [Database] Connected to Mongo Database at : mongodb+srv://admin:root@cluster0.jtexi.mongodb.net/tsr
[2023-12-11 16:14:33] [INFO] [Websocket] Enable Primary WebSocket Server...
[2023-12-11 16:14:33] [INFO] [Middleware] Enable Cors middleware...
[2023-12-11 16:14:33] [INFO] [Middleware] Enable Http middleware...
[2023-12-11 16:14:33] [INFO] [Middleware] Enable Monitor middleware...
[2023-12-11 16:14:33] [INFO] [Routes] Mounting API Routes...
[2023-12-11 16:14:33] [INFO] [Routes] Mounting User Routes...
[2023-12-11 16:14:33] [INFO] [Routes] Mounting Lobby Routes...
[2023-12-11 16:14:33] [INFO] [Configuration] Loading...
[2023-12-11 16:14:33] [INFO] [Queue Monitor] Running @ 'http://127.0.0.1:5550'
[2023-12-11 16:14:33] [WARN] [Error] Warning: Accessing non-existent property 'lineno' of module exports inside circular dependency
    at emitCircularRequireWarning (node:internal/modules/cjs/loader:848:11)
    at Object.get (node:internal/modules/cjs/loader:864:5)
    at Boolean.Node [as constructor] (F:\WebApp\JS\React\tbr\Server\node_modules\.pnpm\stylus@0.54.5\node_modules\stylus\lib\nodes\node.js:42:23)
    at new Boolean (F:\WebApp\JS\React\tbr\Server\node_modules\.pnpm\stylus@0.54.5\node_modules\stylus\lib\nodes\boolean.js:23:8)
    at Object.<anonymous> (F:\WebApp\JS\React\tbr\Server\node_modules\.pnpm\stylus@0.54.5\node_modules\stylus\lib\nodes\index.js:57:16)
    at Module._compile (node:internal/modules/cjs/loader:1275:14)
    at Module._extensions..js (node:internal/modules/cjs/loader:1329:10)
    at Module.load (node:internal/modules/cjs/loader:1133:32)
    at Module._load (node:internal/modules/cjs/loader:972:12)
    at Module.require (node:internal/modules/cjs/loader:1157:19)
    at require (node:internal/modules/helpers:119:18)
    at Object.<anonymous> (F:\WebApp\JS\React\tbr\Server\node_modules\.pnpm\stylus@0.54.5\node_modules\stylus\lib\lexer.js:13:13)
    at Module._compile (node:internal/modules/cjs/loader:1275:14)
    at Module._extensions..js (node:internal/modules/cjs/loader:1329:10)
    at Module.load (node:internal/modules/cjs/loader:1133:32)
    at Module._load (node:internal/modules/cjs/loader:972:12)
[2023-12-11 16:14:33] [WARN] [Error] Warning: Accessing non-existent property 'column' of module exports inside circular dependency
    at emitCircularRequireWarning (node:internal/modules/cjs/loader:848:11)
    at Object.get (node:internal/modules/cjs/loader:864:5)
    at Boolean.Node [as constructor] (F:\WebApp\JS\React\tbr\Server\node_modules\.pnpm\stylus@0.54.5\node_modules\stylus\lib\nodes\node.js:43:23)
    at new Boolean (F:\WebApp\JS\React\tbr\Server\node_modules\.pnpm\stylus@0.54.5\node_modules\stylus\lib\nodes\boolean.js:23:8)
    at Object.<anonymous> (F:\WebApp\JS\React\tbr\Server\node_modules\.pnpm\stylus@0.54.5\node_modules\stylus\lib\nodes\index.js:57:16)
    at Module._compile (node:internal/modules/cjs/loader:1275:14)
    at Module._extensions..js (node:internal/modules/cjs/loader:1329:10)
    at Module.load (node:internal/modules/cjs/loader:1133:32)
    at Module._load (node:internal/modules/cjs/loader:972:12)
    at Module.require (node:internal/modules/cjs/loader:1157:19)
    at require (node:internal/modules/helpers:119:18)
    at Object.<anonymous> (F:\WebApp\JS\React\tbr\Server\node_modules\.pnpm\stylus@0.54.5\node_modules\stylus\lib\lexer.js:13:13)
    at Module._compile (node:internal/modules/cjs/loader:1275:14)
    at Module._extensions..js (node:internal/modules/cjs/loader:1329:10)
    at Module.load (node:internal/modules/cjs/loader:1133:32)
    at Module._load (node:internal/modules/cjs/loader:972:12)
[2023-12-11 16:14:33] [WARN] [Error] Warning: Accessing non-existent property 'filename' of module exports inside circular dependency
    at emitCircularRequireWarning (node:internal/modules/cjs/loader:848:11)
    at Object.get (node:internal/modules/cjs/loader:864:5)
    at Boolean.Node [as constructor] (F:\WebApp\JS\React\tbr\Server\node_modules\.pnpm\stylus@0.54.5\node_modules\stylus\lib\nodes\node.js:44:25)
    at new Boolean (F:\WebApp\JS\React\tbr\Server\node_modules\.pnpm\stylus@0.54.5\node_modules\stylus\lib\nodes\boolean.js:23:8)
    at Object.<anonymous> (F:\WebApp\JS\React\tbr\Server\node_modules\.pnpm\stylus@0.54.5\node_modules\stylus\lib\nodes\index.js:57:16)
    at Module._compile (node:internal/modules/cjs/loader:1275:14)
    at Module._extensions..js (node:internal/modules/cjs/loader:1329:10)
    at Module.load (node:internal/modules/cjs/loader:1133:32)
    at Module._load (node:internal/modules/cjs/loader:972:12)
    at Module.require (node:internal/modules/cjs/loader:1157:19)
    at require (node:internal/modules/helpers:119:18)
    at Object.<anonymous> (F:\WebApp\JS\React\tbr\Server\node_modules\.pnpm\stylus@0.54.5\node_modules\stylus\lib\lexer.js:13:13)
    at Module._compile (node:internal/modules/cjs/loader:1275:14)
    at Module._extensions..js (node:internal/modules/cjs/loader:1329:10)
    at Module.load (node:internal/modules/cjs/loader:1133:32)
    at Module._load (node:internal/modules/cjs/loader:972:12)
[2023-12-11 16:14:33] [WARN] [Error] Warning: Accessing non-existent property 'filename' of module exports inside circular dependency
    at emitCircularRequireWarning (node:internal/modules/cjs/loader:848:11)
    at Object.get (node:internal/modules/cjs/loader:864:5)
    at Boolean.Node [as constructor] (F:\WebApp\JS\React\tbr\Server\node_modules\.pnpm\stylus@0.54.5\node_modules\stylus\lib\nodes\node.js:44:25)
    at new Boolean (F:\WebApp\JS\React\tbr\Server\node_modules\.pnpm\stylus@0.54.5\node_modules\stylus\lib\nodes\boolean.js:23:8)
    at Object.<anonymous> (F:\WebApp\JS\React\tbr\Server\node_modules\.pnpm\stylus@0.54.5\node_modules\stylus\lib\nodes\index.js:58:17)
    at Module._compile (node:internal/modules/cjs/loader:1275:14)
    at Module._extensions..js (node:internal/modules/cjs/loader:1329:10)
    at Module.load (node:internal/modules/cjs/loader:1133:32)
    at Module._load (node:internal/modules/cjs/loader:972:12)
    at Module.require (node:internal/modules/cjs/loader:1157:19)
    at require (node:internal/modules/helpers:119:18)
    at Object.<anonymous> (F:\WebApp\JS\React\tbr\Server\node_modules\.pnpm\stylus@0.54.5\node_modules\stylus\lib\lexer.js:13:13)
    at Module._compile (node:internal/modules/cjs/loader:1275:14)
    at Module._extensions..js (node:internal/modules/cjs/loader:1329:10)
    at Module.load (node:internal/modules/cjs/loader:1133:32)
    at Module._load (node:internal/modules/cjs/loader:972:12)
[2023-12-11 16:14:33] [WARN] [Error] Warning: Accessing non-existent property 'column' of module exports inside circular dependency
    at emitCircularRequireWarning (node:internal/modules/cjs/loader:848:11)
    at Object.get (node:internal/modules/cjs/loader:864:5)
    at Boolean.Node [as constructor] (F:\WebApp\JS\React\tbr\Server\node_modules\.pnpm\stylus@0.54.5\node_modules\stylus\lib\nodes\node.js:43:23)
    at new Boolean (F:\WebApp\JS\React\tbr\Server\node_modules\.pnpm\stylus@0.54.5\node_modules\stylus\lib\nodes\boolean.js:23:8)
    at Object.<anonymous> (F:\WebApp\JS\React\tbr\Server\node_modules\.pnpm\stylus@0.54.5\node_modules\stylus\lib\nodes\index.js:58:17)
    at Module._compile (node:internal/modules/cjs/loader:1275:14)
    at Module._extensions..js (node:internal/modules/cjs/loader:1329:10)
    at Module.load (node:internal/modules/cjs/loader:1133:32)
    at Module._load (node:internal/modules/cjs/loader:972:12)
    at Module.require (node:internal/modules/cjs/loader:1157:19)
    at require (node:internal/modules/helpers:119:18)
    at Object.<anonymous> (F:\WebApp\JS\React\tbr\Server\node_modules\.pnpm\stylus@0.54.5\node_modules\stylus\lib\lexer.js:13:13)
    at Module._compile (node:internal/modules/cjs/loader:1275:14)
    at Module._extensions..js (node:internal/modules/cjs/loader:1329:10)
    at Module.load (node:internal/modules/cjs/loader:1133:32)
    at Module._load (node:internal/modules/cjs/loader:972:12)
[2023-12-11 16:14:33] [WARN] [Error] Warning: Accessing non-existent property 'lineno' of module exports inside circular dependency
    at emitCircularRequireWarning (node:internal/modules/cjs/loader:848:11)
    at Object.get (node:internal/modules/cjs/loader:864:5)
    at Boolean.Node [as constructor] (F:\WebApp\JS\React\tbr\Server\node_modules\.pnpm\stylus@0.54.5\node_modules\stylus\lib\nodes\node.js:42:23)
    at new Boolean (F:\WebApp\JS\React\tbr\Server\node_modules\.pnpm\stylus@0.54.5\node_modules\stylus\lib\nodes\boolean.js:23:8)
    at Object.<anonymous> (F:\WebApp\JS\React\tbr\Server\node_modules\.pnpm\stylus@0.54.5\node_modules\stylus\lib\nodes\index.js:58:17)
    at Module._compile (node:internal/modules/cjs/loader:1275:14)
    at Module._extensions..js (node:internal/modules/cjs/loader:1329:10)
    at Module.load (node:internal/modules/cjs/loader:1133:32)
    at Module._load (node:internal/modules/cjs/loader:972:12)
    at Module.require (node:internal/modules/cjs/loader:1157:19)
    at require (node:internal/modules/helpers:119:18)
    at Object.<anonymous> (F:\WebApp\JS\React\tbr\Server\node_modules\.pnpm\stylus@0.54.5\node_modules\stylus\lib\lexer.js:13:13)
    at Module._compile (node:internal/modules/cjs/loader:1275:14)
    at Module._extensions..js (node:internal/modules/cjs/loader:1329:10)
    at Module.load (node:internal/modules/cjs/loader:1133:32)
    at Module._load (node:internal/modules/cjs/loader:972:12)
[2023-12-11 16:14:33] [ERROR] [Error] Error: Connection timeout
    at Socket.<anonymous> (F:\WebApp\JS\React\tbr\Server\node_modules\.pnpm\@redis+client@1.5.6\node_modules\@redis\client\dist\lib\client\socket.js:178:124)
    at Object.onceWrapper (node:events:626:28)
    at Socket.emit (node:events:512:28)
    at Socket._onTimeout (node:net:580:8)
    at listOnTimeout (node:internal/timers:573:17)
    at process.processTimers (node:internal/timers:514:7)
[2023-12-11 16:14:33] [INFO] [Cluster] PID '32112' forked!
[2023-12-11 16:14:33] [INFO] [Cluster] PID '29052' forked!
[2023-12-11 16:14:33] [INFO] [Cluster] PID '24968' forked!
[2023-12-11 16:14:33] [INFO] [Cluster] PID '32184' forked!
[2023-12-11 16:14:33] [INFO] [Cluster] PID '32304' forked!
[2023-12-11 16:14:33] [INFO] [Cluster] PID '32248' forked!
[2023-12-11 16:14:33] [INFO] [Cluster] PID '6756' forked!
[2023-12-11 16:14:33] [INFO] [Cluster] PID '32220' forked!
[2023-12-11 16:14:33] [INFO] [Cluster] PID '16652' forked!
[2023-12-11 16:14:33] [INFO] [Cluster] PID '31100' forked!
[2023-12-11 16:14:33] [INFO] [Cluster] PID '19376' forked!
[2023-12-11 16:14:33] [INFO] [Cluster] PID '27236' forked!
[2023-12-11 16:14:33] [INFO] [Cluster] PID '21064' forked!
[2023-12-11 16:14:33] [INFO] [Cluster] PID '30996' forked!
[2023-12-11 16:14:33] [INFO] [Cluster] PID '31536' forked!
[2023-12-11 16:14:33] [INFO] [Cluster] PID '7800' forked!
[2023-12-11 16:14:33] [INFO] [Cluster] PID '32444' forked!
[2023-12-11 16:14:33] [INFO] [Cluster] PID '21016' forked!
[2023-12-11 16:14:33] [INFO] [Cluster] PID '31520' forked!
[2023-12-11 16:14:33] [INFO] [Cluster] PID '28044' forked!
[2023-12-11 16:14:33] [INFO] [Cluster] PID '20968' forked!
[2023-12-11 16:14:33] [INFO] [Cluster] PID '29564' forked!
[2023-12-11 16:14:33] [INFO] [Cluster] PID '30924' forked!
[2023-12-11 16:14:33] [INFO] [Cluster] PID '32588' forked!
[2023-12-11 16:14:33] [INFO] [Cluster] PID '292' forked!
[2023-12-11 16:14:33] [INFO] [Cluster] PID '15152' forked!
[2023-12-11 16:14:33] [INFO] [Cluster] PID '29584' forked!
[2023-12-11 16:14:33] [INFO] [Cluster] PID '29700' forked!
[2023-12-11 16:14:33] [INFO] [Cluster] PID '32568' forked!
[2023-12-11 16:14:33] [INFO] [Cluster] PID '16324' forked!
[2023-12-11 16:14:33] [INFO] [Cluster] PID '15568' forked!
[2023-12-11 16:14:33] [INFO] [Cluster] PID '30352' forked!
[2023-12-11 16:14:33] [INFO] [Cluster] PID '32112' Connected!
[2023-12-11 16:14:33] [INFO] [Cluster] PID '29052' Connected!
[2023-12-11 16:14:33] [INFO] [Cluster] PID '24968' Connected!
[2023-12-11 16:14:33] [INFO] [Cluster] PID '32304' Connected!
[2023-12-11 16:14:33] [INFO] [Cluster] PID '32248' Connected!
[2023-12-11 16:14:33] [INFO] [Cluster] PID '32184' Connected!
[2023-12-11 16:14:33] [INFO] [Cluster] PID '32220' Connected!
[2023-12-11 16:14:33] [INFO] [Cluster] PID '19376' Connected!
[2023-12-11 16:14:33] [INFO] [Cluster] PID '16652' Connected!
[2023-12-11 16:14:33] [INFO] [Cluster] PID '6756' Connected!
[2023-12-11 16:14:33] [INFO] [Cluster] PID '27236' Connected!
[2023-12-11 16:14:33] [INFO] [Cluster] PID '30996' Connected!
[2023-12-11 16:14:33] [INFO] [Cluster] PID '31100' Connected!
[2023-12-11 16:14:33] [INFO] [Cluster] PID '21064' Connected!
[2023-12-11 16:14:33] [INFO] [Cluster] PID '7800' Connected!
[2023-12-11 16:14:33] [INFO] [Cluster] PID '31536' Connected!
[2023-12-11 16:14:33] [INFO] [Cluster] PID '32444' Connected!
[2023-12-11 16:14:33] [INFO] [Cluster] PID '28044' Connected!
[2023-12-11 16:14:33] [INFO] [Cluster] PID '20968' Connected!
[2023-12-11 16:14:33] [INFO] [Cluster] PID '31520' Connected!
[2023-12-11 16:14:33] [INFO] [Cluster] PID '21016' Connected!
[2023-12-11 16:14:33] [INFO] [Cluster] PID '30924' Connected!
[2023-12-11 16:14:33] [INFO] [Cluster] PID '15152' Connected!
[2023-12-11 16:14:33] [INFO] [Cluster] PID '292' Connected!
[2023-12-11 16:14:33] [INFO] [Cluster] PID '32588' Connected!
[2023-12-11 16:14:33] [INFO] [Cluster] PID '29584' Connected!
[2023-12-11 16:14:33] [INFO] [Cluster] PID '29564' Connected!
[2023-12-11 16:14:33] [INFO] [Cluster] PID '32568' Connected!
[2023-12-11 16:14:33] [INFO] [Cluster] PID '29700' Connected!
[2023-12-11 16:14:33] [INFO] [Cluster] PID '15568' Connected!
[2023-12-11 16:14:33] [INFO] [Cluster] PID '16324' Connected!
[2023-12-11 16:14:33] [INFO] [Cluster] PID '30352' Connected!
[2023-12-11 16:14:33] [INFO] [Worker] Loading...
