[2023-4-23 2:41:8] [INFO] [Middleware] Enable Cors middleware...
[2023-4-23 2:41:8] [INFO] [Middleware] Enable Http middleware...
[2023-4-23 2:41:8] [INFO] [Routes] Mounting API Routes...
[2023-4-23 2:41:8] [INFO] [Middleware] Enable Monitor middleware...
[2023-4-23 2:41:8] [INFO] [Routes] Mounting Lobby Routes...
[2023-4-23 2:41:8] [INFO] [Routes] Mounting User Routes...
[2023-4-23 2:41:8] [INFO] [Database] Loading...
[2023-4-23 2:41:8] [INFO] [Server] Loading...
[2023-4-23 2:41:8] [INFO] [Middleware] Enable Cors middleware...
[2023-4-23 2:41:8] [INFO] [Middleware] Enable Http middleware...
[2023-4-23 2:41:8] [INFO] [Middleware] Enable Monitor middleware...
[2023-4-23 2:41:8] [INFO] [Routes] Mounting API Routes...
[2023-4-23 2:41:8] [INFO] [Routes] Mounting Lobby Routes...
[2023-4-23 2:41:8] [INFO] [Database] Loading...
[2023-4-23 2:41:8] [INFO] [Routes] Mounting User Routes...
[2023-4-23 2:41:8] [INFO] [Server] Loading...
[2023-4-23 2:41:8] [INFO] [Middleware] Enable Cors middleware...
[2023-4-23 2:41:8] [INFO] [Middleware] Enable Http middleware...
[2023-4-23 2:41:8] [INFO] [Middleware] Enable Monitor middleware...
[2023-4-23 2:41:8] [INFO] [Routes] Mounting API Routes...
[2023-4-23 2:41:8] [INFO] [Routes] Mounting User Routes...
[2023-4-23 2:41:8] [INFO] [Routes] Mounting Lobby Routes...
[2023-4-23 2:41:8] [INFO] [Database] Loading...
[2023-4-23 2:41:8] [INFO] [Server] Loading...
[2023-4-23 2:41:8] [INFO] [Middleware] Enable Cors middleware...
[2023-4-23 2:41:8] [INFO] [Middleware] Enable Http middleware...
[2023-4-23 2:41:8] [INFO] [Middleware] Enable Monitor middleware...
[2023-4-23 2:41:8] [INFO] [Routes] Mounting API Routes...
[2023-4-23 2:41:8] [INFO] [Routes] Mounting User Routes...
[2023-4-23 2:41:8] [INFO] [Routes] Mounting Lobby Routes...
[2023-4-23 2:41:8] [INFO] [Database] Loading...
[2023-4-23 2:41:8] [INFO] [Server] Loading...
[2023-4-23 2:41:8] [INFO] [Middleware] Enable Cors middleware...
[2023-4-23 2:41:8] [INFO] [Middleware] Enable Http middleware...
[2023-4-23 2:41:8] [INFO] [Middleware] Enable Monitor middleware...
[2023-4-23 2:41:8] [INFO] [Routes] Mounting API Routes...
[2023-4-23 2:41:8] [INFO] [Routes] Mounting User Routes...
[2023-4-23 2:41:8] [INFO] [Routes] Mounting Lobby Routes...
[2023-4-23 2:41:8] [INFO] [Database] Loading...
[2023-4-23 2:41:8] [INFO] [Server] Loading...
[2023-4-23 2:41:8] [INFO] [Middleware] Enable Cors middleware...
[2023-4-23 2:41:8] [INFO] [Middleware] Enable Http middleware...
[2023-4-23 2:41:8] [INFO] [Middleware] Enable Monitor middleware...
[2023-4-23 2:41:8] [INFO] [Routes] Mounting API Routes...
[2023-4-23 2:41:8] [INFO] [Routes] Mounting User Routes...
[2023-4-23 2:41:8] [INFO] [Routes] Mounting Lobby Routes...
[2023-4-23 2:41:8] [INFO] [Database] Loading...
[2023-4-23 2:41:8] [INFO] [Server] Loading...
[2023-4-23 2:41:8] [INFO] [Middleware] Enable Cors middleware...
[2023-4-23 2:41:8] [INFO] [Middleware] Enable Monitor middleware...
[2023-4-23 2:41:8] [INFO] [Middleware] Enable Http middleware...
[2023-4-23 2:41:8] [INFO] [Routes] Mounting API Routes...
[2023-4-23 2:41:8] [INFO] [Routes] Mounting Lobby Routes...
[2023-4-23 2:41:8] [INFO] [Database] Loading...
[2023-4-23 2:41:8] [INFO] [Routes] Mounting User Routes...
[2023-4-23 2:41:8] [INFO] [Server] Loading...
[2023-4-23 2:41:8] [INFO] [Middleware] Enable Cors middleware...
[2023-4-23 2:41:8] [INFO] [Middleware] Enable Http middleware...
[2023-4-23 2:41:8] [INFO] [Middleware] Enable Monitor middleware...
[2023-4-23 2:41:8] [INFO] [Routes] Mounting API Routes...
[2023-4-23 2:41:8] [INFO] [Routes] Mounting User Routes...
[2023-4-23 2:41:8] [INFO] [Routes] Mounting Lobby Routes...
[2023-4-23 2:41:8] [INFO] [Database] Loading...
[2023-4-23 2:41:8] [INFO] [Server] Loading...
[2023-4-23 2:41:8] [INFO] [Middleware] Enable Cors middleware...
[2023-4-23 2:41:8] [INFO] [Middleware] Enable Http middleware...
[2023-4-23 2:41:8] [INFO] [Middleware] Enable Monitor middleware...
[2023-4-23 2:41:8] [INFO] [Routes] Mounting API Routes...
[2023-4-23 2:41:8] [INFO] [Routes] Mounting User Routes...
[2023-4-23 2:41:8] [INFO] [Routes] Mounting Lobby Routes...
[2023-4-23 2:41:8] [INFO] [Database] Loading...
[2023-4-23 2:41:8] [INFO] [Server] Loading...
[2023-4-23 2:41:8] [INFO] [Middleware] Enable Cors middleware...
[2023-4-23 2:41:8] [INFO] [Middleware] Enable Monitor middleware...
[2023-4-23 2:41:8] [INFO] [Middleware] Enable Http middleware...
[2023-4-23 2:41:8] [INFO] [Middleware] Enable Monitor middleware...
[2023-4-23 2:41:8] [INFO] [Routes] Mounting API Routes...
[2023-4-23 2:41:8] [INFO] [Middleware] Enable Http middleware...
[2023-4-23 2:41:8] [INFO] [Middleware] Enable Cors middleware...
[2023-4-23 2:41:8] [INFO] [Database] Loading...
[2023-4-23 2:41:8] [INFO] [Routes] Mounting Lobby Routes...
[2023-4-23 2:41:8] [INFO] [Database] Loading...
[2023-4-23 2:41:8] [INFO] [Routes] Mounting Lobby Routes...
[2023-4-23 2:41:8] [INFO] [Routes] Mounting API Routes...
[2023-4-23 2:41:8] [INFO] [Routes] Mounting User Routes...
[2023-4-23 2:41:8] [INFO] [Server] Loading...
[2023-4-23 2:41:8] [INFO] [Routes] Mounting User Routes...
[2023-4-23 2:41:8] [INFO] [Server] Loading...
[2023-4-23 2:41:8] [INFO] [Middleware] Enable Cors middleware...
[2023-4-23 2:41:8] [INFO] [Middleware] Enable Http middleware...
[2023-4-23 2:41:8] [INFO] [Middleware] Enable Monitor middleware...
[2023-4-23 2:41:8] [INFO] [Routes] Mounting API Routes...
[2023-4-23 2:41:8] [INFO] [Routes] Mounting User Routes...
[2023-4-23 2:41:8] [INFO] [Routes] Mounting Lobby Routes...
[2023-4-23 2:41:8] [INFO] [Database] Loading...
[2023-4-23 2:41:8] [INFO] [Server] Loading...
[2023-4-23 2:41:8] [INFO] [Middleware] Enable Cors middleware...
[2023-4-23 2:41:8] [INFO] [Middleware] Enable Http middleware...
[2023-4-23 2:41:8] [INFO] [Middleware] Enable Monitor middleware...
[2023-4-23 2:41:8] [INFO] [Routes] Mounting API Routes...
[2023-4-23 2:41:8] [INFO] [Routes] Mounting User Routes...
[2023-4-23 2:41:8] [INFO] [Routes] Mounting Lobby Routes...
[2023-4-23 2:41:8] [INFO] [Database] Loading...
[2023-4-23 2:41:8] [INFO] [Server] Loading...
[2023-4-23 2:41:8] [INFO] [Middleware] Enable Cors middleware...
[2023-4-23 2:41:8] [INFO] [Middleware] Enable Http middleware...
[2023-4-23 2:41:8] [INFO] [Middleware] Enable Monitor middleware...
[2023-4-23 2:41:8] [INFO] [Routes] Mounting API Routes...
[2023-4-23 2:41:8] [INFO] [Routes] Mounting User Routes...
[2023-4-23 2:41:8] [INFO] [Database] Loading...
[2023-4-23 2:41:8] [INFO] [Server] Loading...
[2023-4-23 2:41:8] [INFO] [Routes] Mounting Lobby Routes...
[2023-4-23 2:41:8] [INFO] [Middleware] Enable Cors middleware...
[2023-4-23 2:41:8] [INFO] [Middleware] Enable Http middleware...
[2023-4-23 2:41:8] [INFO] [Middleware] Enable Monitor middleware...
[2023-4-23 2:41:8] [INFO] [Routes] Mounting API Routes...
[2023-4-23 2:41:8] [INFO] [Routes] Mounting User Routes...
[2023-4-23 2:41:8] [INFO] [Routes] Mounting Lobby Routes...
[2023-4-23 2:41:8] [INFO] [Database] Loading...
[2023-4-23 2:41:8] [INFO] [Server] Loading...
[2023-4-23 2:41:8] [INFO] [Middleware] Enable Cors middleware...
[2023-4-23 2:41:8] [INFO] [Middleware] Enable Http middleware...
[2023-4-23 2:41:8] [INFO] [Middleware] Enable Monitor middleware...
[2023-4-23 2:41:8] [INFO] [Routes] Mounting API Routes...
[2023-4-23 2:41:8] [INFO] [Routes] Mounting User Routes...
[2023-4-23 2:41:8] [INFO] [Routes] Mounting Lobby Routes...
[2023-4-23 2:41:8] [INFO] [Server] Loading...
[2023-4-23 2:41:8] [INFO] [Database] Loading...
[2023-4-23 2:41:8] [INFO] [Middleware] Enable Cors middleware...
[2023-4-23 2:41:8] [INFO] [Middleware] Enable Http middleware...
[2023-4-23 2:41:8] [INFO] [Middleware] Enable Monitor middleware...
[2023-4-23 2:41:8] [INFO] [Routes] Mounting API Routes...
[2023-4-23 2:41:8] [INFO] [Routes] Mounting User Routes...
[2023-4-23 2:41:8] [INFO] [Routes] Mounting Lobby Routes...
[2023-4-23 2:41:8] [INFO] [Database] Loading...
[2023-4-23 2:41:8] [INFO] [Server] Loading...
[2023-4-23 2:41:8] [INFO] [Middleware] Enable Http middleware...
[2023-4-23 2:41:8] [INFO] [Middleware] Enable Cors middleware...
[2023-4-23 2:41:8] [INFO] [Middleware] Enable Monitor middleware...
[2023-4-23 2:41:8] [INFO] [Routes] Mounting API Routes...
[2023-4-23 2:41:8] [INFO] [Routes] Mounting User Routes...
[2023-4-23 2:41:8] [INFO] [Routes] Mounting Lobby Routes...
[2023-4-23 2:41:8] [INFO] [Database] Loading...
[2023-4-23 2:41:8] [INFO] [Server] Loading...
[2023-4-23 2:41:8] [INFO] [Middleware] Enable Cors middleware...
[2023-4-23 2:41:8] [INFO] [Middleware] Enable Http middleware...
[2023-4-23 2:41:8] [INFO] [Middleware] Enable Monitor middleware...
[2023-4-23 2:41:8] [INFO] [Routes] Mounting API Routes...
[2023-4-23 2:41:8] [INFO] [Routes] Mounting User Routes...
[2023-4-23 2:41:8] [INFO] [Routes] Mounting Lobby Routes...
[2023-4-23 2:41:8] [INFO] [Database] Loading...
[2023-4-23 2:41:8] [INFO] [Server] Loading...
[2023-4-23 2:41:8] [INFO] [Middleware] Enable Cors middleware...
[2023-4-23 2:41:8] [INFO] [Middleware] Enable Http middleware...
[2023-4-23 2:41:8] [INFO] [Middleware] Enable Monitor middleware...
[2023-4-23 2:41:8] [INFO] [Routes] Mounting API Routes...
[2023-4-23 2:41:8] [INFO] [Routes] Mounting User Routes...
[2023-4-23 2:41:8] [INFO] [Routes] Mounting Lobby Routes...
[2023-4-23 2:41:8] [INFO] [Database] Loading...
[2023-4-23 2:41:8] [INFO] [Server] Loading...
[2023-4-23 2:41:8] [INFO] [Middleware] Enable Cors middleware...
[2023-4-23 2:41:8] [INFO] [Middleware] Enable Http middleware...
[2023-4-23 2:41:8] [INFO] [Middleware] Enable Monitor middleware...
[2023-4-23 2:41:8] [INFO] [Routes] Mounting API Routes...
[2023-4-23 2:41:8] [INFO] [Routes] Mounting User Routes...
[2023-4-23 2:41:8] [INFO] [Routes] Mounting Lobby Routes...
[2023-4-23 2:41:8] [INFO] [Database] Loading...
[2023-4-23 2:41:8] [INFO] [Server] Loading...
[2023-4-23 2:41:8] [INFO] [Middleware] Enable Cors middleware...
[2023-4-23 2:41:8] [INFO] [Middleware] Enable Http middleware...
[2023-4-23 2:41:8] [INFO] [Middleware] Enable Monitor middleware...
[2023-4-23 2:41:8] [INFO] [Routes] Mounting API Routes...
[2023-4-23 2:41:8] [INFO] [Routes] Mounting User Routes...
[2023-4-23 2:41:8] [INFO] [Routes] Mounting Lobby Routes...
[2023-4-23 2:41:8] [INFO] [Database] Loading...
[2023-4-23 2:41:8] [INFO] [Server] Loading...
[2023-4-23 2:41:8] [INFO] [Middleware] Enable Cors middleware...
[2023-4-23 2:41:8] [INFO] [Middleware] Enable Http middleware...
[2023-4-23 2:41:8] [INFO] [Middleware] Enable Monitor middleware...
[2023-4-23 2:41:8] [INFO] [Routes] Mounting API Routes...
[2023-4-23 2:41:8] [INFO] [Routes] Mounting User Routes...
[2023-4-23 2:41:8] [INFO] [Routes] Mounting Lobby Routes...
[2023-4-23 2:41:8] [INFO] [Database] Loading...
[2023-4-23 2:41:8] [INFO] [Server] Loading...
[2023-4-23 2:41:8] [INFO] [Middleware] Enable Cors middleware...
[2023-4-23 2:41:8] [INFO] [Middleware] Enable Http middleware...
[2023-4-23 2:41:8] [INFO] [Middleware] Enable Monitor middleware...
[2023-4-23 2:41:8] [INFO] [Routes] Mounting API Routes...
[2023-4-23 2:41:8] [INFO] [Routes] Mounting User Routes...
[2023-4-23 2:41:8] [INFO] [Routes] Mounting Lobby Routes...
[2023-4-23 2:41:8] [INFO] [Database] Loading...
[2023-4-23 2:41:8] [INFO] [Server] Loading...
[2023-4-23 2:41:8] [INFO] [Middleware] Enable Http middleware...
[2023-4-23 2:41:8] [INFO] [Middleware] Enable Cors middleware...
[2023-4-23 2:41:8] [INFO] [Middleware] Enable Monitor middleware...
[2023-4-23 2:41:8] [INFO] [Routes] Mounting Lobby Routes...
[2023-4-23 2:41:8] [INFO] [Routes] Mounting User Routes...
[2023-4-23 2:41:8] [INFO] [Routes] Mounting API Routes...
[2023-4-23 2:41:8] [INFO] [Database] Loading...
[2023-4-23 2:41:8] [INFO] [Server] Loading...
[2023-4-23 2:41:8] [INFO] [Middleware] Enable Cors middleware...
[2023-4-23 2:41:8] [INFO] [Middleware] Enable Http middleware...
[2023-4-23 2:41:8] [INFO] [Middleware] Enable Monitor middleware...
[2023-4-23 2:41:8] [INFO] [Routes] Mounting API Routes...
[2023-4-23 2:41:8] [INFO] [Routes] Mounting User Routes...
[2023-4-23 2:41:8] [INFO] [Routes] Mounting Lobby Routes...
[2023-4-23 2:41:8] [INFO] [Database] Loading...
[2023-4-23 2:41:8] [INFO] [Server] Loading...
[2023-4-23 2:41:8] [INFO] [Middleware] Enable Cors middleware...
[2023-4-23 2:41:8] [INFO] [Middleware] Enable Http middleware...
[2023-4-23 2:41:8] [INFO] [Middleware] Enable Monitor middleware...
[2023-4-23 2:41:8] [INFO] [Routes] Mounting Lobby Routes...
[2023-4-23 2:41:8] [INFO] [Routes] Mounting API Routes...
[2023-4-23 2:41:8] [INFO] [Routes] Mounting User Routes...
[2023-4-23 2:41:8] [INFO] [Server] Loading...
[2023-4-23 2:41:8] [INFO] [Database] Loading...
[2023-4-23 2:41:8] [INFO] [Middleware] Enable Cors middleware...
[2023-4-23 2:41:8] [INFO] [Middleware] Enable Http middleware...
[2023-4-23 2:41:8] [INFO] [Middleware] Enable Monitor middleware...
[2023-4-23 2:41:8] [INFO] [Routes] Mounting API Routes...
[2023-4-23 2:41:8] [INFO] [Routes] Mounting User Routes...
[2023-4-23 2:41:8] [INFO] [Routes] Mounting Lobby Routes...
[2023-4-23 2:41:8] [INFO] [Database] Loading...
[2023-4-23 2:41:8] [INFO] [Server] Loading...
[2023-4-23 2:41:8] [INFO] [Middleware] Enable Cors middleware...
[2023-4-23 2:41:8] [INFO] [Middleware] Enable Http middleware...
[2023-4-23 2:41:8] [INFO] [Middleware] Enable Monitor middleware...
[2023-4-23 2:41:8] [INFO] [Routes] Mounting API Routes...
[2023-4-23 2:41:8] [INFO] [Routes] Mounting User Routes...
[2023-4-23 2:41:8] [INFO] [Routes] Mounting Lobby Routes...
[2023-4-23 2:41:8] [INFO] [Database] Loading...
[2023-4-23 2:41:8] [INFO] [Server] Loading...
[2023-4-23 2:41:8] [INFO] [Middleware] Enable Cors middleware...
[2023-4-23 2:41:8] [INFO] [Middleware] Enable Http middleware...
[2023-4-23 2:41:8] [INFO] [Middleware] Enable Monitor middleware...
[2023-4-23 2:41:8] [INFO] [Routes] Mounting API Routes...
[2023-4-23 2:41:8] [INFO] [Routes] Mounting User Routes...
[2023-4-23 2:41:8] [INFO] [Routes] Mounting Lobby Routes...
[2023-4-23 2:41:8] [INFO] [Database] Loading...
[2023-4-23 2:41:8] [INFO] [Server] Loading...
[2023-4-23 2:41:8] [INFO] [Middleware] Enable Cors middleware...
[2023-4-23 2:41:8] [INFO] [Middleware] Enable Http middleware...
[2023-4-23 2:41:8] [INFO] [Middleware] Enable Monitor middleware...
[2023-4-23 2:41:8] [INFO] [Routes] Mounting API Routes...
[2023-4-23 2:41:8] [INFO] [Routes] Mounting User Routes...
[2023-4-23 2:41:8] [INFO] [Routes] Mounting Lobby Routes...
[2023-4-23 2:41:8] [INFO] [Database] Loading...
[2023-4-23 2:41:8] [INFO] [Server] Loading...
[2023-4-23 2:41:8] [INFO] [Middleware] Enable Cors middleware...
[2023-4-23 2:41:8] [INFO] [Middleware] Enable Http middleware...
[2023-4-23 2:41:8] [INFO] [Middleware] Enable Monitor middleware...
[2023-4-23 2:41:8] [INFO] [Routes] Mounting API Routes...
[2023-4-23 2:41:8] [INFO] [Routes] Mounting User Routes...
[2023-4-23 2:41:8] [INFO] [Routes] Mounting Lobby Routes...
[2023-4-23 2:41:8] [INFO] [Database] Loading...
[2023-4-23 2:41:8] [INFO] [Server] Loading...
[2023-4-23 2:41:8] [INFO] [Database] Connected to Mongo Database at : mongodb+srv://admin:admin@cluster0.jtexi.mongodb.net/tsr
[2023-4-23 2:41:8] [INFO] [Database] Connected to Mongo Database at : mongodb+srv://admin:admin@cluster0.jtexi.mongodb.net/tsr
[2023-4-23 2:41:8] [INFO] [Database] Connected to Mongo Database at : mongodb+srv://admin:admin@cluster0.jtexi.mongodb.net/tsr
[2023-4-23 2:41:8] [INFO] [Database] Connected to Mongo Database at : mongodb+srv://admin:admin@cluster0.jtexi.mongodb.net/tsr
[2023-4-23 2:41:8] [INFO] [Database] Connected to Mongo Database at : mongodb+srv://admin:admin@cluster0.jtexi.mongodb.net/tsr
[2023-4-23 2:41:8] [INFO] [Database] Connected to Mongo Database at : mongodb+srv://admin:admin@cluster0.jtexi.mongodb.net/tsr
[2023-4-23 2:41:8] [INFO] [Database] Connected to Mongo Database at : mongodb+srv://admin:admin@cluster0.jtexi.mongodb.net/tsr
[2023-4-23 2:41:8] [INFO] [Database] Connected to Mongo Database at : mongodb+srv://admin:admin@cluster0.jtexi.mongodb.net/tsr
[2023-4-23 2:41:8] [INFO] [Database] Connected to Mongo Database at : mongodb+srv://admin:admin@cluster0.jtexi.mongodb.net/tsr
[2023-4-23 2:41:8] [INFO] [Database] Connected to Mongo Database at : mongodb+srv://admin:admin@cluster0.jtexi.mongodb.net/tsr
[2023-4-23 2:41:8] [INFO] [Database] Connected to Mongo Database at : mongodb+srv://admin:admin@cluster0.jtexi.mongodb.net/tsr
[2023-4-23 2:41:8] [INFO] [Database] Connected to Mongo Database at : mongodb+srv://admin:admin@cluster0.jtexi.mongodb.net/tsr
[2023-4-23 2:41:8] [INFO] [Database] Connected to Mongo Database at : mongodb+srv://admin:admin@cluster0.jtexi.mongodb.net/tsr
[2023-4-23 2:41:8] [INFO] [Database] Connected to Mongo Database at : mongodb+srv://admin:admin@cluster0.jtexi.mongodb.net/tsr
[2023-4-23 2:41:8] [INFO] [Database] Connected to Mongo Database at : mongodb+srv://admin:admin@cluster0.jtexi.mongodb.net/tsr
[2023-4-23 2:41:8] [INFO] [Database] Connected to Mongo Database at : mongodb+srv://admin:admin@cluster0.jtexi.mongodb.net/tsr
[2023-4-23 2:41:8] [INFO] [Database] Connected to Mongo Database at : mongodb+srv://admin:admin@cluster0.jtexi.mongodb.net/tsr
[2023-4-23 2:41:8] [INFO] [Database] Connected to Mongo Database at : mongodb+srv://admin:admin@cluster0.jtexi.mongodb.net/tsr
[2023-4-23 2:41:8] [INFO] [Database] Connected to Mongo Database at : mongodb+srv://admin:admin@cluster0.jtexi.mongodb.net/tsr
[2023-4-23 2:41:2] [INFO] [Middleware] Enable Cors middleware...
[2023-4-23 2:41:2] [INFO] [Middleware] Enable Http middleware...
[2023-4-23 2:41:2] [INFO] [Middleware] Enable Monitor middleware...
[2023-4-23 2:41:2] [INFO] [Routes] Mounting API Routes...
[2023-4-23 2:41:2] [INFO] [Routes] Mounting User Routes...
[2023-4-23 2:41:2] [INFO] [Routes] Mounting Lobby Routes...
[2023-4-23 2:41:2] [INFO] [Configuration] Loading...
[2023-4-23 2:41:2] [INFO] [Queue Monitor] Running @ 'http://127.0.0.1:5550'
[2023-4-23 2:41:2] [WARN] [Error] Warning: Accessing non-existent property 'lineno' of module exports inside circular dependency
    at emitCircularRequireWarning (node:internal/modules/cjs/loader:848:11)
    at Object.get (node:internal/modules/cjs/loader:864:5)
    at Boolean.Node [as constructor] (F:\WebApp\JS\React\tbr\Server\node_modules\.pnpm\stylus@0.54.5\node_modules\stylus\lib\nodes\node.js:42:23)
    at new Boolean (F:\WebApp\JS\React\tbr\Server\node_modules\.pnpm\stylus@0.54.5\node_modules\stylus\lib\nodes\boolean.js:23:8)
    at Object.<anonymous> (F:\WebApp\JS\React\tbr\Server\node_modules\.pnpm\stylus@0.54.5\node_modules\stylus\lib\nodes\index.js:57:16)
    at Module._compile (node:internal/modules/cjs/loader:1275:14)
    at Module._extensions..js (node:internal/modules/cjs/loader:1329:10)
    at Module.load (node:internal/modules/cjs/loader:1133:32)
    at Module._load (node:internal/modules/cjs/loader:972:12)
    at Module.require (node:internal/modules/cjs/loader:1157:19)
    at require (node:internal/modules/helpers:119:18)
    at Object.<anonymous> (F:\WebApp\JS\React\tbr\Server\node_modules\.pnpm\stylus@0.54.5\node_modules\stylus\lib\lexer.js:13:13)
    at Module._compile (node:internal/modules/cjs/loader:1275:14)
    at Module._extensions..js (node:internal/modules/cjs/loader:1329:10)
    at Module.load (node:internal/modules/cjs/loader:1133:32)
    at Module._load (node:internal/modules/cjs/loader:972:12)
[2023-4-23 2:41:2] [WARN] [Error] Warning: Accessing non-existent property 'column' of module exports inside circular dependency
    at emitCircularRequireWarning (node:internal/modules/cjs/loader:848:11)
    at Object.get (node:internal/modules/cjs/loader:864:5)
    at Boolean.Node [as constructor] (F:\WebApp\JS\React\tbr\Server\node_modules\.pnpm\stylus@0.54.5\node_modules\stylus\lib\nodes\node.js:43:23)
    at new Boolean (F:\WebApp\JS\React\tbr\Server\node_modules\.pnpm\stylus@0.54.5\node_modules\stylus\lib\nodes\boolean.js:23:8)
    at Object.<anonymous> (F:\WebApp\JS\React\tbr\Server\node_modules\.pnpm\stylus@0.54.5\node_modules\stylus\lib\nodes\index.js:57:16)
    at Module._compile (node:internal/modules/cjs/loader:1275:14)
    at Module._extensions..js (node:internal/modules/cjs/loader:1329:10)
    at Module.load (node:internal/modules/cjs/loader:1133:32)
    at Module._load (node:internal/modules/cjs/loader:972:12)
    at Module.require (node:internal/modules/cjs/loader:1157:19)
    at require (node:internal/modules/helpers:119:18)
    at Object.<anonymous> (F:\WebApp\JS\React\tbr\Server\node_modules\.pnpm\stylus@0.54.5\node_modules\stylus\lib\lexer.js:13:13)
    at Module._compile (node:internal/modules/cjs/loader:1275:14)
    at Module._extensions..js (node:internal/modules/cjs/loader:1329:10)
    at Module.load (node:internal/modules/cjs/loader:1133:32)
    at Module._load (node:internal/modules/cjs/loader:972:12)
[2023-4-23 2:41:2] [WARN] [Error] Warning: Accessing non-existent property 'filename' of module exports inside circular dependency
    at emitCircularRequireWarning (node:internal/modules/cjs/loader:848:11)
    at Object.get (node:internal/modules/cjs/loader:864:5)
    at Boolean.Node [as constructor] (F:\WebApp\JS\React\tbr\Server\node_modules\.pnpm\stylus@0.54.5\node_modules\stylus\lib\nodes\node.js:44:25)
    at new Boolean (F:\WebApp\JS\React\tbr\Server\node_modules\.pnpm\stylus@0.54.5\node_modules\stylus\lib\nodes\boolean.js:23:8)
    at Object.<anonymous> (F:\WebApp\JS\React\tbr\Server\node_modules\.pnpm\stylus@0.54.5\node_modules\stylus\lib\nodes\index.js:57:16)
    at Module._compile (node:internal/modules/cjs/loader:1275:14)
    at Module._extensions..js (node:internal/modules/cjs/loader:1329:10)
    at Module.load (node:internal/modules/cjs/loader:1133:32)
    at Module._load (node:internal/modules/cjs/loader:972:12)
    at Module.require (node:internal/modules/cjs/loader:1157:19)
    at require (node:internal/modules/helpers:119:18)
    at Object.<anonymous> (F:\WebApp\JS\React\tbr\Server\node_modules\.pnpm\stylus@0.54.5\node_modules\stylus\lib\lexer.js:13:13)
    at Module._compile (node:internal/modules/cjs/loader:1275:14)
    at Module._extensions..js (node:internal/modules/cjs/loader:1329:10)
    at Module.load (node:internal/modules/cjs/loader:1133:32)
    at Module._load (node:internal/modules/cjs/loader:972:12)
[2023-4-23 2:41:2] [WARN] [Error] Warning: Accessing non-existent property 'lineno' of module exports inside circular dependency
    at emitCircularRequireWarning (node:internal/modules/cjs/loader:848:11)
    at Object.get (node:internal/modules/cjs/loader:864:5)
    at Boolean.Node [as constructor] (F:\WebApp\JS\React\tbr\Server\node_modules\.pnpm\stylus@0.54.5\node_modules\stylus\lib\nodes\node.js:42:23)
    at new Boolean (F:\WebApp\JS\React\tbr\Server\node_modules\.pnpm\stylus@0.54.5\node_modules\stylus\lib\nodes\boolean.js:23:8)
    at Object.<anonymous> (F:\WebApp\JS\React\tbr\Server\node_modules\.pnpm\stylus@0.54.5\node_modules\stylus\lib\nodes\index.js:58:17)
    at Module._compile (node:internal/modules/cjs/loader:1275:14)
    at Module._extensions..js (node:internal/modules/cjs/loader:1329:10)
    at Module.load (node:internal/modules/cjs/loader:1133:32)
    at Module._load (node:internal/modules/cjs/loader:972:12)
    at Module.require (node:internal/modules/cjs/loader:1157:19)
    at require (node:internal/modules/helpers:119:18)
    at Object.<anonymous> (F:\WebApp\JS\React\tbr\Server\node_modules\.pnpm\stylus@0.54.5\node_modules\stylus\lib\lexer.js:13:13)
    at Module._compile (node:internal/modules/cjs/loader:1275:14)
    at Module._extensions..js (node:internal/modules/cjs/loader:1329:10)
    at Module.load (node:internal/modules/cjs/loader:1133:32)
    at Module._load (node:internal/modules/cjs/loader:972:12)
[2023-4-23 2:41:2] [WARN] [Error] Warning: Accessing non-existent property 'column' of module exports inside circular dependency
    at emitCircularRequireWarning (node:internal/modules/cjs/loader:848:11)
    at Object.get (node:internal/modules/cjs/loader:864:5)
    at Boolean.Node [as constructor] (F:\WebApp\JS\React\tbr\Server\node_modules\.pnpm\stylus@0.54.5\node_modules\stylus\lib\nodes\node.js:43:23)
    at new Boolean (F:\WebApp\JS\React\tbr\Server\node_modules\.pnpm\stylus@0.54.5\node_modules\stylus\lib\nodes\boolean.js:23:8)
    at Object.<anonymous> (F:\WebApp\JS\React\tbr\Server\node_modules\.pnpm\stylus@0.54.5\node_modules\stylus\lib\nodes\index.js:58:17)
    at Module._compile (node:internal/modules/cjs/loader:1275:14)
    at Module._extensions..js (node:internal/modules/cjs/loader:1329:10)
    at Module.load (node:internal/modules/cjs/loader:1133:32)
    at Module._load (node:internal/modules/cjs/loader:972:12)
    at Module.require (node:internal/modules/cjs/loader:1157:19)
    at require (node:internal/modules/helpers:119:18)
    at Object.<anonymous> (F:\WebApp\JS\React\tbr\Server\node_modules\.pnpm\stylus@0.54.5\node_modules\stylus\lib\lexer.js:13:13)
    at Module._compile (node:internal/modules/cjs/loader:1275:14)
    at Module._extensions..js (node:internal/modules/cjs/loader:1329:10)
    at Module.load (node:internal/modules/cjs/loader:1133:32)
    at Module._load (node:internal/modules/cjs/loader:972:12)
[2023-4-23 2:41:2] [WARN] [Error] Warning: Accessing non-existent property 'filename' of module exports inside circular dependency
    at emitCircularRequireWarning (node:internal/modules/cjs/loader:848:11)
    at Object.get (node:internal/modules/cjs/loader:864:5)
    at Boolean.Node [as constructor] (F:\WebApp\JS\React\tbr\Server\node_modules\.pnpm\stylus@0.54.5\node_modules\stylus\lib\nodes\node.js:44:25)
    at new Boolean (F:\WebApp\JS\React\tbr\Server\node_modules\.pnpm\stylus@0.54.5\node_modules\stylus\lib\nodes\boolean.js:23:8)
    at Object.<anonymous> (F:\WebApp\JS\React\tbr\Server\node_modules\.pnpm\stylus@0.54.5\node_modules\stylus\lib\nodes\index.js:58:17)
    at Module._compile (node:internal/modules/cjs/loader:1275:14)
    at Module._extensions..js (node:internal/modules/cjs/loader:1329:10)
    at Module.load (node:internal/modules/cjs/loader:1133:32)
    at Module._load (node:internal/modules/cjs/loader:972:12)
    at Module.require (node:internal/modules/cjs/loader:1157:19)
    at require (node:internal/modules/helpers:119:18)
    at Object.<anonymous> (F:\WebApp\JS\React\tbr\Server\node_modules\.pnpm\stylus@0.54.5\node_modules\stylus\lib\lexer.js:13:13)
    at Module._compile (node:internal/modules/cjs/loader:1275:14)
    at Module._extensions..js (node:internal/modules/cjs/loader:1329:10)
    at Module.load (node:internal/modules/cjs/loader:1133:32)
    at Module._load (node:internal/modules/cjs/loader:972:12)
[2023-4-23 2:41:2] [INFO] [Cluster] PID '31668' forked!
[2023-4-23 2:41:2] [INFO] [Cluster] PID '23160' forked!
[2023-4-23 2:41:2] [INFO] [Cluster] PID '24684' forked!
[2023-4-23 2:41:2] [INFO] [Cluster] PID '32252' forked!
[2023-4-23 2:41:2] [INFO] [Cluster] PID '5304' forked!
[2023-4-23 2:41:2] [INFO] [Cluster] PID '33128' forked!
[2023-4-23 2:41:2] [INFO] [Cluster] PID '9944' forked!
[2023-4-23 2:41:2] [INFO] [Cluster] PID '14880' forked!
[2023-4-23 2:41:2] [INFO] [Cluster] PID '4372' forked!
[2023-4-23 2:41:2] [INFO] [Cluster] PID '11496' forked!
[2023-4-23 2:41:2] [INFO] [Cluster] PID '30972' forked!
[2023-4-23 2:41:2] [INFO] [Cluster] PID '27100' forked!
[2023-4-23 2:41:2] [INFO] [Cluster] PID '32032' forked!
[2023-4-23 2:41:2] [INFO] [Cluster] PID '26692' forked!
[2023-4-23 2:41:2] [INFO] [Cluster] PID '21056' forked!
[2023-4-23 2:41:2] [INFO] [Cluster] PID '32912' forked!
[2023-4-23 2:41:2] [INFO] [Cluster] PID '28512' forked!
[2023-4-23 2:41:2] [INFO] [Cluster] PID '30884' forked!
[2023-4-23 2:41:2] [INFO] [Cluster] PID '26900' forked!
[2023-4-23 2:41:2] [INFO] [Cluster] PID '32276' forked!
[2023-4-23 2:41:2] [INFO] [Cluster] PID '30608' forked!
[2023-4-23 2:41:2] [INFO] [Cluster] PID '29760' forked!
[2023-4-23 2:41:2] [INFO] [Cluster] PID '10532' forked!
[2023-4-23 2:41:2] [INFO] [Cluster] PID '29064' forked!
[2023-4-23 2:41:2] [INFO] [Cluster] PID '31168' forked!
[2023-4-23 2:41:2] [INFO] [Cluster] PID '26604' forked!
[2023-4-23 2:41:2] [INFO] [Cluster] PID '27912' forked!
[2023-4-23 2:41:2] [INFO] [Cluster] PID '31544' forked!
[2023-4-23 2:41:2] [INFO] [Cluster] PID '23536' forked!
[2023-4-23 2:41:2] [INFO] [Cluster] PID '25584' forked!
[2023-4-23 2:41:2] [INFO] [Cluster] PID '33144' forked!
[2023-4-23 2:41:2] [INFO] [Cluster] PID '30896' forked!
[2023-4-23 2:41:2] [INFO] [Cluster] PID '31668' Connected!
[2023-4-23 2:41:2] [INFO] [Cluster] PID '23160' Connected!
[2023-4-23 2:41:2] [INFO] [Cluster] PID '24684' Connected!
[2023-4-23 2:41:2] [INFO] [Cluster] PID '32252' Connected!
[2023-4-23 2:41:2] [INFO] [Cluster] PID '5304' Connected!
[2023-4-23 2:41:2] [INFO] [Cluster] PID '33128' Connected!
[2023-4-23 2:41:2] [INFO] [Cluster] PID '9944' Connected!
[2023-4-23 2:41:2] [INFO] [Cluster] PID '14880' Connected!
[2023-4-23 2:41:2] [INFO] [Cluster] PID '11496' Connected!
[2023-4-23 2:41:2] [INFO] [Cluster] PID '4372' Connected!
[2023-4-23 2:41:2] [INFO] [Cluster] PID '32032' Connected!
[2023-4-23 2:41:2] [INFO] [Cluster] PID '30972' Connected!
[2023-4-23 2:41:2] [INFO] [Cluster] PID '26692' Connected!
[2023-4-23 2:41:2] [INFO] [Cluster] PID '21056' Connected!
[2023-4-23 2:41:2] [INFO] [Cluster] PID '28512' Connected!
[2023-4-23 2:41:2] [INFO] [Cluster] PID '27100' Connected!
[2023-4-23 2:41:2] [INFO] [Cluster] PID '30608' Connected!
[2023-4-23 2:41:2] [INFO] [Cluster] PID '32912' Connected!
[2023-4-23 2:41:2] [INFO] [Cluster] PID '30884' Connected!
[2023-4-23 2:41:2] [INFO] [Cluster] PID '29760' Connected!
[2023-4-23 2:41:2] [INFO] [Cluster] PID '10532' Connected!
[2023-4-23 2:41:2] [INFO] [Cluster] PID '26900' Connected!
[2023-4-23 2:41:2] [INFO] [Cluster] PID '29064' Connected!
[2023-4-23 2:41:2] [INFO] [Cluster] PID '26604' Connected!
[2023-4-23 2:41:2] [INFO] [Cluster] PID '32276' Connected!
[2023-4-23 2:41:2] [INFO] [Cluster] PID '31168' Connected!
[2023-4-23 2:41:2] [INFO] [Cluster] PID '25584' Connected!
[2023-4-23 2:41:2] [INFO] [Cluster] PID '33144' Connected!
[2023-4-23 2:41:2] [INFO] [Cluster] PID '27912' Connected!
[2023-4-23 2:41:2] [INFO] [Cluster] PID '30896' Connected!
[2023-4-23 2:41:2] [INFO] [Cluster] PID '23536' Connected!
[2023-4-23 2:41:2] [INFO] [Cluster] PID '31544' Connected!
[2023-4-23 2:41:8] [INFO] [Database] Connected to Mongo Database at : mongodb+srv://admin:admin@cluster0.jtexi.mongodb.net/tsr
[2023-4-23 2:41:8] [INFO] [Database] Connected to Mongo Database at : mongodb+srv://admin:admin@cluster0.jtexi.mongodb.net/tsr
[2023-4-23 2:41:8] [INFO] [Database] Connected to Mongo Database at : mongodb+srv://admin:admin@cluster0.jtexi.mongodb.net/tsr
[2023-4-23 2:41:8] [INFO] [Database] Connected to Mongo Database at : mongodb+srv://admin:admin@cluster0.jtexi.mongodb.net/tsr
[2023-4-23 2:41:8] [INFO] [Database] Connected to Mongo Database at : mongodb+srv://admin:admin@cluster0.jtexi.mongodb.net/tsr
[2023-4-23 2:41:8] [INFO] [Database] Connected to Mongo Database at : mongodb+srv://admin:admin@cluster0.jtexi.mongodb.net/tsr
[2023-4-23 2:41:8] [INFO] [Database] Connected to Mongo Database at : mongodb+srv://admin:admin@cluster0.jtexi.mongodb.net/tsr
[2023-4-23 2:41:8] [INFO] [Database] Connected to Mongo Database at : mongodb+srv://admin:admin@cluster0.jtexi.mongodb.net/tsr
[2023-4-23 2:41:8] [INFO] [Database] Connected to Mongo Database at : mongodb+srv://admin:admin@cluster0.jtexi.mongodb.net/tsr
[2023-4-23 2:41:8] [INFO] [Database] Connected to Mongo Database at : mongodb+srv://admin:admin@cluster0.jtexi.mongodb.net/tsr
[2023-4-23 2:41:8] [INFO] [Database] Connected to Mongo Database at : mongodb+srv://admin:admin@cluster0.jtexi.mongodb.net/tsr
[2023-4-23 2:41:8] [INFO] [Database] Connected to Mongo Database at : mongodb+srv://admin:admin@cluster0.jtexi.mongodb.net/tsr
[2023-4-23 2:41:8] [INFO] [Database] Connected to Mongo Database at : mongodb+srv://admin:admin@cluster0.jtexi.mongodb.net/tsr
[2023-4-23 2:41:2] [INFO] [Cluster] PID '31668' Disconnected!
[2023-4-23 2:41:15] [INFO] [Middleware] Enable Cors middleware...
[2023-4-23 2:41:15] [INFO] [Middleware] Enable Http middleware...
[2023-4-23 2:41:15] [INFO] [Middleware] Enable Monitor middleware...
[2023-4-23 2:41:15] [INFO] [Routes] Mounting API Routes...
[2023-4-23 2:41:15] [INFO] [Routes] Mounting User Routes...
[2023-4-23 2:41:15] [INFO] [Routes] Mounting Lobby Routes...
[2023-4-23 2:41:15] [INFO] [Configuration] Loading...
[2023-4-23 2:41:15] [INFO] [Queue Monitor] Running @ 'http://127.0.0.1:5550'
[2023-4-23 2:41:15] [WARN] [Error] Warning: Accessing non-existent property 'lineno' of module exports inside circular dependency
    at emitCircularRequireWarning (node:internal/modules/cjs/loader:848:11)
    at Object.get (node:internal/modules/cjs/loader:864:5)
    at Boolean.Node [as constructor] (F:\WebApp\JS\React\tbr\Server\node_modules\.pnpm\stylus@0.54.5\node_modules\stylus\lib\nodes\node.js:42:23)
    at new Boolean (F:\WebApp\JS\React\tbr\Server\node_modules\.pnpm\stylus@0.54.5\node_modules\stylus\lib\nodes\boolean.js:23:8)
    at Object.<anonymous> (F:\WebApp\JS\React\tbr\Server\node_modules\.pnpm\stylus@0.54.5\node_modules\stylus\lib\nodes\index.js:57:16)
    at Module._compile (node:internal/modules/cjs/loader:1275:14)
    at Module._extensions..js (node:internal/modules/cjs/loader:1329:10)
    at Module.load (node:internal/modules/cjs/loader:1133:32)
    at Module._load (node:internal/modules/cjs/loader:972:12)
    at Module.require (node:internal/modules/cjs/loader:1157:19)
    at require (node:internal/modules/helpers:119:18)
    at Object.<anonymous> (F:\WebApp\JS\React\tbr\Server\node_modules\.pnpm\stylus@0.54.5\node_modules\stylus\lib\lexer.js:13:13)
    at Module._compile (node:internal/modules/cjs/loader:1275:14)
    at Module._extensions..js (node:internal/modules/cjs/loader:1329:10)
    at Module.load (node:internal/modules/cjs/loader:1133:32)
    at Module._load (node:internal/modules/cjs/loader:972:12)
[2023-4-23 2:41:15] [WARN] [Error] Warning: Accessing non-existent property 'column' of module exports inside circular dependency
    at emitCircularRequireWarning (node:internal/modules/cjs/loader:848:11)
    at Object.get (node:internal/modules/cjs/loader:864:5)
    at Boolean.Node [as constructor] (F:\WebApp\JS\React\tbr\Server\node_modules\.pnpm\stylus@0.54.5\node_modules\stylus\lib\nodes\node.js:43:23)
    at new Boolean (F:\WebApp\JS\React\tbr\Server\node_modules\.pnpm\stylus@0.54.5\node_modules\stylus\lib\nodes\boolean.js:23:8)
    at Object.<anonymous> (F:\WebApp\JS\React\tbr\Server\node_modules\.pnpm\stylus@0.54.5\node_modules\stylus\lib\nodes\index.js:57:16)
    at Module._compile (node:internal/modules/cjs/loader:1275:14)
    at Module._extensions..js (node:internal/modules/cjs/loader:1329:10)
    at Module.load (node:internal/modules/cjs/loader:1133:32)
    at Module._load (node:internal/modules/cjs/loader:972:12)
    at Module.require (node:internal/modules/cjs/loader:1157:19)
    at require (node:internal/modules/helpers:119:18)
    at Object.<anonymous> (F:\WebApp\JS\React\tbr\Server\node_modules\.pnpm\stylus@0.54.5\node_modules\stylus\lib\lexer.js:13:13)
    at Module._compile (node:internal/modules/cjs/loader:1275:14)
    at Module._extensions..js (node:internal/modules/cjs/loader:1329:10)
    at Module.load (node:internal/modules/cjs/loader:1133:32)
    at Module._load (node:internal/modules/cjs/loader:972:12)
[2023-4-23 2:41:15] [WARN] [Error] Warning: Accessing non-existent property 'filename' of module exports inside circular dependency
    at emitCircularRequireWarning (node:internal/modules/cjs/loader:848:11)
    at Object.get (node:internal/modules/cjs/loader:864:5)
    at Boolean.Node [as constructor] (F:\WebApp\JS\React\tbr\Server\node_modules\.pnpm\stylus@0.54.5\node_modules\stylus\lib\nodes\node.js:44:25)
    at new Boolean (F:\WebApp\JS\React\tbr\Server\node_modules\.pnpm\stylus@0.54.5\node_modules\stylus\lib\nodes\boolean.js:23:8)
    at Object.<anonymous> (F:\WebApp\JS\React\tbr\Server\node_modules\.pnpm\stylus@0.54.5\node_modules\stylus\lib\nodes\index.js:57:16)
    at Module._compile (node:internal/modules/cjs/loader:1275:14)
    at Module._extensions..js (node:internal/modules/cjs/loader:1329:10)
    at Module.load (node:internal/modules/cjs/loader:1133:32)
    at Module._load (node:internal/modules/cjs/loader:972:12)
    at Module.require (node:internal/modules/cjs/loader:1157:19)
    at require (node:internal/modules/helpers:119:18)
    at Object.<anonymous> (F:\WebApp\JS\React\tbr\Server\node_modules\.pnpm\stylus@0.54.5\node_modules\stylus\lib\lexer.js:13:13)
    at Module._compile (node:internal/modules/cjs/loader:1275:14)
    at Module._extensions..js (node:internal/modules/cjs/loader:1329:10)
    at Module.load (node:internal/modules/cjs/loader:1133:32)
    at Module._load (node:internal/modules/cjs/loader:972:12)
[2023-4-23 2:41:15] [WARN] [Error] Warning: Accessing non-existent property 'lineno' of module exports inside circular dependency
    at emitCircularRequireWarning (node:internal/modules/cjs/loader:848:11)
    at Object.get (node:internal/modules/cjs/loader:864:5)
    at Boolean.Node [as constructor] (F:\WebApp\JS\React\tbr\Server\node_modules\.pnpm\stylus@0.54.5\node_modules\stylus\lib\nodes\node.js:42:23)
    at new Boolean (F:\WebApp\JS\React\tbr\Server\node_modules\.pnpm\stylus@0.54.5\node_modules\stylus\lib\nodes\boolean.js:23:8)
    at Object.<anonymous> (F:\WebApp\JS\React\tbr\Server\node_modules\.pnpm\stylus@0.54.5\node_modules\stylus\lib\nodes\index.js:58:17)
    at Module._compile (node:internal/modules/cjs/loader:1275:14)
    at Module._extensions..js (node:internal/modules/cjs/loader:1329:10)
    at Module.load (node:internal/modules/cjs/loader:1133:32)
    at Module._load (node:internal/modules/cjs/loader:972:12)
    at Module.require (node:internal/modules/cjs/loader:1157:19)
    at require (node:internal/modules/helpers:119:18)
    at Object.<anonymous> (F:\WebApp\JS\React\tbr\Server\node_modules\.pnpm\stylus@0.54.5\node_modules\stylus\lib\lexer.js:13:13)
    at Module._compile (node:internal/modules/cjs/loader:1275:14)
    at Module._extensions..js (node:internal/modules/cjs/loader:1329:10)
    at Module.load (node:internal/modules/cjs/loader:1133:32)
    at Module._load (node:internal/modules/cjs/loader:972:12)
[2023-4-23 2:41:15] [WARN] [Error] Warning: Accessing non-existent property 'column' of module exports inside circular dependency
    at emitCircularRequireWarning (node:internal/modules/cjs/loader:848:11)
    at Object.get (node:internal/modules/cjs/loader:864:5)
    at Boolean.Node [as constructor] (F:\WebApp\JS\React\tbr\Server\node_modules\.pnpm\stylus@0.54.5\node_modules\stylus\lib\nodes\node.js:43:23)
    at new Boolean (F:\WebApp\JS\React\tbr\Server\node_modules\.pnpm\stylus@0.54.5\node_modules\stylus\lib\nodes\boolean.js:23:8)
    at Object.<anonymous> (F:\WebApp\JS\React\tbr\Server\node_modules\.pnpm\stylus@0.54.5\node_modules\stylus\lib\nodes\index.js:58:17)
    at Module._compile (node:internal/modules/cjs/loader:1275:14)
    at Module._extensions..js (node:internal/modules/cjs/loader:1329:10)
    at Module.load (node:internal/modules/cjs/loader:1133:32)
    at Module._load (node:internal/modules/cjs/loader:972:12)
    at Module.require (node:internal/modules/cjs/loader:1157:19)
    at require (node:internal/modules/helpers:119:18)
    at Object.<anonymous> (F:\WebApp\JS\React\tbr\Server\node_modules\.pnpm\stylus@0.54.5\node_modules\stylus\lib\lexer.js:13:13)
    at Module._compile (node:internal/modules/cjs/loader:1275:14)
    at Module._extensions..js (node:internal/modules/cjs/loader:1329:10)
    at Module.load (node:internal/modules/cjs/loader:1133:32)
    at Module._load (node:internal/modules/cjs/loader:972:12)
[2023-4-23 2:41:15] [WARN] [Error] Warning: Accessing non-existent property 'filename' of module exports inside circular dependency
    at emitCircularRequireWarning (node:internal/modules/cjs/loader:848:11)
    at Object.get (node:internal/modules/cjs/loader:864:5)
    at Boolean.Node [as constructor] (F:\WebApp\JS\React\tbr\Server\node_modules\.pnpm\stylus@0.54.5\node_modules\stylus\lib\nodes\node.js:44:25)
    at new Boolean (F:\WebApp\JS\React\tbr\Server\node_modules\.pnpm\stylus@0.54.5\node_modules\stylus\lib\nodes\boolean.js:23:8)
    at Object.<anonymous> (F:\WebApp\JS\React\tbr\Server\node_modules\.pnpm\stylus@0.54.5\node_modules\stylus\lib\nodes\index.js:58:17)
    at Module._compile (node:internal/modules/cjs/loader:1275:14)
    at Module._extensions..js (node:internal/modules/cjs/loader:1329:10)
    at Module.load (node:internal/modules/cjs/loader:1133:32)
    at Module._load (node:internal/modules/cjs/loader:972:12)
    at Module.require (node:internal/modules/cjs/loader:1157:19)
    at require (node:internal/modules/helpers:119:18)
    at Object.<anonymous> (F:\WebApp\JS\React\tbr\Server\node_modules\.pnpm\stylus@0.54.5\node_modules\stylus\lib\lexer.js:13:13)
    at Module._compile (node:internal/modules/cjs/loader:1275:14)
    at Module._extensions..js (node:internal/modules/cjs/loader:1329:10)
    at Module.load (node:internal/modules/cjs/loader:1133:32)
    at Module._load (node:internal/modules/cjs/loader:972:12)
[2023-4-23 2:41:15] [INFO] [Cluster] PID '30620' forked!
[2023-4-23 2:41:15] [INFO] [Cluster] PID '32300' forked!
[2023-4-23 2:41:15] [INFO] [Cluster] PID '9876' forked!
[2023-4-23 2:41:15] [INFO] [Cluster] PID '20788' forked!
[2023-4-23 2:41:15] [INFO] [Cluster] PID '21724' forked!
[2023-4-23 2:41:15] [INFO] [Cluster] PID '27976' forked!
[2023-4-23 2:41:15] [INFO] [Cluster] PID '33744' forked!
[2023-4-23 2:41:15] [INFO] [Cluster] PID '33440' forked!
[2023-4-23 2:41:15] [INFO] [Cluster] PID '29736' forked!
[2023-4-23 2:41:15] [INFO] [Cluster] PID '27356' forked!
[2023-4-23 2:41:15] [INFO] [Cluster] PID '644' forked!
[2023-4-23 2:41:15] [INFO] [Cluster] PID '32416' forked!
[2023-4-23 2:41:15] [INFO] [Cluster] PID '33032' forked!
[2023-4-23 2:41:15] [INFO] [Cluster] PID '15008' forked!
[2023-4-23 2:41:15] [INFO] [Cluster] PID '21720' forked!
[2023-4-23 2:41:15] [INFO] [Cluster] PID '32444' forked!
[2023-4-23 2:41:15] [INFO] [Cluster] PID '31876' forked!
[2023-4-23 2:41:15] [INFO] [Cluster] PID '28956' forked!
[2023-4-23 2:41:15] [INFO] [Cluster] PID '22048' forked!
[2023-4-23 2:41:15] [INFO] [Cluster] PID '13768' forked!
[2023-4-23 2:41:15] [INFO] [Cluster] PID '33272' forked!
[2023-4-23 2:41:15] [INFO] [Cluster] PID '32036' forked!
[2023-4-23 2:41:15] [INFO] [Cluster] PID '11012' forked!
[2023-4-23 2:41:15] [INFO] [Cluster] PID '28624' forked!
[2023-4-23 2:41:15] [INFO] [Cluster] PID '23500' forked!
[2023-4-23 2:41:15] [INFO] [Cluster] PID '6060' forked!
[2023-4-23 2:41:15] [INFO] [Cluster] PID '33776' forked!
[2023-4-23 2:41:15] [INFO] [Cluster] PID '31768' forked!
[2023-4-23 2:41:15] [INFO] [Cluster] PID '27812' forked!
[2023-4-23 2:41:15] [INFO] [Cluster] PID '31448' forked!
[2023-4-23 2:41:15] [INFO] [Cluster] PID '31608' forked!
[2023-4-23 2:41:15] [INFO] [Cluster] PID '17700' forked!
[2023-4-23 2:41:16] [INFO] [Middleware] Enable Cors middleware...
[2023-4-23 2:41:16] [INFO] [Middleware] Enable Http middleware...
[2023-4-23 2:41:16] [INFO] [Middleware] Enable Monitor middleware...
[2023-4-23 2:41:16] [INFO] [Routes] Mounting API Routes...
[2023-4-23 2:41:16] [INFO] [Routes] Mounting User Routes...
[2023-4-23 2:41:16] [INFO] [Routes] Mounting Lobby Routes...
[2023-4-23 2:41:16] [INFO] [Database] Loading...
[2023-4-23 2:41:16] [INFO] [Server] Loading...
[2023-4-23 2:41:15] [INFO] [Cluster] PID '9876' Connected!
[2023-4-23 2:41:16] [INFO] [Middleware] Enable Cors middleware...
[2023-4-23 2:41:16] [INFO] [Middleware] Enable Http middleware...
[2023-4-23 2:41:16] [INFO] [Middleware] Enable Monitor middleware...
[2023-4-23 2:41:16] [INFO] [Routes] Mounting API Routes...
[2023-4-23 2:41:16] [INFO] [Routes] Mounting User Routes...
[2023-4-23 2:41:16] [INFO] [Routes] Mounting Lobby Routes...
[2023-4-23 2:41:16] [INFO] [Database] Loading...
[2023-4-23 2:41:16] [INFO] [Server] Loading...
[2023-4-23 2:41:16] [INFO] [Middleware] Enable Cors middleware...
[2023-4-23 2:41:16] [INFO] [Middleware] Enable Http middleware...
[2023-4-23 2:41:16] [INFO] [Middleware] Enable Monitor middleware...
[2023-4-23 2:41:16] [INFO] [Routes] Mounting API Routes...
[2023-4-23 2:41:16] [INFO] [Routes] Mounting User Routes...
[2023-4-23 2:41:16] [INFO] [Routes] Mounting Lobby Routes...
[2023-4-23 2:41:16] [INFO] [Database] Loading...
[2023-4-23 2:41:16] [INFO] [Server] Loading...
[2023-4-23 2:41:15] [INFO] [Cluster] PID '20788' Connected!
[2023-4-23 2:41:15] [INFO] [Cluster] PID '32300' Connected!
[2023-4-23 2:41:16] [INFO] [Middleware] Enable Cors middleware...
[2023-4-23 2:41:16] [INFO] [Middleware] Enable Http middleware...
[2023-4-23 2:41:16] [INFO] [Middleware] Enable Monitor middleware...
[2023-4-23 2:41:16] [INFO] [Routes] Mounting API Routes...
[2023-4-23 2:41:16] [INFO] [Routes] Mounting User Routes...
[2023-4-23 2:41:16] [INFO] [Routes] Mounting Lobby Routes...
[2023-4-23 2:41:16] [INFO] [Server] Loading...
[2023-4-23 2:41:16] [INFO] [Database] Loading...
[2023-4-23 2:41:15] [INFO] [Cluster] PID '27976' Connected!
[2023-4-23 2:41:16] [INFO] [Middleware] Enable Cors middleware...
[2023-4-23 2:41:16] [INFO] [Middleware] Enable Http middleware...
[2023-4-23 2:41:16] [INFO] [Middleware] Enable Monitor middleware...
[2023-4-23 2:41:16] [INFO] [Routes] Mounting API Routes...
[2023-4-23 2:41:16] [INFO] [Routes] Mounting User Routes...
[2023-4-23 2:41:16] [INFO] [Routes] Mounting Lobby Routes...
[2023-4-23 2:41:16] [INFO] [Database] Loading...
[2023-4-23 2:41:16] [INFO] [Server] Loading...
[2023-4-23 2:41:15] [INFO] [Cluster] PID '30620' Connected!
[2023-4-23 2:41:16] [INFO] [Middleware] Enable Cors middleware...
[2023-4-23 2:41:16] [INFO] [Middleware] Enable Http middleware...
[2023-4-23 2:41:16] [INFO] [Middleware] Enable Monitor middleware...
[2023-4-23 2:41:16] [INFO] [Routes] Mounting API Routes...
[2023-4-23 2:41:16] [INFO] [Routes] Mounting User Routes...
[2023-4-23 2:41:16] [INFO] [Routes] Mounting Lobby Routes...
[2023-4-23 2:41:16] [INFO] [Database] Loading...
[2023-4-23 2:41:16] [INFO] [Server] Loading...
[2023-4-23 2:41:15] [INFO] [Cluster] PID '21724' Connected!
[2023-4-23 2:41:16] [INFO] [Middleware] Enable Cors middleware...
[2023-4-23 2:41:16] [INFO] [Middleware] Enable Http middleware...
[2023-4-23 2:41:16] [INFO] [Middleware] Enable Monitor middleware...
[2023-4-23 2:41:16] [INFO] [Routes] Mounting API Routes...
[2023-4-23 2:41:16] [INFO] [Routes] Mounting User Routes...
[2023-4-23 2:41:16] [INFO] [Routes] Mounting Lobby Routes...
[2023-4-23 2:41:16] [INFO] [Database] Loading...
[2023-4-23 2:41:16] [INFO] [Server] Loading...
[2023-4-23 2:41:15] [INFO] [Cluster] PID '33440' Connected!
[2023-4-23 2:41:16] [INFO] [Middleware] Enable Cors middleware...
[2023-4-23 2:41:16] [INFO] [Middleware] Enable Monitor middleware...
[2023-4-23 2:41:16] [INFO] [Routes] Mounting API Routes...
[2023-4-23 2:41:16] [INFO] [Routes] Mounting User Routes...
[2023-4-23 2:41:16] [INFO] [Middleware] Enable Http middleware...
[2023-4-23 2:41:16] [INFO] [Routes] Mounting Lobby Routes...
[2023-4-23 2:41:16] [INFO] [Database] Loading...
[2023-4-23 2:41:16] [INFO] [Server] Loading...
[2023-4-23 2:41:15] [INFO] [Cluster] PID '33744' Connected!
[2023-4-23 2:41:16] [INFO] [Middleware] Enable Cors middleware...
[2023-4-23 2:41:16] [INFO] [Middleware] Enable Http middleware...
[2023-4-23 2:41:16] [INFO] [Middleware] Enable Monitor middleware...
[2023-4-23 2:41:16] [INFO] [Routes] Mounting API Routes...
[2023-4-23 2:41:16] [INFO] [Routes] Mounting User Routes...
[2023-4-23 2:41:16] [INFO] [Routes] Mounting Lobby Routes...
[2023-4-23 2:41:16] [INFO] [Database] Loading...
[2023-4-23 2:41:16] [INFO] [Server] Loading...
[2023-4-23 2:41:15] [INFO] [Cluster] PID '29736' Connected!
[2023-4-23 2:41:16] [INFO] [Middleware] Enable Cors middleware...
[2023-4-23 2:41:16] [INFO] [Middleware] Enable Http middleware...
[2023-4-23 2:41:16] [INFO] [Middleware] Enable Monitor middleware...
[2023-4-23 2:41:16] [INFO] [Routes] Mounting API Routes...
[2023-4-23 2:41:16] [INFO] [Routes] Mounting User Routes...
[2023-4-23 2:41:16] [INFO] [Routes] Mounting Lobby Routes...
[2023-4-23 2:41:16] [INFO] [Database] Loading...
[2023-4-23 2:41:16] [INFO] [Server] Loading...
[2023-4-23 2:41:15] [INFO] [Cluster] PID '27356' Connected!
[2023-4-23 2:41:16] [INFO] [Middleware] Enable Cors middleware...
[2023-4-23 2:41:16] [INFO] [Middleware] Enable Http middleware...
[2023-4-23 2:41:16] [INFO] [Middleware] Enable Monitor middleware...
[2023-4-23 2:41:16] [INFO] [Routes] Mounting API Routes...
[2023-4-23 2:41:16] [INFO] [Routes] Mounting User Routes...
[2023-4-23 2:41:16] [INFO] [Routes] Mounting Lobby Routes...
[2023-4-23 2:41:16] [INFO] [Database] Loading...
[2023-4-23 2:41:16] [INFO] [Server] Loading...
[2023-4-23 2:41:16] [INFO] [Middleware] Enable Cors middleware...
[2023-4-23 2:41:16] [INFO] [Middleware] Enable Http middleware...
[2023-4-23 2:41:16] [INFO] [Middleware] Enable Monitor middleware...
[2023-4-23 2:41:16] [INFO] [Routes] Mounting API Routes...
[2023-4-23 2:41:16] [INFO] [Routes] Mounting Lobby Routes...
[2023-4-23 2:41:16] [INFO] [Routes] Mounting User Routes...
[2023-4-23 2:41:16] [INFO] [Database] Loading...
[2023-4-23 2:41:16] [INFO] [Server] Loading...
[2023-4-23 2:41:15] [INFO] [Cluster] PID '32416' Connected!
[2023-4-23 2:41:16] [INFO] [Middleware] Enable Cors middleware...
[2023-4-23 2:41:16] [INFO] [Middleware] Enable Http middleware...
[2023-4-23 2:41:16] [INFO] [Middleware] Enable Monitor middleware...
[2023-4-23 2:41:16] [INFO] [Routes] Mounting API Routes...
[2023-4-23 2:41:16] [INFO] [Routes] Mounting Lobby Routes...
[2023-4-23 2:41:16] [INFO] [Routes] Mounting User Routes...
[2023-4-23 2:41:16] [INFO] [Database] Loading...
[2023-4-23 2:41:16] [INFO] [Server] Loading...
[2023-4-23 2:41:15] [INFO] [Cluster] PID '644' Connected!
[2023-4-23 2:41:16] [INFO] [Middleware] Enable Cors middleware...
[2023-4-23 2:41:16] [INFO] [Middleware] Enable Http middleware...
[2023-4-23 2:41:16] [INFO] [Middleware] Enable Monitor middleware...
[2023-4-23 2:41:16] [INFO] [Routes] Mounting API Routes...
[2023-4-23 2:41:16] [INFO] [Routes] Mounting User Routes...
[2023-4-23 2:41:16] [INFO] [Routes] Mounting Lobby Routes...
[2023-4-23 2:41:16] [INFO] [Database] Loading...
[2023-4-23 2:41:16] [INFO] [Server] Loading...
[2023-4-23 2:41:15] [INFO] [Cluster] PID '32444' Connected!
[2023-4-23 2:41:15] [INFO] [Cluster] PID '15008' Connected!
[2023-4-23 2:41:16] [INFO] [Middleware] Enable Cors middleware...
[2023-4-23 2:41:16] [INFO] [Middleware] Enable Http middleware...
[2023-4-23 2:41:16] [INFO] [Middleware] Enable Monitor middleware...
[2023-4-23 2:41:16] [INFO] [Routes] Mounting API Routes...
[2023-4-23 2:41:16] [INFO] [Routes] Mounting User Routes...
[2023-4-23 2:41:16] [INFO] [Routes] Mounting Lobby Routes...
[2023-4-23 2:41:16] [INFO] [Server] Loading...
[2023-4-23 2:41:16] [INFO] [Database] Loading...
[2023-4-23 2:41:15] [INFO] [Cluster] PID '21720' Connected!
[2023-4-23 2:41:16] [INFO] [Middleware] Enable Cors middleware...
[2023-4-23 2:41:16] [INFO] [Middleware] Enable Http middleware...
[2023-4-23 2:41:16] [INFO] [Middleware] Enable Monitor middleware...
[2023-4-23 2:41:16] [INFO] [Routes] Mounting API Routes...
[2023-4-23 2:41:16] [INFO] [Routes] Mounting User Routes...
[2023-4-23 2:41:16] [INFO] [Routes] Mounting Lobby Routes...
[2023-4-23 2:41:16] [INFO] [Database] Loading...
[2023-4-23 2:41:16] [INFO] [Server] Loading...
[2023-4-23 2:41:15] [INFO] [Cluster] PID '33032' Connected!
[2023-4-23 2:41:16] [INFO] [Middleware] Enable Cors middleware...
[2023-4-23 2:41:16] [INFO] [Middleware] Enable Http middleware...
[2023-4-23 2:41:16] [INFO] [Routes] Mounting API Routes...
[2023-4-23 2:41:16] [INFO] [Routes] Mounting User Routes...
[2023-4-23 2:41:16] [INFO] [Routes] Mounting Lobby Routes...
[2023-4-23 2:41:16] [INFO] [Database] Loading...
[2023-4-23 2:41:16] [INFO] [Server] Loading...
[2023-4-23 2:41:16] [INFO] [Middleware] Enable Monitor middleware...
[2023-4-23 2:41:16] [INFO] [Middleware] Enable Cors middleware...
[2023-4-23 2:41:16] [INFO] [Middleware] Enable Http middleware...
[2023-4-23 2:41:16] [INFO] [Middleware] Enable Monitor middleware...
[2023-4-23 2:41:16] [INFO] [Routes] Mounting API Routes...
[2023-4-23 2:41:16] [INFO] [Routes] Mounting User Routes...
[2023-4-23 2:41:16] [INFO] [Routes] Mounting Lobby Routes...
[2023-4-23 2:41:16] [INFO] [Database] Loading...
[2023-4-23 2:41:16] [INFO] [Server] Loading...
[2023-4-23 2:41:15] [INFO] [Cluster] PID '22048' Connected!
[2023-4-23 2:41:15] [INFO] [Cluster] PID '31876' Connected!
[2023-4-23 2:41:16] [INFO] [Middleware] Enable Cors middleware...
[2023-4-23 2:41:16] [INFO] [Middleware] Enable Http middleware...
[2023-4-23 2:41:16] [INFO] [Middleware] Enable Monitor middleware...
[2023-4-23 2:41:16] [INFO] [Routes] Mounting API Routes...
[2023-4-23 2:41:16] [INFO] [Routes] Mounting User Routes...
[2023-4-23 2:41:16] [INFO] [Routes] Mounting Lobby Routes...
[2023-4-23 2:41:16] [INFO] [Database] Loading...
[2023-4-23 2:41:16] [INFO] [Server] Loading...
[2023-4-23 2:41:15] [INFO] [Cluster] PID '28956' Connected!
[2023-4-23 2:41:16] [INFO] [Middleware] Enable Cors middleware...
[2023-4-23 2:41:16] [INFO] [Middleware] Enable Http middleware...
[2023-4-23 2:41:16] [INFO] [Middleware] Enable Monitor middleware...
[2023-4-23 2:41:16] [INFO] [Routes] Mounting API Routes...
[2023-4-23 2:41:16] [INFO] [Routes] Mounting User Routes...
[2023-4-23 2:41:16] [INFO] [Routes] Mounting Lobby Routes...
[2023-4-23 2:41:16] [INFO] [Database] Loading...
[2023-4-23 2:41:16] [INFO] [Server] Loading...
[2023-4-23 2:41:15] [INFO] [Cluster] PID '32036' Connected!
[2023-4-23 2:41:16] [INFO] [Middleware] Enable Cors middleware...
[2023-4-23 2:41:16] [INFO] [Middleware] Enable Http middleware...
[2023-4-23 2:41:16] [INFO] [Middleware] Enable Monitor middleware...
[2023-4-23 2:41:16] [INFO] [Routes] Mounting API Routes...
[2023-4-23 2:41:16] [INFO] [Routes] Mounting User Routes...
[2023-4-23 2:41:16] [INFO] [Routes] Mounting Lobby Routes...
[2023-4-23 2:41:16] [INFO] [Database] Loading...
[2023-4-23 2:41:16] [INFO] [Server] Loading...
[2023-4-23 2:41:15] [INFO] [Cluster] PID '33272' Connected!
[2023-4-23 2:41:16] [INFO] [Middleware] Enable Cors middleware...
[2023-4-23 2:41:16] [INFO] [Middleware] Enable Http middleware...
[2023-4-23 2:41:16] [INFO] [Middleware] Enable Monitor middleware...
[2023-4-23 2:41:16] [INFO] [Routes] Mounting API Routes...
[2023-4-23 2:41:16] [INFO] [Routes] Mounting User Routes...
[2023-4-23 2:41:16] [INFO] [Routes] Mounting Lobby Routes...
[2023-4-23 2:41:16] [INFO] [Database] Loading...
[2023-4-23 2:41:16] [INFO] [Server] Loading...
[2023-4-23 2:41:15] [INFO] [Cluster] PID '11012' Connected!
[2023-4-23 2:41:16] [INFO] [Middleware] Enable Cors middleware...
[2023-4-23 2:41:16] [INFO] [Middleware] Enable Http middleware...
[2023-4-23 2:41:16] [INFO] [Middleware] Enable Monitor middleware...
[2023-4-23 2:41:16] [INFO] [Routes] Mounting API Routes...
[2023-4-23 2:41:16] [INFO] [Routes] Mounting User Routes...
[2023-4-23 2:41:16] [INFO] [Routes] Mounting Lobby Routes...
[2023-4-23 2:41:16] [INFO] [Database] Loading...
[2023-4-23 2:41:16] [INFO] [Server] Loading...
[2023-4-23 2:41:16] [INFO] [Middleware] Enable Cors middleware...
[2023-4-23 2:41:16] [INFO] [Middleware] Enable Http middleware...
[2023-4-23 2:41:16] [INFO] [Middleware] Enable Monitor middleware...
[2023-4-23 2:41:16] [INFO] [Routes] Mounting API Routes...
[2023-4-23 2:41:16] [INFO] [Routes] Mounting User Routes...
[2023-4-23 2:41:16] [INFO] [Routes] Mounting Lobby Routes...
[2023-4-23 2:41:16] [INFO] [Database] Loading...
[2023-4-23 2:41:16] [INFO] [Server] Loading...
[2023-4-23 2:41:16] [INFO] [Middleware] Enable Cors middleware...
[2023-4-23 2:41:16] [INFO] [Middleware] Enable Http middleware...
[2023-4-23 2:41:16] [INFO] [Middleware] Enable Monitor middleware...
[2023-4-23 2:41:16] [INFO] [Routes] Mounting API Routes...
[2023-4-23 2:41:16] [INFO] [Routes] Mounting User Routes...
[2023-4-23 2:41:16] [INFO] [Routes] Mounting Lobby Routes...
[2023-4-23 2:41:16] [INFO] [Database] Loading...
[2023-4-23 2:41:16] [INFO] [Server] Loading...
[2023-4-23 2:41:16] [INFO] [Middleware] Enable Cors middleware...
[2023-4-23 2:41:16] [INFO] [Middleware] Enable Http middleware...
[2023-4-23 2:41:16] [INFO] [Routes] Mounting User Routes...
[2023-4-23 2:41:16] [INFO] [Middleware] Enable Monitor middleware...
[2023-4-23 2:41:16] [INFO] [Routes] Mounting Lobby Routes...
[2023-4-23 2:41:16] [INFO] [Routes] Mounting API Routes...
[2023-4-23 2:41:16] [INFO] [Database] Loading...
[2023-4-23 2:41:16] [INFO] [Server] Loading...
[2023-4-23 2:41:15] [INFO] [Cluster] PID '23500' Connected!
[2023-4-23 2:41:15] [INFO] [Cluster] PID '17700' Connected!
[2023-4-23 2:41:15] [INFO] [Cluster] PID '13768' Connected!
[2023-4-23 2:41:15] [INFO] [Cluster] PID '28624' Connected!
[2023-4-23 2:41:16] [INFO] [Middleware] Enable Cors middleware...
[2023-4-23 2:41:16] [INFO] [Middleware] Enable Http middleware...
[2023-4-23 2:41:16] [INFO] [Middleware] Enable Monitor middleware...
[2023-4-23 2:41:16] [INFO] [Routes] Mounting API Routes...
[2023-4-23 2:41:16] [INFO] [Routes] Mounting User Routes...
[2023-4-23 2:41:16] [INFO] [Routes] Mounting Lobby Routes...
[2023-4-23 2:41:16] [INFO] [Database] Loading...
[2023-4-23 2:41:16] [INFO] [Server] Loading...
[2023-4-23 2:41:16] [INFO] [Middleware] Enable Cors middleware...
[2023-4-23 2:41:16] [INFO] [Middleware] Enable Http middleware...
[2023-4-23 2:41:16] [INFO] [Middleware] Enable Monitor middleware...
[2023-4-23 2:41:16] [INFO] [Routes] Mounting API Routes...
[2023-4-23 2:41:16] [INFO] [Routes] Mounting User Routes...
[2023-4-23 2:41:16] [INFO] [Routes] Mounting Lobby Routes...
[2023-4-23 2:41:16] [INFO] [Database] Loading...
[2023-4-23 2:41:16] [INFO] [Server] Loading...
[2023-4-23 2:41:15] [INFO] [Cluster] PID '31448' Connected!
[2023-4-23 2:41:15] [INFO] [Cluster] PID '27812' Connected!
[2023-4-23 2:41:16] [INFO] [Middleware] Enable Cors middleware...
[2023-4-23 2:41:16] [INFO] [Middleware] Enable Http middleware...
[2023-4-23 2:41:16] [INFO] [Middleware] Enable Monitor middleware...
[2023-4-23 2:41:16] [INFO] [Routes] Mounting API Routes...
[2023-4-23 2:41:16] [INFO] [Routes] Mounting User Routes...
[2023-4-23 2:41:16] [INFO] [Routes] Mounting Lobby Routes...
[2023-4-23 2:41:16] [INFO] [Database] Loading...
[2023-4-23 2:41:16] [INFO] [Server] Loading...
[2023-4-23 2:41:15] [INFO] [Cluster] PID '31768' Connected!
[2023-4-23 2:41:16] [INFO] [Middleware] Enable Cors middleware...
[2023-4-23 2:41:16] [INFO] [Middleware] Enable Http middleware...
[2023-4-23 2:41:16] [INFO] [Middleware] Enable Monitor middleware...
[2023-4-23 2:41:16] [INFO] [Routes] Mounting API Routes...
[2023-4-23 2:41:16] [INFO] [Routes] Mounting User Routes...
[2023-4-23 2:41:16] [INFO] [Routes] Mounting Lobby Routes...
[2023-4-23 2:41:16] [INFO] [Database] Loading...
[2023-4-23 2:41:16] [INFO] [Server] Loading...
[2023-4-23 2:41:16] [INFO] [Middleware] Enable Cors middleware...
[2023-4-23 2:41:16] [INFO] [Middleware] Enable Http middleware...
[2023-4-23 2:41:16] [INFO] [Middleware] Enable Monitor middleware...
[2023-4-23 2:41:16] [INFO] [Routes] Mounting API Routes...
[2023-4-23 2:41:16] [INFO] [Routes] Mounting User Routes...
[2023-4-23 2:41:16] [INFO] [Routes] Mounting Lobby Routes...
[2023-4-23 2:41:16] [INFO] [Database] Loading...
[2023-4-23 2:41:16] [INFO] [Server] Loading...
[2023-4-23 2:41:15] [INFO] [Cluster] PID '6060' Connected!
[2023-4-23 2:41:15] [INFO] [Cluster] PID '31608' Connected!
[2023-4-23 2:41:16] [INFO] [Middleware] Enable Cors middleware...
[2023-4-23 2:41:16] [INFO] [Middleware] Enable Http middleware...
[2023-4-23 2:41:16] [INFO] [Middleware] Enable Monitor middleware...
[2023-4-23 2:41:16] [INFO] [Routes] Mounting API Routes...
[2023-4-23 2:41:16] [INFO] [Routes] Mounting User Routes...
[2023-4-23 2:41:16] [INFO] [Routes] Mounting Lobby Routes...
[2023-4-23 2:41:16] [INFO] [Database] Loading...
[2023-4-23 2:41:16] [INFO] [Server] Loading...
[2023-4-23 2:41:15] [INFO] [Cluster] PID '33776' Connected!
[2023-4-23 2:41:16] [INFO] [Database] Connected to Mongo Database at : mongodb+srv://admin:admin@cluster0.jtexi.mongodb.net/tsr
[2023-4-23 2:41:16] [INFO] [Database] Connected to Mongo Database at : mongodb+srv://admin:admin@cluster0.jtexi.mongodb.net/tsr
[2023-4-23 2:41:16] [INFO] [Database] Connected to Mongo Database at : mongodb+srv://admin:admin@cluster0.jtexi.mongodb.net/tsr
[2023-4-23 2:41:16] [INFO] [Database] Connected to Mongo Database at : mongodb+srv://admin:admin@cluster0.jtexi.mongodb.net/tsr
[2023-4-23 2:41:16] [INFO] [Database] Connected to Mongo Database at : mongodb+srv://admin:admin@cluster0.jtexi.mongodb.net/tsr
[2023-4-23 2:41:16] [INFO] [Database] Connected to Mongo Database at : mongodb+srv://admin:admin@cluster0.jtexi.mongodb.net/tsr
[2023-4-23 2:41:16] [INFO] [Database] Connected to Mongo Database at : mongodb+srv://admin:admin@cluster0.jtexi.mongodb.net/tsr
[2023-4-23 2:41:16] [INFO] [Database] Connected to Mongo Database at : mongodb+srv://admin:admin@cluster0.jtexi.mongodb.net/tsr
[2023-4-23 2:41:16] [INFO] [Database] Connected to Mongo Database at : mongodb+srv://admin:admin@cluster0.jtexi.mongodb.net/tsr
[2023-4-23 2:41:16] [INFO] [Database] Connected to Mongo Database at : mongodb+srv://admin:admin@cluster0.jtexi.mongodb.net/tsr
[2023-4-23 2:41:16] [INFO] [Database] Connected to Mongo Database at : mongodb+srv://admin:admin@cluster0.jtexi.mongodb.net/tsr
[2023-4-23 2:41:16] [INFO] [Database] Connected to Mongo Database at : mongodb+srv://admin:admin@cluster0.jtexi.mongodb.net/tsr
[2023-4-23 2:41:16] [INFO] [Database] Connected to Mongo Database at : mongodb+srv://admin:admin@cluster0.jtexi.mongodb.net/tsr
[2023-4-23 2:41:16] [INFO] [Database] Connected to Mongo Database at : mongodb+srv://admin:admin@cluster0.jtexi.mongodb.net/tsr
[2023-4-23 2:41:16] [INFO] [Database] Connected to Mongo Database at : mongodb+srv://admin:admin@cluster0.jtexi.mongodb.net/tsr
[2023-4-23 2:41:16] [INFO] [Database] Connected to Mongo Database at : mongodb+srv://admin:admin@cluster0.jtexi.mongodb.net/tsr
[2023-4-23 2:41:16] [INFO] [Database] Connected to Mongo Database at : mongodb+srv://admin:admin@cluster0.jtexi.mongodb.net/tsr
[2023-4-23 2:41:16] [INFO] [Database] Connected to Mongo Database at : mongodb+srv://admin:admin@cluster0.jtexi.mongodb.net/tsr
[2023-4-23 2:41:16] [INFO] [Database] Connected to Mongo Database at : mongodb+srv://admin:admin@cluster0.jtexi.mongodb.net/tsr
[2023-4-23 2:41:16] [INFO] [Database] Connected to Mongo Database at : mongodb+srv://admin:admin@cluster0.jtexi.mongodb.net/tsr
[2023-4-23 2:41:16] [INFO] [Database] Connected to Mongo Database at : mongodb+srv://admin:admin@cluster0.jtexi.mongodb.net/tsr
[2023-4-23 2:41:16] [INFO] [Database] Connected to Mongo Database at : mongodb+srv://admin:admin@cluster0.jtexi.mongodb.net/tsr
[2023-4-23 2:41:16] [INFO] [Database] Connected to Mongo Database at : mongodb+srv://admin:admin@cluster0.jtexi.mongodb.net/tsr
[2023-4-23 2:41:16] [INFO] [Database] Connected to Mongo Database at : mongodb+srv://admin:admin@cluster0.jtexi.mongodb.net/tsr
[2023-4-23 2:41:16] [INFO] [Database] Connected to Mongo Database at : mongodb+srv://admin:admin@cluster0.jtexi.mongodb.net/tsr
[2023-4-23 2:41:16] [INFO] [Database] Connected to Mongo Database at : mongodb+srv://admin:admin@cluster0.jtexi.mongodb.net/tsr
[2023-4-23 2:41:16] [INFO] [Database] Connected to Mongo Database at : mongodb+srv://admin:admin@cluster0.jtexi.mongodb.net/tsr
[2023-4-23 2:41:16] [INFO] [Database] Connected to Mongo Database at : mongodb+srv://admin:admin@cluster0.jtexi.mongodb.net/tsr
[2023-4-23 2:41:16] [INFO] [Database] Connected to Mongo Database at : mongodb+srv://admin:admin@cluster0.jtexi.mongodb.net/tsr
[2023-4-23 2:41:16] [INFO] [Database] Connected to Mongo Database at : mongodb+srv://admin:admin@cluster0.jtexi.mongodb.net/tsr
[2023-4-23 2:41:16] [INFO] [Database] Connected to Mongo Database at : mongodb+srv://admin:admin@cluster0.jtexi.mongodb.net/tsr
[2023-4-23 2:41:16] [INFO] [Database] Connected to Mongo Database at : mongodb+srv://admin:admin@cluster0.jtexi.mongodb.net/tsr
[2023-4-23 2:41:34] [INFO] [Middleware] Enable Cors middleware...
[2023-4-23 2:41:34] [INFO] [Middleware] Enable Http middleware...
[2023-4-23 2:41:34] [INFO] [Middleware] Enable Monitor middleware...
[2023-4-23 2:41:34] [INFO] [Routes] Mounting API Routes...
[2023-4-23 2:41:34] [INFO] [Routes] Mounting User Routes...
[2023-4-23 2:41:34] [INFO] [Routes] Mounting Lobby Routes...
[2023-4-23 2:41:34] [INFO] [Configuration] Loading...
[2023-4-23 2:41:34] [INFO] [Queue Monitor] Running @ 'http://127.0.0.1:5550'
[2023-4-23 2:41:34] [WARN] [Error] Warning: Accessing non-existent property 'lineno' of module exports inside circular dependency
    at emitCircularRequireWarning (node:internal/modules/cjs/loader:848:11)
    at Object.get (node:internal/modules/cjs/loader:864:5)
    at Boolean.Node [as constructor] (F:\WebApp\JS\React\tbr\Server\node_modules\.pnpm\stylus@0.54.5\node_modules\stylus\lib\nodes\node.js:42:23)
    at new Boolean (F:\WebApp\JS\React\tbr\Server\node_modules\.pnpm\stylus@0.54.5\node_modules\stylus\lib\nodes\boolean.js:23:8)
    at Object.<anonymous> (F:\WebApp\JS\React\tbr\Server\node_modules\.pnpm\stylus@0.54.5\node_modules\stylus\lib\nodes\index.js:57:16)
    at Module._compile (node:internal/modules/cjs/loader:1275:14)
    at Module._extensions..js (node:internal/modules/cjs/loader:1329:10)
    at Module.load (node:internal/modules/cjs/loader:1133:32)
    at Module._load (node:internal/modules/cjs/loader:972:12)
    at Module.require (node:internal/modules/cjs/loader:1157:19)
    at require (node:internal/modules/helpers:119:18)
    at Object.<anonymous> (F:\WebApp\JS\React\tbr\Server\node_modules\.pnpm\stylus@0.54.5\node_modules\stylus\lib\lexer.js:13:13)
    at Module._compile (node:internal/modules/cjs/loader:1275:14)
    at Module._extensions..js (node:internal/modules/cjs/loader:1329:10)
    at Module.load (node:internal/modules/cjs/loader:1133:32)
    at Module._load (node:internal/modules/cjs/loader:972:12)
[2023-4-23 2:41:34] [WARN] [Error] Warning: Accessing non-existent property 'column' of module exports inside circular dependency
    at emitCircularRequireWarning (node:internal/modules/cjs/loader:848:11)
    at Object.get (node:internal/modules/cjs/loader:864:5)
    at Boolean.Node [as constructor] (F:\WebApp\JS\React\tbr\Server\node_modules\.pnpm\stylus@0.54.5\node_modules\stylus\lib\nodes\node.js:43:23)
    at new Boolean (F:\WebApp\JS\React\tbr\Server\node_modules\.pnpm\stylus@0.54.5\node_modules\stylus\lib\nodes\boolean.js:23:8)
    at Object.<anonymous> (F:\WebApp\JS\React\tbr\Server\node_modules\.pnpm\stylus@0.54.5\node_modules\stylus\lib\nodes\index.js:57:16)
    at Module._compile (node:internal/modules/cjs/loader:1275:14)
    at Module._extensions..js (node:internal/modules/cjs/loader:1329:10)
    at Module.load (node:internal/modules/cjs/loader:1133:32)
    at Module._load (node:internal/modules/cjs/loader:972:12)
    at Module.require (node:internal/modules/cjs/loader:1157:19)
    at require (node:internal/modules/helpers:119:18)
    at Object.<anonymous> (F:\WebApp\JS\React\tbr\Server\node_modules\.pnpm\stylus@0.54.5\node_modules\stylus\lib\lexer.js:13:13)
    at Module._compile (node:internal/modules/cjs/loader:1275:14)
    at Module._extensions..js (node:internal/modules/cjs/loader:1329:10)
    at Module.load (node:internal/modules/cjs/loader:1133:32)
    at Module._load (node:internal/modules/cjs/loader:972:12)
[2023-4-23 2:41:34] [WARN] [Error] Warning: Accessing non-existent property 'filename' of module exports inside circular dependency
    at emitCircularRequireWarning (node:internal/modules/cjs/loader:848:11)
    at Object.get (node:internal/modules/cjs/loader:864:5)
    at Boolean.Node [as constructor] (F:\WebApp\JS\React\tbr\Server\node_modules\.pnpm\stylus@0.54.5\node_modules\stylus\lib\nodes\node.js:44:25)
    at new Boolean (F:\WebApp\JS\React\tbr\Server\node_modules\.pnpm\stylus@0.54.5\node_modules\stylus\lib\nodes\boolean.js:23:8)
    at Object.<anonymous> (F:\WebApp\JS\React\tbr\Server\node_modules\.pnpm\stylus@0.54.5\node_modules\stylus\lib\nodes\index.js:57:16)
    at Module._compile (node:internal/modules/cjs/loader:1275:14)
    at Module._extensions..js (node:internal/modules/cjs/loader:1329:10)
    at Module.load (node:internal/modules/cjs/loader:1133:32)
    at Module._load (node:internal/modules/cjs/loader:972:12)
    at Module.require (node:internal/modules/cjs/loader:1157:19)
    at require (node:internal/modules/helpers:119:18)
    at Object.<anonymous> (F:\WebApp\JS\React\tbr\Server\node_modules\.pnpm\stylus@0.54.5\node_modules\stylus\lib\lexer.js:13:13)
    at Module._compile (node:internal/modules/cjs/loader:1275:14)
    at Module._extensions..js (node:internal/modules/cjs/loader:1329:10)
    at Module.load (node:internal/modules/cjs/loader:1133:32)
    at Module._load (node:internal/modules/cjs/loader:972:12)
[2023-4-23 2:41:34] [WARN] [Error] Warning: Accessing non-existent property 'lineno' of module exports inside circular dependency
    at emitCircularRequireWarning (node:internal/modules/cjs/loader:848:11)
    at Object.get (node:internal/modules/cjs/loader:864:5)
    at Boolean.Node [as constructor] (F:\WebApp\JS\React\tbr\Server\node_modules\.pnpm\stylus@0.54.5\node_modules\stylus\lib\nodes\node.js:42:23)
    at new Boolean (F:\WebApp\JS\React\tbr\Server\node_modules\.pnpm\stylus@0.54.5\node_modules\stylus\lib\nodes\boolean.js:23:8)
    at Object.<anonymous> (F:\WebApp\JS\React\tbr\Server\node_modules\.pnpm\stylus@0.54.5\node_modules\stylus\lib\nodes\index.js:58:17)
    at Module._compile (node:internal/modules/cjs/loader:1275:14)
    at Module._extensions..js (node:internal/modules/cjs/loader:1329:10)
    at Module.load (node:internal/modules/cjs/loader:1133:32)
    at Module._load (node:internal/modules/cjs/loader:972:12)
    at Module.require (node:internal/modules/cjs/loader:1157:19)
    at require (node:internal/modules/helpers:119:18)
    at Object.<anonymous> (F:\WebApp\JS\React\tbr\Server\node_modules\.pnpm\stylus@0.54.5\node_modules\stylus\lib\lexer.js:13:13)
    at Module._compile (node:internal/modules/cjs/loader:1275:14)
    at Module._extensions..js (node:internal/modules/cjs/loader:1329:10)
    at Module.load (node:internal/modules/cjs/loader:1133:32)
    at Module._load (node:internal/modules/cjs/loader:972:12)
[2023-4-23 2:41:34] [WARN] [Error] Warning: Accessing non-existent property 'column' of module exports inside circular dependency
    at emitCircularRequireWarning (node:internal/modules/cjs/loader:848:11)
    at Object.get (node:internal/modules/cjs/loader:864:5)
    at Boolean.Node [as constructor] (F:\WebApp\JS\React\tbr\Server\node_modules\.pnpm\stylus@0.54.5\node_modules\stylus\lib\nodes\node.js:43:23)
    at new Boolean (F:\WebApp\JS\React\tbr\Server\node_modules\.pnpm\stylus@0.54.5\node_modules\stylus\lib\nodes\boolean.js:23:8)
    at Object.<anonymous> (F:\WebApp\JS\React\tbr\Server\node_modules\.pnpm\stylus@0.54.5\node_modules\stylus\lib\nodes\index.js:58:17)
    at Module._compile (node:internal/modules/cjs/loader:1275:14)
    at Module._extensions..js (node:internal/modules/cjs/loader:1329:10)
    at Module.load (node:internal/modules/cjs/loader:1133:32)
    at Module._load (node:internal/modules/cjs/loader:972:12)
    at Module.require (node:internal/modules/cjs/loader:1157:19)
    at require (node:internal/modules/helpers:119:18)
    at Object.<anonymous> (F:\WebApp\JS\React\tbr\Server\node_modules\.pnpm\stylus@0.54.5\node_modules\stylus\lib\lexer.js:13:13)
    at Module._compile (node:internal/modules/cjs/loader:1275:14)
    at Module._extensions..js (node:internal/modules/cjs/loader:1329:10)
    at Module.load (node:internal/modules/cjs/loader:1133:32)
    at Module._load (node:internal/modules/cjs/loader:972:12)
[2023-4-23 2:41:34] [WARN] [Error] Warning: Accessing non-existent property 'filename' of module exports inside circular dependency
    at emitCircularRequireWarning (node:internal/modules/cjs/loader:848:11)
    at Object.get (node:internal/modules/cjs/loader:864:5)
    at Boolean.Node [as constructor] (F:\WebApp\JS\React\tbr\Server\node_modules\.pnpm\stylus@0.54.5\node_modules\stylus\lib\nodes\node.js:44:25)
    at new Boolean (F:\WebApp\JS\React\tbr\Server\node_modules\.pnpm\stylus@0.54.5\node_modules\stylus\lib\nodes\boolean.js:23:8)
    at Object.<anonymous> (F:\WebApp\JS\React\tbr\Server\node_modules\.pnpm\stylus@0.54.5\node_modules\stylus\lib\nodes\index.js:58:17)
    at Module._compile (node:internal/modules/cjs/loader:1275:14)
    at Module._extensions..js (node:internal/modules/cjs/loader:1329:10)
    at Module.load (node:internal/modules/cjs/loader:1133:32)
    at Module._load (node:internal/modules/cjs/loader:972:12)
    at Module.require (node:internal/modules/cjs/loader:1157:19)
    at require (node:internal/modules/helpers:119:18)
    at Object.<anonymous> (F:\WebApp\JS\React\tbr\Server\node_modules\.pnpm\stylus@0.54.5\node_modules\stylus\lib\lexer.js:13:13)
    at Module._compile (node:internal/modules/cjs/loader:1275:14)
    at Module._extensions..js (node:internal/modules/cjs/loader:1329:10)
    at Module.load (node:internal/modules/cjs/loader:1133:32)
    at Module._load (node:internal/modules/cjs/loader:972:12)
[2023-4-23 2:41:34] [INFO] [Cluster] PID '30292' forked!
[2023-4-23 2:41:34] [INFO] [Cluster] PID '31836' forked!
[2023-4-23 2:41:34] [INFO] [Cluster] PID '31912' forked!
[2023-4-23 2:41:34] [INFO] [Cluster] PID '5364' forked!
[2023-4-23 2:41:34] [INFO] [Cluster] PID '29572' forked!
[2023-4-23 2:41:34] [INFO] [Cluster] PID '33052' forked!
[2023-4-23 2:41:34] [INFO] [Cluster] PID '9972' forked!
[2023-4-23 2:41:34] [INFO] [Cluster] PID '29016' forked!
[2023-4-23 2:41:34] [INFO] [Cluster] PID '18680' forked!
[2023-4-23 2:41:34] [INFO] [Cluster] PID '29000' forked!
[2023-4-23 2:41:34] [INFO] [Cluster] PID '27652' forked!
[2023-4-23 2:41:34] [INFO] [Cluster] PID '32372' forked!
[2023-4-23 2:41:34] [INFO] [Cluster] PID '29076' forked!
[2023-4-23 2:41:34] [INFO] [Cluster] PID '28240' forked!
[2023-4-23 2:41:34] [INFO] [Cluster] PID '20548' forked!
[2023-4-23 2:41:34] [INFO] [Cluster] PID '28320' forked!
[2023-4-23 2:41:34] [INFO] [Cluster] PID '18268' forked!
[2023-4-23 2:41:34] [INFO] [Cluster] PID '31108' forked!
[2023-4-23 2:41:34] [INFO] [Cluster] PID '29784' forked!
[2023-4-23 2:41:34] [INFO] [Cluster] PID '33300' forked!
[2023-4-23 2:41:34] [INFO] [Cluster] PID '7864' forked!
[2023-4-23 2:41:34] [INFO] [Cluster] PID '29296' forked!
[2023-4-23 2:41:34] [INFO] [Cluster] PID '29156' forked!
[2023-4-23 2:41:34] [INFO] [Cluster] PID '32448' forked!
[2023-4-23 2:41:34] [INFO] [Cluster] PID '33060' forked!
[2023-4-23 2:41:34] [INFO] [Cluster] PID '10968' forked!
[2023-4-23 2:41:34] [INFO] [Cluster] PID '27496' forked!
[2023-4-23 2:41:34] [INFO] [Cluster] PID '16624' forked!
[2023-4-23 2:41:34] [INFO] [Cluster] PID '30372' forked!
[2023-4-23 2:41:34] [INFO] [Cluster] PID '15808' forked!
[2023-4-23 2:41:34] [INFO] [Cluster] PID '29124' forked!
[2023-4-23 2:41:34] [INFO] [Cluster] PID '23672' forked!
[2023-4-23 2:41:34] [INFO] [Middleware] Enable Cors middleware...
[2023-4-23 2:41:34] [INFO] [Middleware] Enable Monitor middleware...
[2023-4-23 2:41:34] [INFO] [Middleware] Enable Http middleware...
[2023-4-23 2:41:34] [INFO] [Routes] Mounting API Routes...
[2023-4-23 2:41:34] [INFO] [Routes] Mounting User Routes...
[2023-4-23 2:41:34] [INFO] [Routes] Mounting Lobby Routes...
[2023-4-23 2:41:34] [INFO] [Database] Loading...
[2023-4-23 2:41:34] [INFO] [Server] Loading...
[2023-4-23 2:41:34] [INFO] [Cluster] PID '30292' Connected!
[2023-4-23 2:41:34] [INFO] [Middleware] Enable Cors middleware...
[2023-4-23 2:41:34] [INFO] [Middleware] Enable Http middleware...
[2023-4-23 2:41:34] [INFO] [Middleware] Enable Monitor middleware...
[2023-4-23 2:41:34] [INFO] [Routes] Mounting API Routes...
[2023-4-23 2:41:34] [INFO] [Routes] Mounting User Routes...
[2023-4-23 2:41:34] [INFO] [Routes] Mounting Lobby Routes...
[2023-4-23 2:41:34] [INFO] [Database] Loading...
[2023-4-23 2:41:34] [INFO] [Server] Loading...
[2023-4-23 2:41:34] [INFO] [Cluster] PID '31836' Connected!
[2023-4-23 2:41:34] [INFO] [Middleware] Enable Cors middleware...
[2023-4-23 2:41:34] [INFO] [Middleware] Enable Http middleware...
[2023-4-23 2:41:34] [INFO] [Middleware] Enable Monitor middleware...
[2023-4-23 2:41:34] [INFO] [Routes] Mounting API Routes...
[2023-4-23 2:41:34] [INFO] [Routes] Mounting User Routes...
[2023-4-23 2:41:34] [INFO] [Routes] Mounting Lobby Routes...
[2023-4-23 2:41:34] [INFO] [Database] Loading...
[2023-4-23 2:41:34] [INFO] [Server] Loading...
[2023-4-23 2:41:34] [INFO] [Cluster] PID '31912' Connected!
[2023-4-23 2:41:34] [INFO] [Middleware] Enable Cors middleware...
[2023-4-23 2:41:34] [INFO] [Middleware] Enable Http middleware...
[2023-4-23 2:41:34] [INFO] [Middleware] Enable Monitor middleware...
[2023-4-23 2:41:34] [INFO] [Routes] Mounting API Routes...
[2023-4-23 2:41:34] [INFO] [Routes] Mounting User Routes...
[2023-4-23 2:41:34] [INFO] [Routes] Mounting Lobby Routes...
[2023-4-23 2:41:34] [INFO] [Database] Loading...
[2023-4-23 2:41:34] [INFO] [Server] Loading...
[2023-4-23 2:41:34] [INFO] [Cluster] PID '9972' Connected!
[2023-4-23 2:41:34] [INFO] [Middleware] Enable Cors middleware...
[2023-4-23 2:41:34] [INFO] [Middleware] Enable Http middleware...
[2023-4-23 2:41:34] [INFO] [Middleware] Enable Monitor middleware...
[2023-4-23 2:41:34] [INFO] [Routes] Mounting API Routes...
[2023-4-23 2:41:34] [INFO] [Routes] Mounting User Routes...
[2023-4-23 2:41:34] [INFO] [Routes] Mounting Lobby Routes...
[2023-4-23 2:41:34] [INFO] [Database] Loading...
[2023-4-23 2:41:34] [INFO] [Server] Loading...
[2023-4-23 2:41:34] [INFO] [Middleware] Enable Cors middleware...
[2023-4-23 2:41:34] [INFO] [Middleware] Enable Http middleware...
[2023-4-23 2:41:34] [INFO] [Middleware] Enable Monitor middleware...
[2023-4-23 2:41:34] [INFO] [Routes] Mounting API Routes...
[2023-4-23 2:41:34] [INFO] [Routes] Mounting User Routes...
[2023-4-23 2:41:34] [INFO] [Routes] Mounting Lobby Routes...
[2023-4-23 2:41:34] [INFO] [Database] Loading...
[2023-4-23 2:41:34] [INFO] [Server] Loading...
[2023-4-23 2:41:34] [INFO] [Cluster] PID '5364' Connected!
[2023-4-23 2:41:34] [INFO] [Cluster] PID '29572' Connected!
[2023-4-23 2:41:34] [INFO] [Middleware] Enable Cors middleware...
[2023-4-23 2:41:34] [INFO] [Middleware] Enable Http middleware...
[2023-4-23 2:41:34] [INFO] [Middleware] Enable Monitor middleware...
[2023-4-23 2:41:34] [INFO] [Routes] Mounting API Routes...
[2023-4-23 2:41:34] [INFO] [Routes] Mounting User Routes...
[2023-4-23 2:41:34] [INFO] [Routes] Mounting Lobby Routes...
[2023-4-23 2:41:34] [INFO] [Database] Loading...
[2023-4-23 2:41:34] [INFO] [Server] Loading...
[2023-4-23 2:41:34] [INFO] [Cluster] PID '33052' Connected!
[2023-4-23 2:41:34] [INFO] [Middleware] Enable Cors middleware...
[2023-4-23 2:41:34] [INFO] [Middleware] Enable Monitor middleware...
[2023-4-23 2:41:34] [INFO] [Middleware] Enable Http middleware...
[2023-4-23 2:41:34] [INFO] [Routes] Mounting API Routes...
[2023-4-23 2:41:34] [INFO] [Routes] Mounting User Routes...
[2023-4-23 2:41:34] [INFO] [Routes] Mounting Lobby Routes...
[2023-4-23 2:41:34] [INFO] [Database] Loading...
[2023-4-23 2:41:34] [INFO] [Server] Loading...
[2023-4-23 2:41:34] [INFO] [Middleware] Enable Cors middleware...
[2023-4-23 2:41:34] [INFO] [Middleware] Enable Monitor middleware...
[2023-4-23 2:41:34] [INFO] [Routes] Mounting API Routes...
[2023-4-23 2:41:34] [INFO] [Routes] Mounting User Routes...
[2023-4-23 2:41:34] [INFO] [Middleware] Enable Http middleware...
[2023-4-23 2:41:34] [INFO] [Database] Loading...
[2023-4-23 2:41:34] [INFO] [Server] Loading...
[2023-4-23 2:41:34] [INFO] [Routes] Mounting Lobby Routes...
[2023-4-23 2:41:34] [INFO] [Cluster] PID '18680' Connected!
[2023-4-23 2:41:34] [INFO] [Cluster] PID '29016' Connected!
[2023-4-23 2:41:34] [INFO] [Middleware] Enable Cors middleware...
[2023-4-23 2:41:34] [INFO] [Middleware] Enable Http middleware...
[2023-4-23 2:41:34] [INFO] [Middleware] Enable Monitor middleware...
[2023-4-23 2:41:34] [INFO] [Routes] Mounting API Routes...
[2023-4-23 2:41:34] [INFO] [Routes] Mounting User Routes...
[2023-4-23 2:41:34] [INFO] [Routes] Mounting Lobby Routes...
[2023-4-23 2:41:34] [INFO] [Database] Loading...
[2023-4-23 2:41:34] [INFO] [Server] Loading...
[2023-4-23 2:41:34] [INFO] [Cluster] PID '28240' Connected!
[2023-4-23 2:41:34] [INFO] [Middleware] Enable Cors middleware...
[2023-4-23 2:41:34] [INFO] [Middleware] Enable Http middleware...
[2023-4-23 2:41:34] [INFO] [Middleware] Enable Monitor middleware...
[2023-4-23 2:41:34] [INFO] [Routes] Mounting API Routes...
[2023-4-23 2:41:34] [INFO] [Routes] Mounting User Routes...
[2023-4-23 2:41:34] [INFO] [Routes] Mounting Lobby Routes...
[2023-4-23 2:41:34] [INFO] [Database] Loading...
[2023-4-23 2:41:34] [INFO] [Server] Loading...
[2023-4-23 2:41:34] [INFO] [Cluster] PID '29000' Connected!
[2023-4-23 2:41:34] [INFO] [Middleware] Enable Cors middleware...
[2023-4-23 2:41:34] [INFO] [Middleware] Enable Http middleware...
[2023-4-23 2:41:34] [INFO] [Middleware] Enable Monitor middleware...
[2023-4-23 2:41:34] [INFO] [Routes] Mounting API Routes...
[2023-4-23 2:41:34] [INFO] [Routes] Mounting User Routes...
[2023-4-23 2:41:34] [INFO] [Routes] Mounting Lobby Routes...
[2023-4-23 2:41:34] [INFO] [Server] Loading...
[2023-4-23 2:41:34] [INFO] [Database] Loading...
[2023-4-23 2:41:34] [INFO] [Cluster] PID '27652' Connected!
[2023-4-23 2:41:34] [INFO] [Middleware] Enable Http middleware...
[2023-4-23 2:41:34] [INFO] [Middleware] Enable Monitor middleware...
[2023-4-23 2:41:34] [INFO] [Routes] Mounting API Routes...
[2023-4-23 2:41:34] [INFO] [Routes] Mounting User Routes...
[2023-4-23 2:41:34] [INFO] [Routes] Mounting Lobby Routes...
[2023-4-23 2:41:34] [INFO] [Database] Loading...
[2023-4-23 2:41:34] [INFO] [Server] Loading...
[2023-4-23 2:41:34] [INFO] [Middleware] Enable Cors middleware...
[2023-4-23 2:41:34] [INFO] [Middleware] Enable Cors middleware...
[2023-4-23 2:41:34] [INFO] [Middleware] Enable Http middleware...
[2023-4-23 2:41:34] [INFO] [Middleware] Enable Monitor middleware...
[2023-4-23 2:41:34] [INFO] [Routes] Mounting API Routes...
[2023-4-23 2:41:34] [INFO] [Routes] Mounting User Routes...
[2023-4-23 2:41:34] [INFO] [Routes] Mounting Lobby Routes...
[2023-4-23 2:41:34] [INFO] [Database] Loading...
[2023-4-23 2:41:34] [INFO] [Server] Loading...
[2023-4-23 2:41:34] [INFO] [Middleware] Enable Cors middleware...
[2023-4-23 2:41:34] [INFO] [Middleware] Enable Http middleware...
[2023-4-23 2:41:34] [INFO] [Middleware] Enable Monitor middleware...
[2023-4-23 2:41:34] [INFO] [Routes] Mounting API Routes...
[2023-4-23 2:41:34] [INFO] [Routes] Mounting User Routes...
[2023-4-23 2:41:34] [INFO] [Routes] Mounting Lobby Routes...
[2023-4-23 2:41:34] [INFO] [Database] Loading...
[2023-4-23 2:41:34] [INFO] [Server] Loading...
[2023-4-23 2:41:34] [INFO] [Cluster] PID '32372' Connected!
[2023-4-23 2:41:34] [INFO] [Cluster] PID '29076' Connected!
[2023-4-23 2:41:34] [INFO] [Cluster] PID '20548' Connected!
[2023-4-23 2:41:35] [INFO] [Middleware] Enable Cors middleware...
[2023-4-23 2:41:35] [INFO] [Middleware] Enable Http middleware...
[2023-4-23 2:41:35] [INFO] [Middleware] Enable Monitor middleware...
[2023-4-23 2:41:35] [INFO] [Routes] Mounting API Routes...
[2023-4-23 2:41:35] [INFO] [Routes] Mounting User Routes...
[2023-4-23 2:41:35] [INFO] [Routes] Mounting Lobby Routes...
[2023-4-23 2:41:35] [INFO] [Database] Loading...
[2023-4-23 2:41:35] [INFO] [Server] Loading...
[2023-4-23 2:41:34] [INFO] [Cluster] PID '29784' Connected!
[2023-4-23 2:41:34] [INFO] [Middleware] Enable Cors middleware...
[2023-4-23 2:41:34] [INFO] [Middleware] Enable Http middleware...
[2023-4-23 2:41:34] [INFO] [Middleware] Enable Monitor middleware...
[2023-4-23 2:41:34] [INFO] [Routes] Mounting API Routes...
[2023-4-23 2:41:34] [INFO] [Routes] Mounting User Routes...
[2023-4-23 2:41:34] [INFO] [Routes] Mounting Lobby Routes...
[2023-4-23 2:41:34] [INFO] [Database] Loading...
[2023-4-23 2:41:34] [INFO] [Server] Loading...
[2023-4-23 2:41:34] [INFO] [Cluster] PID '28320' Connected!
[2023-4-23 2:41:35] [INFO] [Middleware] Enable Cors middleware...
[2023-4-23 2:41:35] [INFO] [Middleware] Enable Monitor middleware...
[2023-4-23 2:41:35] [INFO] [Routes] Mounting API Routes...
[2023-4-23 2:41:35] [INFO] [Middleware] Enable Http middleware...
[2023-4-23 2:41:35] [INFO] [Routes] Mounting User Routes...
[2023-4-23 2:41:35] [INFO] [Routes] Mounting Lobby Routes...
[2023-4-23 2:41:35] [INFO] [Database] Loading...
[2023-4-23 2:41:35] [INFO] [Server] Loading...
[2023-4-23 2:41:35] [INFO] [Middleware] Enable Cors middleware...
[2023-4-23 2:41:35] [INFO] [Middleware] Enable Http middleware...
[2023-4-23 2:41:35] [INFO] [Middleware] Enable Monitor middleware...
[2023-4-23 2:41:35] [INFO] [Routes] Mounting API Routes...
[2023-4-23 2:41:35] [INFO] [Routes] Mounting User Routes...
[2023-4-23 2:41:35] [INFO] [Routes] Mounting Lobby Routes...
[2023-4-23 2:41:35] [INFO] [Database] Loading...
[2023-4-23 2:41:35] [INFO] [Server] Loading...
[2023-4-23 2:41:34] [INFO] [Cluster] PID '31108' Connected!
[2023-4-23 2:41:35] [INFO] [Middleware] Enable Cors middleware...
[2023-4-23 2:41:35] [INFO] [Middleware] Enable Http middleware...
[2023-4-23 2:41:35] [INFO] [Middleware] Enable Monitor middleware...
[2023-4-23 2:41:35] [INFO] [Routes] Mounting API Routes...
[2023-4-23 2:41:35] [INFO] [Routes] Mounting User Routes...
[2023-4-23 2:41:35] [INFO] [Routes] Mounting Lobby Routes...
[2023-4-23 2:41:35] [INFO] [Database] Loading...
[2023-4-23 2:41:35] [INFO] [Server] Loading...
[2023-4-23 2:41:34] [INFO] [Cluster] PID '29296' Connected!
[2023-4-23 2:41:35] [INFO] [Middleware] Enable Cors middleware...
[2023-4-23 2:41:35] [INFO] [Middleware] Enable Http middleware...
[2023-4-23 2:41:35] [INFO] [Middleware] Enable Monitor middleware...
[2023-4-23 2:41:35] [INFO] [Routes] Mounting API Routes...
[2023-4-23 2:41:35] [INFO] [Routes] Mounting User Routes...
[2023-4-23 2:41:35] [INFO] [Routes] Mounting Lobby Routes...
[2023-4-23 2:41:35] [INFO] [Database] Loading...
[2023-4-23 2:41:35] [INFO] [Server] Loading...
[2023-4-23 2:41:34] [INFO] [Cluster] PID '18268' Connected!
[2023-4-23 2:41:34] [INFO] [Cluster] PID '7864' Connected!
[2023-4-23 2:41:35] [INFO] [Middleware] Enable Cors middleware...
[2023-4-23 2:41:35] [INFO] [Middleware] Enable Http middleware...
[2023-4-23 2:41:35] [INFO] [Middleware] Enable Monitor middleware...
[2023-4-23 2:41:35] [INFO] [Routes] Mounting API Routes...
[2023-4-23 2:41:35] [INFO] [Routes] Mounting User Routes...
[2023-4-23 2:41:35] [INFO] [Database] Loading...
[2023-4-23 2:41:35] [INFO] [Routes] Mounting Lobby Routes...
[2023-4-23 2:41:35] [INFO] [Server] Loading...
[2023-4-23 2:41:35] [INFO] [Middleware] Enable Cors middleware...
[2023-4-23 2:41:35] [INFO] [Middleware] Enable Http middleware...
[2023-4-23 2:41:35] [INFO] [Middleware] Enable Monitor middleware...
[2023-4-23 2:41:35] [INFO] [Routes] Mounting API Routes...
[2023-4-23 2:41:35] [INFO] [Routes] Mounting User Routes...
[2023-4-23 2:41:35] [INFO] [Routes] Mounting Lobby Routes...
[2023-4-23 2:41:35] [INFO] [Database] Loading...
[2023-4-23 2:41:35] [INFO] [Server] Loading...
[2023-4-23 2:41:34] [INFO] [Cluster] PID '33300' Connected!
[2023-4-23 2:41:34] [INFO] [Cluster] PID '32448' Connected!
[2023-4-23 2:41:35] [INFO] [Middleware] Enable Cors middleware...
[2023-4-23 2:41:35] [INFO] [Middleware] Enable Http middleware...
[2023-4-23 2:41:35] [INFO] [Middleware] Enable Monitor middleware...
[2023-4-23 2:41:35] [INFO] [Routes] Mounting API Routes...
[2023-4-23 2:41:35] [INFO] [Routes] Mounting User Routes...
[2023-4-23 2:41:35] [INFO] [Routes] Mounting Lobby Routes...
[2023-4-23 2:41:35] [INFO] [Database] Loading...
[2023-4-23 2:41:35] [INFO] [Server] Loading...
[2023-4-23 2:41:34] [INFO] [Cluster] PID '33060' Connected!
[2023-4-23 2:41:35] [INFO] [Middleware] Enable Cors middleware...
[2023-4-23 2:41:35] [INFO] [Middleware] Enable Http middleware...
[2023-4-23 2:41:35] [INFO] [Middleware] Enable Monitor middleware...
[2023-4-23 2:41:35] [INFO] [Routes] Mounting API Routes...
[2023-4-23 2:41:35] [INFO] [Routes] Mounting User Routes...
[2023-4-23 2:41:35] [INFO] [Routes] Mounting Lobby Routes...
[2023-4-23 2:41:35] [INFO] [Database] Loading...
[2023-4-23 2:41:35] [INFO] [Server] Loading...
[2023-4-23 2:41:35] [INFO] [Middleware] Enable Cors middleware...
[2023-4-23 2:41:35] [INFO] [Middleware] Enable Http middleware...
[2023-4-23 2:41:35] [INFO] [Middleware] Enable Monitor middleware...
[2023-4-23 2:41:35] [INFO] [Routes] Mounting User Routes...
[2023-4-23 2:41:35] [INFO] [Routes] Mounting API Routes...
[2023-4-23 2:41:35] [INFO] [Database] Loading...
[2023-4-23 2:41:35] [INFO] [Routes] Mounting Lobby Routes...
[2023-4-23 2:41:35] [INFO] [Server] Loading...
[2023-4-23 2:41:34] [INFO] [Cluster] PID '29156' Connected!
[2023-4-23 2:41:35] [INFO] [Middleware] Enable Cors middleware...
[2023-4-23 2:41:35] [INFO] [Middleware] Enable Http middleware...
[2023-4-23 2:41:35] [INFO] [Middleware] Enable Monitor middleware...
[2023-4-23 2:41:35] [INFO] [Routes] Mounting API Routes...
[2023-4-23 2:41:35] [INFO] [Routes] Mounting User Routes...
[2023-4-23 2:41:35] [INFO] [Routes] Mounting Lobby Routes...
[2023-4-23 2:41:35] [INFO] [Database] Loading...
[2023-4-23 2:41:35] [INFO] [Server] Loading...
[2023-4-23 2:41:34] [INFO] [Cluster] PID '16624' Connected!
[2023-4-23 2:41:34] [INFO] [Cluster] PID '10968' Connected!
[2023-4-23 2:41:35] [INFO] [Middleware] Enable Cors middleware...
[2023-4-23 2:41:35] [INFO] [Middleware] Enable Http middleware...
[2023-4-23 2:41:35] [INFO] [Middleware] Enable Monitor middleware...
[2023-4-23 2:41:35] [INFO] [Routes] Mounting API Routes...
[2023-4-23 2:41:35] [INFO] [Routes] Mounting User Routes...
[2023-4-23 2:41:35] [INFO] [Database] Loading...
[2023-4-23 2:41:35] [INFO] [Routes] Mounting Lobby Routes...
[2023-4-23 2:41:35] [INFO] [Server] Loading...
[2023-4-23 2:41:34] [INFO] [Cluster] PID '30372' Connected!
[2023-4-23 2:41:35] [INFO] [Middleware] Enable Cors middleware...
[2023-4-23 2:41:35] [INFO] [Middleware] Enable Http middleware...
[2023-4-23 2:41:35] [INFO] [Middleware] Enable Monitor middleware...
[2023-4-23 2:41:35] [INFO] [Routes] Mounting API Routes...
[2023-4-23 2:41:35] [INFO] [Routes] Mounting User Routes...
[2023-4-23 2:41:35] [INFO] [Routes] Mounting Lobby Routes...
[2023-4-23 2:41:35] [INFO] [Database] Loading...
[2023-4-23 2:41:35] [INFO] [Server] Loading...
[2023-4-23 2:41:34] [INFO] [Cluster] PID '27496' Connected!
[2023-4-23 2:41:35] [INFO] [Middleware] Enable Cors middleware...
[2023-4-23 2:41:35] [INFO] [Middleware] Enable Http middleware...
[2023-4-23 2:41:35] [INFO] [Middleware] Enable Monitor middleware...
[2023-4-23 2:41:35] [INFO] [Routes] Mounting API Routes...
[2023-4-23 2:41:35] [INFO] [Routes] Mounting User Routes...
[2023-4-23 2:41:35] [INFO] [Routes] Mounting Lobby Routes...
[2023-4-23 2:41:35] [INFO] [Database] Loading...
[2023-4-23 2:41:35] [INFO] [Server] Loading...
[2023-4-23 2:41:35] [INFO] [Middleware] Enable Cors middleware...
[2023-4-23 2:41:35] [INFO] [Middleware] Enable Http middleware...
[2023-4-23 2:41:35] [INFO] [Middleware] Enable Monitor middleware...
[2023-4-23 2:41:35] [INFO] [Routes] Mounting API Routes...
[2023-4-23 2:41:35] [INFO] [Routes] Mounting User Routes...
[2023-4-23 2:41:35] [INFO] [Routes] Mounting Lobby Routes...
[2023-4-23 2:41:35] [INFO] [Database] Loading...
[2023-4-23 2:41:35] [INFO] [Server] Loading...
[2023-4-23 2:41:35] [INFO] [Middleware] Enable Cors middleware...
[2023-4-23 2:41:35] [INFO] [Middleware] Enable Http middleware...
[2023-4-23 2:41:35] [INFO] [Middleware] Enable Monitor middleware...
[2023-4-23 2:41:35] [INFO] [Routes] Mounting API Routes...
[2023-4-23 2:41:35] [INFO] [Routes] Mounting User Routes...
[2023-4-23 2:41:35] [INFO] [Routes] Mounting Lobby Routes...
[2023-4-23 2:41:35] [INFO] [Database] Loading...
[2023-4-23 2:41:35] [INFO] [Server] Loading...
[2023-4-23 2:41:34] [INFO] [Cluster] PID '15808' Connected!
[2023-4-23 2:41:34] [INFO] [Cluster] PID '29124' Connected!
[2023-4-23 2:41:34] [INFO] [Cluster] PID '23672' Connected!
[2023-4-23 2:41:34] [INFO] [Database] Connected to Mongo Database at : mongodb+srv://admin:admin@cluster0.jtexi.mongodb.net/tsr
[2023-4-23 2:41:34] [INFO] [Database] Connected to Mongo Database at : mongodb+srv://admin:admin@cluster0.jtexi.mongodb.net/tsr
[2023-4-23 2:41:34] [INFO] [Database] Connected to Mongo Database at : mongodb+srv://admin:admin@cluster0.jtexi.mongodb.net/tsr
[2023-4-23 2:41:34] [INFO] [Database] Connected to Mongo Database at : mongodb+srv://admin:admin@cluster0.jtexi.mongodb.net/tsr
[2023-4-23 2:41:34] [INFO] [Database] Connected to Mongo Database at : mongodb+srv://admin:admin@cluster0.jtexi.mongodb.net/tsr
[2023-4-23 2:41:34] [INFO] [Database] Connected to Mongo Database at : mongodb+srv://admin:admin@cluster0.jtexi.mongodb.net/tsr
[2023-4-23 2:41:34] [INFO] [Database] Connected to Mongo Database at : mongodb+srv://admin:admin@cluster0.jtexi.mongodb.net/tsr
[2023-4-23 2:41:34] [INFO] [Database] Connected to Mongo Database at : mongodb+srv://admin:admin@cluster0.jtexi.mongodb.net/tsr
[2023-4-23 2:41:34] [INFO] [Database] Connected to Mongo Database at : mongodb+srv://admin:admin@cluster0.jtexi.mongodb.net/tsr
[2023-4-23 2:41:34] [INFO] [Database] Connected to Mongo Database at : mongodb+srv://admin:admin@cluster0.jtexi.mongodb.net/tsr
[2023-4-23 2:41:34] [INFO] [Database] Connected to Mongo Database at : mongodb+srv://admin:admin@cluster0.jtexi.mongodb.net/tsr
[2023-4-23 2:41:34] [INFO] [Database] Connected to Mongo Database at : mongodb+srv://admin:admin@cluster0.jtexi.mongodb.net/tsr
[2023-4-23 2:41:34] [INFO] [Database] Connected to Mongo Database at : mongodb+srv://admin:admin@cluster0.jtexi.mongodb.net/tsr
[2023-4-23 2:41:35] [INFO] [Database] Connected to Mongo Database at : mongodb+srv://admin:admin@cluster0.jtexi.mongodb.net/tsr
[2023-4-23 2:41:34] [INFO] [Database] Connected to Mongo Database at : mongodb+srv://admin:admin@cluster0.jtexi.mongodb.net/tsr
[2023-4-23 2:41:34] [INFO] [Database] Connected to Mongo Database at : mongodb+srv://admin:admin@cluster0.jtexi.mongodb.net/tsr
[2023-4-23 2:41:34] [INFO] [Database] Connected to Mongo Database at : mongodb+srv://admin:admin@cluster0.jtexi.mongodb.net/tsr
[2023-4-23 2:41:35] [INFO] [Database] Connected to Mongo Database at : mongodb+srv://admin:admin@cluster0.jtexi.mongodb.net/tsr
[2023-4-23 2:41:35] [INFO] [Database] Connected to Mongo Database at : mongodb+srv://admin:admin@cluster0.jtexi.mongodb.net/tsr
[2023-4-23 2:41:35] [INFO] [Database] Connected to Mongo Database at : mongodb+srv://admin:admin@cluster0.jtexi.mongodb.net/tsr
[2023-4-23 2:41:35] [INFO] [Database] Connected to Mongo Database at : mongodb+srv://admin:admin@cluster0.jtexi.mongodb.net/tsr
[2023-4-23 2:41:35] [INFO] [Database] Connected to Mongo Database at : mongodb+srv://admin:admin@cluster0.jtexi.mongodb.net/tsr
[2023-4-23 2:41:35] [INFO] [Database] Connected to Mongo Database at : mongodb+srv://admin:admin@cluster0.jtexi.mongodb.net/tsr
[2023-4-23 2:41:35] [INFO] [Database] Connected to Mongo Database at : mongodb+srv://admin:admin@cluster0.jtexi.mongodb.net/tsr
[2023-4-23 2:41:35] [INFO] [Database] Connected to Mongo Database at : mongodb+srv://admin:admin@cluster0.jtexi.mongodb.net/tsr
[2023-4-23 2:41:35] [INFO] [Database] Connected to Mongo Database at : mongodb+srv://admin:admin@cluster0.jtexi.mongodb.net/tsr
[2023-4-23 2:41:35] [INFO] [Database] Connected to Mongo Database at : mongodb+srv://admin:admin@cluster0.jtexi.mongodb.net/tsr
[2023-4-23 2:41:35] [INFO] [Database] Connected to Mongo Database at : mongodb+srv://admin:admin@cluster0.jtexi.mongodb.net/tsr
[2023-4-23 2:41:35] [INFO] [Database] Connected to Mongo Database at : mongodb+srv://admin:admin@cluster0.jtexi.mongodb.net/tsr
[2023-4-23 2:41:35] [INFO] [Database] Connected to Mongo Database at : mongodb+srv://admin:admin@cluster0.jtexi.mongodb.net/tsr
[2023-4-23 2:41:35] [INFO] [Database] Connected to Mongo Database at : mongodb+srv://admin:admin@cluster0.jtexi.mongodb.net/tsr
[2023-4-23 2:41:35] [INFO] [Database] Connected to Mongo Database at : mongodb+srv://admin:admin@cluster0.jtexi.mongodb.net/tsr
[2023-4-23 2:41:34] [INFO] [Worker] Loading...
