[2023-12-14 14:24:2] [INFO] [WebSocket] Upgrade server running with PID '28404' Connected!
[2023-12-14 14:24:2] [INFO] [Middleware] Enable Cors middleware...
[2023-12-14 14:24:2] [INFO] [Middleware] Enable Http middleware...
[2023-12-14 14:24:2] [INFO] [Routes] Mounting API Routes...
[2023-12-14 14:24:2] [INFO] [Middleware] Enable Monitor middleware...
[2023-12-14 14:24:2] [INFO] [Routes] Mounting Lobby Routes...
[2023-12-14 14:24:2] [INFO] [Routes] Mounting User Routes...
[2023-12-14 14:24:2] [INFO] [Database] Loading...
[2023-12-14 14:24:2] [INFO] [Server] Loading...
[2023-12-14 14:24:1] [INFO] [Server] Server running with PID '28188' Connected!
[2023-12-14 14:24:1] [INFO] [WebSocket] Upgrade server running with PID '28188' Connected!
[2023-12-14 14:24:1] [INFO] [Middleware] Enable Http middleware...
[2023-12-14 14:24:1] [INFO] [Middleware] Enable Monitor middleware...
[2023-12-14 14:24:1] [INFO] [Middleware] Enable Cors middleware...
[2023-12-14 14:24:1] [INFO] [Routes] Mounting API Routes...
[2023-12-14 14:24:1] [INFO] [Routes] Mounting User Routes...
[2023-12-14 14:24:1] [INFO] [Routes] Mounting Lobby Routes...
[2023-12-14 14:24:1] [INFO] [Server] Loading...
[2023-12-14 14:24:1] [INFO] [Database] Loading...
[2023-12-14 14:24:2] [INFO] [WebSocket] Upgrade server running with PID '28196' Connected!
[2023-12-14 14:24:2] [INFO] [Middleware] Enable Cors middleware...
[2023-12-14 14:24:2] [INFO] [Middleware] Enable Http middleware...
[2023-12-14 14:24:2] [INFO] [Middleware] Enable Monitor middleware...
[2023-12-14 14:24:2] [INFO] [Routes] Mounting API Routes...
[2023-12-14 14:24:2] [INFO] [Routes] Mounting User Routes...
[2023-12-14 14:24:2] [INFO] [Routes] Mounting Lobby Routes...
[2023-12-14 14:24:2] [INFO] [Database] Loading...
[2023-12-14 14:24:2] [INFO] [Server] Loading...
[2023-12-14 14:24:2] [INFO] [WebSocket] Upgrade server running with PID '28412' Connected!
[2023-12-14 14:24:2] [INFO] [Middleware] Enable Cors middleware...
[2023-12-14 14:24:2] [INFO] [Middleware] Enable Http middleware...
[2023-12-14 14:24:2] [INFO] [Middleware] Enable Monitor middleware...
[2023-12-14 14:24:2] [INFO] [Routes] Mounting API Routes...
[2023-12-14 14:24:2] [INFO] [Routes] Mounting User Routes...
[2023-12-14 14:24:2] [INFO] [Routes] Mounting Lobby Routes...
[2023-12-14 14:24:2] [INFO] [Database] Loading...
[2023-12-14 14:24:2] [INFO] [Server] Loading...
[2023-12-14 14:24:2] [INFO] [WebSocket] Upgrade server running with PID '28304' Connected!
[2023-12-14 14:24:2] [INFO] [Middleware] Enable Cors middleware...
[2023-12-14 14:24:2] [INFO] [Middleware] Enable Http middleware...
[2023-12-14 14:24:2] [INFO] [Middleware] Enable Monitor middleware...
[2023-12-14 14:24:2] [INFO] [Routes] Mounting User Routes...
[2023-12-14 14:24:2] [INFO] [Routes] Mounting API Routes...
[2023-12-14 14:24:2] [INFO] [Routes] Mounting Lobby Routes...
[2023-12-14 14:24:2] [INFO] [Database] Loading...
[2023-12-14 14:24:2] [INFO] [Server] Loading...
[2023-12-14 14:24:2] [INFO] [WebSocket] Upgrade server running with PID '28380' Connected!
[2023-12-14 14:24:2] [INFO] [Middleware] Enable Cors middleware...
[2023-12-14 14:24:2] [INFO] [Middleware] Enable Http middleware...
[2023-12-14 14:24:2] [INFO] [Middleware] Enable Monitor middleware...
[2023-12-14 14:24:2] [INFO] [Routes] Mounting API Routes...
[2023-12-14 14:24:2] [INFO] [Routes] Mounting User Routes...
[2023-12-14 14:24:2] [INFO] [Routes] Mounting Lobby Routes...
[2023-12-14 14:24:2] [INFO] [Database] Loading...
[2023-12-14 14:24:2] [INFO] [Server] Loading...
[2023-12-14 14:24:2] [INFO] [WebSocket] Upgrade server running with PID '28896' Connected!
[2023-12-14 14:24:2] [INFO] [Middleware] Enable Cors middleware...
[2023-12-14 14:24:2] [INFO] [Middleware] Enable Http middleware...
[2023-12-14 14:24:2] [INFO] [Middleware] Enable Monitor middleware...
[2023-12-14 14:24:2] [INFO] [Routes] Mounting API Routes...
[2023-12-14 14:24:2] [INFO] [Routes] Mounting User Routes...
[2023-12-14 14:24:2] [INFO] [Routes] Mounting Lobby Routes...
[2023-12-14 14:24:2] [INFO] [Database] Loading...
[2023-12-14 14:24:2] [INFO] [Server] Loading...
[2023-12-14 14:24:2] [INFO] [WebSocket] Upgrade server running with PID '28580' Connected!
[2023-12-14 14:24:2] [INFO] [Middleware] Enable Cors middleware...
[2023-12-14 14:24:2] [INFO] [Middleware] Enable Http middleware...
[2023-12-14 14:24:2] [INFO] [Middleware] Enable Monitor middleware...
[2023-12-14 14:24:2] [INFO] [Routes] Mounting API Routes...
[2023-12-14 14:24:2] [INFO] [Routes] Mounting User Routes...
[2023-12-14 14:24:2] [INFO] [Routes] Mounting Lobby Routes...
[2023-12-14 14:24:2] [INFO] [Database] Loading...
[2023-12-14 14:24:2] [INFO] [Server] Loading...
[2023-12-14 14:24:2] [INFO] [WebSocket] Upgrade server running with PID '28576' Connected!
[2023-12-14 14:24:2] [INFO] [Middleware] Enable Cors middleware...
[2023-12-14 14:24:2] [INFO] [Middleware] Enable Http middleware...
[2023-12-14 14:24:2] [INFO] [Middleware] Enable Monitor middleware...
[2023-12-14 14:24:2] [INFO] [Routes] Mounting API Routes...
[2023-12-14 14:24:2] [INFO] [Routes] Mounting User Routes...
[2023-12-14 14:24:2] [INFO] [Routes] Mounting Lobby Routes...
[2023-12-14 14:24:2] [INFO] [Database] Loading...
[2023-12-14 14:24:2] [INFO] [Server] Loading...
[2023-12-14 14:24:2] [INFO] [WebSocket] Upgrade server running with PID '28644' Connected!
[2023-12-14 14:24:2] [INFO] [Middleware] Enable Cors middleware...
[2023-12-14 14:24:2] [INFO] [Middleware] Enable Http middleware...
[2023-12-14 14:24:2] [INFO] [Middleware] Enable Monitor middleware...
[2023-12-14 14:24:2] [INFO] [Routes] Mounting API Routes...
[2023-12-14 14:24:2] [INFO] [Routes] Mounting Lobby Routes...
[2023-12-14 14:24:2] [INFO] [Routes] Mounting User Routes...
[2023-12-14 14:24:2] [INFO] [Server] Loading...
[2023-12-14 14:24:2] [INFO] [Database] Loading...
[2023-12-14 14:24:2] [INFO] [WebSocket] Upgrade server running with PID '27824' Connected!
[2023-12-14 14:24:2] [INFO] [Middleware] Enable Cors middleware...
[2023-12-14 14:24:2] [INFO] [Middleware] Enable Http middleware...
[2023-12-14 14:24:2] [INFO] [Middleware] Enable Monitor middleware...
[2023-12-14 14:24:2] [INFO] [Routes] Mounting API Routes...
[2023-12-14 14:24:2] [INFO] [Routes] Mounting User Routes...
[2023-12-14 14:24:2] [INFO] [Routes] Mounting Lobby Routes...
[2023-12-14 14:24:2] [INFO] [Database] Loading...
[2023-12-14 14:24:2] [INFO] [Server] Loading...
[2023-12-14 14:24:2] [INFO] [WebSocket] Upgrade server running with PID '28876' Connected!
[2023-12-14 14:24:2] [INFO] [Middleware] Enable Cors middleware...
[2023-12-14 14:24:2] [INFO] [Middleware] Enable Monitor middleware...
[2023-12-14 14:24:2] [INFO] [Routes] Mounting API Routes...
[2023-12-14 14:24:2] [INFO] [Routes] Mounting User Routes...
[2023-12-14 14:24:2] [INFO] [Routes] Mounting Lobby Routes...
[2023-12-14 14:24:2] [INFO] [Database] Loading...
[2023-12-14 14:24:2] [INFO] [Server] Loading...
[2023-12-14 14:24:2] [INFO] [Middleware] Enable Http middleware...
[2023-12-14 14:24:2] [INFO] [WebSocket] Upgrade server running with PID '28980' Connected!
[2023-12-14 14:24:2] [INFO] [Middleware] Enable Cors middleware...
[2023-12-14 14:24:2] [INFO] [Middleware] Enable Http middleware...
[2023-12-14 14:24:2] [INFO] [Middleware] Enable Monitor middleware...
[2023-12-14 14:24:2] [INFO] [Routes] Mounting API Routes...
[2023-12-14 14:24:2] [INFO] [Routes] Mounting User Routes...
[2023-12-14 14:24:2] [INFO] [Routes] Mounting Lobby Routes...
[2023-12-14 14:24:2] [INFO] [Database] Loading...
[2023-12-14 14:24:2] [INFO] [Server] Loading...
[2023-12-14 14:24:2] [INFO] [WebSocket] Upgrade server running with PID '26760' Connected!
[2023-12-14 14:24:2] [INFO] [Middleware] Enable Cors middleware...
[2023-12-14 14:24:2] [INFO] [Middleware] Enable Http middleware...
[2023-12-14 14:24:2] [INFO] [Middleware] Enable Monitor middleware...
[2023-12-14 14:24:2] [INFO] [Routes] Mounting API Routes...
[2023-12-14 14:24:2] [INFO] [Routes] Mounting User Routes...
[2023-12-14 14:24:2] [INFO] [Routes] Mounting Lobby Routes...
[2023-12-14 14:24:2] [INFO] [Database] Loading...
[2023-12-14 14:24:2] [INFO] [Server] Loading...
[2023-12-14 14:24:2] [INFO] [WebSocket] Upgrade server running with PID '29016' Connected!
[2023-12-14 14:24:2] [INFO] [Middleware] Enable Cors middleware...
[2023-12-14 14:24:2] [INFO] [Middleware] Enable Http middleware...
[2023-12-14 14:24:2] [INFO] [Middleware] Enable Monitor middleware...
[2023-12-14 14:24:2] [INFO] [Routes] Mounting API Routes...
[2023-12-14 14:24:2] [INFO] [Routes] Mounting User Routes...
[2023-12-14 14:24:2] [INFO] [Routes] Mounting Lobby Routes...
[2023-12-14 14:24:2] [INFO] [Database] Loading...
[2023-12-14 14:24:2] [INFO] [Server] Loading...
[2023-12-14 14:24:2] [INFO] [WebSocket] Upgrade server running with PID '28832' Connected!
[2023-12-14 14:24:2] [INFO] [Middleware] Enable Http middleware...
[2023-12-14 14:24:2] [INFO] [Middleware] Enable Monitor middleware...
[2023-12-14 14:24:2] [INFO] [Routes] Mounting API Routes...
[2023-12-14 14:24:2] [INFO] [Routes] Mounting User Routes...
[2023-12-14 14:24:2] [INFO] [Middleware] Enable Cors middleware...
[2023-12-14 14:24:2] [INFO] [Database] Loading...
[2023-12-14 14:24:2] [INFO] [Routes] Mounting Lobby Routes...
[2023-12-14 14:24:2] [INFO] [Server] Loading...
[2023-12-14 14:24:2] [INFO] [WebSocket] Upgrade server running with PID '28996' Connected!
[2023-12-14 14:24:2] [INFO] [Middleware] Enable Cors middleware...
[2023-12-14 14:24:2] [INFO] [Middleware] Enable Http middleware...
[2023-12-14 14:24:2] [INFO] [Middleware] Enable Monitor middleware...
[2023-12-14 14:24:2] [INFO] [Routes] Mounting API Routes...
[2023-12-14 14:24:2] [INFO] [Routes] Mounting Lobby Routes...
[2023-12-14 14:24:2] [INFO] [Database] Loading...
[2023-12-14 14:24:2] [INFO] [Server] Loading...
[2023-12-14 14:24:2] [INFO] [Routes] Mounting User Routes...
[2023-12-14 14:24:2] [INFO] [WebSocket] Upgrade server running with PID '29276' Connected!
[2023-12-14 14:24:2] [INFO] [Middleware] Enable Cors middleware...
[2023-12-14 14:24:2] [INFO] [Middleware] Enable Http middleware...
[2023-12-14 14:24:2] [INFO] [Middleware] Enable Monitor middleware...
[2023-12-14 14:24:2] [INFO] [Routes] Mounting API Routes...
[2023-12-14 14:24:2] [INFO] [Routes] Mounting User Routes...
[2023-12-14 14:24:2] [INFO] [Database] Loading...
[2023-12-14 14:24:2] [INFO] [Routes] Mounting Lobby Routes...
[2023-12-14 14:24:2] [INFO] [Server] Loading...
[2023-12-14 14:24:2] [INFO] [WebSocket] Upgrade server running with PID '29244' Connected!
[2023-12-14 14:24:2] [INFO] [Middleware] Enable Cors middleware...
[2023-12-14 14:24:2] [INFO] [Middleware] Enable Http middleware...
[2023-12-14 14:24:2] [INFO] [Middleware] Enable Monitor middleware...
[2023-12-14 14:24:2] [INFO] [Routes] Mounting API Routes...
[2023-12-14 14:24:2] [INFO] [Routes] Mounting User Routes...
[2023-12-14 14:24:2] [INFO] [Routes] Mounting Lobby Routes...
[2023-12-14 14:24:2] [INFO] [Database] Loading...
[2023-12-14 14:24:2] [INFO] [Server] Loading...
[2023-12-14 14:24:2] [INFO] [WebSocket] Upgrade server running with PID '28724' Connected!
[2023-12-14 14:24:2] [INFO] [Middleware] Enable Http middleware...
[2023-12-14 14:24:2] [INFO] [Middleware] Enable Monitor middleware...
[2023-12-14 14:24:2] [INFO] [Routes] Mounting API Routes...
[2023-12-14 14:24:2] [INFO] [Middleware] Enable Cors middleware...
[2023-12-14 14:24:2] [INFO] [Routes] Mounting User Routes...
[2023-12-14 14:24:2] [INFO] [Routes] Mounting Lobby Routes...
[2023-12-14 14:24:2] [INFO] [Database] Loading...
[2023-12-14 14:24:2] [INFO] [Server] Loading...
[2023-12-14 14:24:2] [INFO] [WebSocket] Upgrade server running with PID '29432' Connected!
[2023-12-14 14:24:2] [INFO] [Middleware] Enable Cors middleware...
[2023-12-14 14:24:2] [INFO] [Middleware] Enable Http middleware...
[2023-12-14 14:24:2] [INFO] [Middleware] Enable Monitor middleware...
[2023-12-14 14:24:2] [INFO] [Routes] Mounting API Routes...
[2023-12-14 14:24:2] [INFO] [Routes] Mounting Lobby Routes...
[2023-12-14 14:24:2] [INFO] [Routes] Mounting User Routes...
[2023-12-14 14:24:2] [INFO] [Server] Loading...
[2023-12-14 14:24:2] [INFO] [Database] Loading...
[2023-12-14 14:24:2] [INFO] [WebSocket] Upgrade server running with PID '24392' Connected!
[2023-12-14 14:24:2] [INFO] [Middleware] Enable Cors middleware...
[2023-12-14 14:24:2] [INFO] [Middleware] Enable Monitor middleware...
[2023-12-14 14:24:2] [INFO] [Middleware] Enable Http middleware...
[2023-12-14 14:24:2] [INFO] [Routes] Mounting API Routes...
[2023-12-14 14:24:2] [INFO] [Routes] Mounting User Routes...
[2023-12-14 14:24:2] [INFO] [Routes] Mounting Lobby Routes...
[2023-12-14 14:24:2] [INFO] [Database] Loading...
[2023-12-14 14:24:2] [INFO] [Server] Loading...
[2023-12-14 14:24:2] [INFO] [WebSocket] Upgrade server running with PID '29252' Connected!
[2023-12-14 14:24:2] [INFO] [Middleware] Enable Cors middleware...
[2023-12-14 14:24:2] [INFO] [Middleware] Enable Http middleware...
[2023-12-14 14:24:2] [INFO] [Middleware] Enable Monitor middleware...
[2023-12-14 14:24:2] [INFO] [Routes] Mounting API Routes...
[2023-12-14 14:24:2] [INFO] [Routes] Mounting User Routes...
[2023-12-14 14:24:2] [INFO] [Routes] Mounting Lobby Routes...
[2023-12-14 14:24:2] [INFO] [Database] Loading...
[2023-12-14 14:24:2] [INFO] [Server] Loading...
[2023-12-14 14:24:2] [INFO] [WebSocket] Upgrade server running with PID '29680' Connected!
[2023-12-14 14:24:2] [INFO] [Middleware] Enable Cors middleware...
[2023-12-14 14:24:2] [INFO] [Middleware] Enable Http middleware...
[2023-12-14 14:24:2] [INFO] [Middleware] Enable Monitor middleware...
[2023-12-14 14:24:2] [INFO] [Routes] Mounting API Routes...
[2023-12-14 14:24:2] [INFO] [Routes] Mounting User Routes...
[2023-12-14 14:24:2] [INFO] [Routes] Mounting Lobby Routes...
[2023-12-14 14:24:2] [INFO] [Database] Loading...
[2023-12-14 14:24:2] [INFO] [Server] Loading...
[2023-12-14 14:24:2] [INFO] [WebSocket] Upgrade server running with PID '29624' Connected!
[2023-12-14 14:24:2] [INFO] [Middleware] Enable Cors middleware...
[2023-12-14 14:24:2] [INFO] [Middleware] Enable Http middleware...
[2023-12-14 14:24:2] [INFO] [Middleware] Enable Monitor middleware...
[2023-12-14 14:24:2] [INFO] [Routes] Mounting API Routes...
[2023-12-14 14:24:2] [INFO] [Routes] Mounting User Routes...
[2023-12-14 14:24:2] [INFO] [Routes] Mounting Lobby Routes...
[2023-12-14 14:24:2] [INFO] [Database] Loading...
[2023-12-14 14:24:2] [INFO] [Server] Loading...
[2023-12-14 14:24:2] [INFO] [Database] Connected to Mongo Database at : mongodb+srv://admin:root@cluster0.jtexi.mongodb.net/tsr
[2023-12-14 14:24:2] [INFO] [WebSocket] Upgrade server running with PID '29336' Connected!
[2023-12-14 14:24:2] [INFO] [Middleware] Enable Cors middleware...
[2023-12-14 14:24:2] [INFO] [Middleware] Enable Http middleware...
[2023-12-14 14:24:2] [INFO] [Middleware] Enable Monitor middleware...
[2023-12-14 14:24:2] [INFO] [Routes] Mounting API Routes...
[2023-12-14 14:24:2] [INFO] [Routes] Mounting User Routes...
[2023-12-14 14:24:2] [INFO] [Routes] Mounting Lobby Routes...
[2023-12-14 14:24:2] [INFO] [Database] Loading...
[2023-12-14 14:24:2] [INFO] [Server] Loading...
[2023-12-14 14:24:2] [INFO] [Middleware] Enable Cors middleware...
[2023-12-14 14:24:2] [INFO] [Middleware] Enable Http middleware...
[2023-12-14 14:24:2] [INFO] [Middleware] Enable Monitor middleware...
[2023-12-14 14:24:2] [INFO] [Routes] Mounting API Routes...
[2023-12-14 14:24:2] [INFO] [Routes] Mounting Lobby Routes...
[2023-12-14 14:24:2] [INFO] [Database] Loading...
[2023-12-14 14:24:2] [INFO] [Routes] Mounting User Routes...
[2023-12-14 14:24:2] [INFO] [Server] Loading...
[2023-12-14 14:24:2] [INFO] [WebSocket] Upgrade server running with PID '25668' Connected!
[2023-12-14 14:24:2] [INFO] [WebSocket] Upgrade server running with PID '27900' Connected!
[2023-12-14 14:24:2] [INFO] [Middleware] Enable Cors middleware...
[2023-12-14 14:24:2] [INFO] [Middleware] Enable Monitor middleware...
[2023-12-14 14:24:2] [INFO] [Middleware] Enable Http middleware...
[2023-12-14 14:24:2] [INFO] [Routes] Mounting API Routes...
[2023-12-14 14:24:2] [INFO] [Routes] Mounting User Routes...
[2023-12-14 14:24:2] [INFO] [Routes] Mounting Lobby Routes...
[2023-12-14 14:24:2] [INFO] [Database] Loading...
[2023-12-14 14:24:2] [INFO] [Server] Loading...
[2023-12-14 14:24:2] [INFO] [WebSocket] Upgrade server running with PID '25852' Connected!
[2023-12-14 14:24:2] [INFO] [Middleware] Enable Cors middleware...
[2023-12-14 14:24:2] [INFO] [Middleware] Enable Http middleware...
[2023-12-14 14:24:2] [INFO] [Middleware] Enable Monitor middleware...
[2023-12-14 14:24:2] [INFO] [Routes] Mounting API Routes...
[2023-12-14 14:24:2] [INFO] [Routes] Mounting User Routes...
[2023-12-14 14:24:2] [INFO] [Routes] Mounting Lobby Routes...
[2023-12-14 14:24:2] [INFO] [Database] Loading...
[2023-12-14 14:24:2] [INFO] [Server] Loading...
[2023-12-14 14:24:2] [INFO] [Database] Connected to Mongo Database at : mongodb+srv://admin:root@cluster0.jtexi.mongodb.net/tsr
[2023-12-14 14:24:1] [INFO] [Database] Connected to Mongo Database at : mongodb+srv://admin:root@cluster0.jtexi.mongodb.net/tsr
[2023-12-14 14:24:2] [INFO] [WebSocket] Upgrade server running with PID '28100' Connected!
[2023-12-14 14:24:2] [INFO] [Middleware] Enable Cors middleware...
[2023-12-14 14:24:2] [INFO] [Middleware] Enable Http middleware...
[2023-12-14 14:24:2] [INFO] [Middleware] Enable Monitor middleware...
[2023-12-14 14:24:2] [INFO] [Routes] Mounting API Routes...
[2023-12-14 14:24:2] [INFO] [Routes] Mounting User Routes...
[2023-12-14 14:24:2] [INFO] [Routes] Mounting Lobby Routes...
[2023-12-14 14:24:2] [INFO] [Database] Loading...
[2023-12-14 14:24:2] [INFO] [Server] Loading...
[2023-12-14 14:24:2] [INFO] [WebSocket] Upgrade server running with PID '27992' Connected!
[2023-12-14 14:24:2] [INFO] [Middleware] Enable Cors middleware...
[2023-12-14 14:24:2] [INFO] [Middleware] Enable Http middleware...
[2023-12-14 14:24:2] [INFO] [Middleware] Enable Monitor middleware...
[2023-12-14 14:24:2] [INFO] [Routes] Mounting API Routes...
[2023-12-14 14:24:2] [INFO] [Routes] Mounting User Routes...
[2023-12-14 14:24:2] [INFO] [Routes] Mounting Lobby Routes...
[2023-12-14 14:24:2] [INFO] [Database] Loading...
[2023-12-14 14:24:2] [INFO] [Server] Loading...
[2023-12-14 14:24:2] [INFO] [Database] Connected to Mongo Database at : mongodb+srv://admin:root@cluster0.jtexi.mongodb.net/tsr
[2023-12-14 14:24:2] [INFO] [WebSocket] Upgrade server running with PID '27736' Connected!
[2023-12-14 14:24:2] [INFO] [Middleware] Enable Cors middleware...
[2023-12-14 14:24:2] [INFO] [Middleware] Enable Http middleware...
[2023-12-14 14:24:2] [INFO] [Middleware] Enable Monitor middleware...
[2023-12-14 14:24:2] [INFO] [Routes] Mounting API Routes...
[2023-12-14 14:24:2] [INFO] [Routes] Mounting User Routes...
[2023-12-14 14:24:2] [INFO] [Routes] Mounting Lobby Routes...
[2023-12-14 14:24:2] [INFO] [Database] Loading...
[2023-12-14 14:24:2] [INFO] [Server] Loading...
[2023-12-14 14:24:2] [INFO] [Database] Connected to Mongo Database at : mongodb+srv://admin:root@cluster0.jtexi.mongodb.net/tsr
[2023-12-14 14:24:2] [INFO] [Database] Connected to Mongo Database at : mongodb+srv://admin:root@cluster0.jtexi.mongodb.net/tsr
[2023-12-14 14:24:2] [INFO] [Database] Connected to Mongo Database at : mongodb+srv://admin:root@cluster0.jtexi.mongodb.net/tsr
[2023-12-14 14:24:2] [INFO] [Database] Connected to Mongo Database at : mongodb+srv://admin:root@cluster0.jtexi.mongodb.net/tsr
[2023-12-14 14:24:2] [INFO] [Database] Connected to Mongo Database at : mongodb+srv://admin:root@cluster0.jtexi.mongodb.net/tsr
[2023-12-14 14:24:2] [INFO] [Database] Connected to Mongo Database at : mongodb+srv://admin:root@cluster0.jtexi.mongodb.net/tsr
[2023-12-14 14:24:2] [INFO] [Database] Connected to Mongo Database at : mongodb+srv://admin:root@cluster0.jtexi.mongodb.net/tsr
[2023-12-14 14:24:2] [INFO] [Database] Connected to Mongo Database at : mongodb+srv://admin:root@cluster0.jtexi.mongodb.net/tsr
[2023-12-14 14:24:2] [INFO] [Database] Connected to Mongo Database at : mongodb+srv://admin:root@cluster0.jtexi.mongodb.net/tsr
[2023-12-14 14:24:2] [INFO] [Database] Connected to Mongo Database at : mongodb+srv://admin:root@cluster0.jtexi.mongodb.net/tsr
[2023-12-14 14:24:2] [INFO] [Database] Connected to Mongo Database at : mongodb+srv://admin:root@cluster0.jtexi.mongodb.net/tsr
[2023-12-14 14:24:2] [INFO] [Database] Connected to Mongo Database at : mongodb+srv://admin:root@cluster0.jtexi.mongodb.net/tsr
[2023-12-14 14:24:2] [INFO] [Database] Connected to Mongo Database at : mongodb+srv://admin:root@cluster0.jtexi.mongodb.net/tsr
[2023-12-14 14:24:2] [INFO] [Database] Connected to Mongo Database at : mongodb+srv://admin:root@cluster0.jtexi.mongodb.net/tsr
[2023-12-14 14:24:2] [INFO] [Database] Connected to Mongo Database at : mongodb+srv://admin:root@cluster0.jtexi.mongodb.net/tsr
[2023-12-14 14:24:2] [INFO] [Database] Connected to Mongo Database at : mongodb+srv://admin:root@cluster0.jtexi.mongodb.net/tsr
[2023-12-14 14:24:2] [INFO] [Database] Connected to Mongo Database at : mongodb+srv://admin:root@cluster0.jtexi.mongodb.net/tsr
[2023-12-14 14:24:2] [INFO] [Database] Connected to Mongo Database at : mongodb+srv://admin:root@cluster0.jtexi.mongodb.net/tsr
[2023-12-14 14:24:2] [INFO] [Database] Connected to Mongo Database at : mongodb+srv://admin:root@cluster0.jtexi.mongodb.net/tsr
[2023-12-14 14:24:2] [INFO] [Database] Connected to Mongo Database at : mongodb+srv://admin:root@cluster0.jtexi.mongodb.net/tsr
[2023-12-14 14:24:2] [INFO] [Database] Connected to Mongo Database at : mongodb+srv://admin:root@cluster0.jtexi.mongodb.net/tsr
[2023-12-14 14:24:2] [INFO] [Database] Connected to Mongo Database at : mongodb+srv://admin:root@cluster0.jtexi.mongodb.net/tsr
[2023-12-14 14:24:2] [INFO] [Database] Connected to Mongo Database at : mongodb+srv://admin:root@cluster0.jtexi.mongodb.net/tsr
[2023-12-14 14:24:2] [INFO] [Database] Connected to Mongo Database at : mongodb+srv://admin:root@cluster0.jtexi.mongodb.net/tsr
[2023-12-14 14:24:2] [INFO] [Database] Connected to Mongo Database at : mongodb+srv://admin:root@cluster0.jtexi.mongodb.net/tsr
[2023-12-14 14:24:2] [INFO] [Database] Connected to Mongo Database at : mongodb+srv://admin:root@cluster0.jtexi.mongodb.net/tsr
[2023-12-14 14:24:2] [INFO] [Database] Connected to Mongo Database at : mongodb+srv://admin:root@cluster0.jtexi.mongodb.net/tsr
[2023-12-14 14:24:2] [INFO] [Database] Connected to Mongo Database at : mongodb+srv://admin:root@cluster0.jtexi.mongodb.net/tsr
[2023-12-14 14:23:50] [INFO] [WebSocket] Upgrade server running with PID 'undefined' Connected!
[2023-12-14 14:23:50] [INFO] [Middleware] Enable Cors middleware...
[2023-12-14 14:23:50] [INFO] [Middleware] Enable Http middleware...
[2023-12-14 14:23:50] [INFO] [Middleware] Enable Monitor middleware...
[2023-12-14 14:23:50] [INFO] [Routes] Mounting API Routes...
[2023-12-14 14:23:50] [INFO] [Routes] Mounting User Routes...
[2023-12-14 14:23:50] [INFO] [Routes] Mounting Lobby Routes...
[2023-12-14 14:23:50] [INFO] [Configuration] Loading...
[2023-12-14 14:23:50] [INFO] [Queue Monitor] Running @ 'http://127.0.0.1:5550'
[2023-12-14 14:23:50] [WARN] [Error] Warning: Accessing non-existent property 'lineno' of module exports inside circular dependency
    at emitCircularRequireWarning (node:internal/modules/cjs/loader:848:11)
    at Object.get (node:internal/modules/cjs/loader:864:5)
    at Boolean.Node [as constructor] (F:\WebApp\JS\React\tbr\Server\node_modules\.pnpm\stylus@0.54.5\node_modules\stylus\lib\nodes\node.js:42:23)
    at new Boolean (F:\WebApp\JS\React\tbr\Server\node_modules\.pnpm\stylus@0.54.5\node_modules\stylus\lib\nodes\boolean.js:23:8)
    at Object.<anonymous> (F:\WebApp\JS\React\tbr\Server\node_modules\.pnpm\stylus@0.54.5\node_modules\stylus\lib\nodes\index.js:57:16)
    at Module._compile (node:internal/modules/cjs/loader:1275:14)
    at Module._extensions..js (node:internal/modules/cjs/loader:1329:10)
    at Module.load (node:internal/modules/cjs/loader:1133:32)
    at Module._load (node:internal/modules/cjs/loader:972:12)
    at Module.require (node:internal/modules/cjs/loader:1157:19)
    at require (node:internal/modules/helpers:119:18)
    at Object.<anonymous> (F:\WebApp\JS\React\tbr\Server\node_modules\.pnpm\stylus@0.54.5\node_modules\stylus\lib\lexer.js:13:13)
    at Module._compile (node:internal/modules/cjs/loader:1275:14)
    at Module._extensions..js (node:internal/modules/cjs/loader:1329:10)
    at Module.load (node:internal/modules/cjs/loader:1133:32)
    at Module._load (node:internal/modules/cjs/loader:972:12)
[2023-12-14 14:23:50] [WARN] [Error] Warning: Accessing non-existent property 'column' of module exports inside circular dependency
    at emitCircularRequireWarning (node:internal/modules/cjs/loader:848:11)
    at Object.get (node:internal/modules/cjs/loader:864:5)
    at Boolean.Node [as constructor] (F:\WebApp\JS\React\tbr\Server\node_modules\.pnpm\stylus@0.54.5\node_modules\stylus\lib\nodes\node.js:43:23)
    at new Boolean (F:\WebApp\JS\React\tbr\Server\node_modules\.pnpm\stylus@0.54.5\node_modules\stylus\lib\nodes\boolean.js:23:8)
    at Object.<anonymous> (F:\WebApp\JS\React\tbr\Server\node_modules\.pnpm\stylus@0.54.5\node_modules\stylus\lib\nodes\index.js:57:16)
    at Module._compile (node:internal/modules/cjs/loader:1275:14)
    at Module._extensions..js (node:internal/modules/cjs/loader:1329:10)
    at Module.load (node:internal/modules/cjs/loader:1133:32)
    at Module._load (node:internal/modules/cjs/loader:972:12)
    at Module.require (node:internal/modules/cjs/loader:1157:19)
    at require (node:internal/modules/helpers:119:18)
    at Object.<anonymous> (F:\WebApp\JS\React\tbr\Server\node_modules\.pnpm\stylus@0.54.5\node_modules\stylus\lib\lexer.js:13:13)
    at Module._compile (node:internal/modules/cjs/loader:1275:14)
    at Module._extensions..js (node:internal/modules/cjs/loader:1329:10)
    at Module.load (node:internal/modules/cjs/loader:1133:32)
    at Module._load (node:internal/modules/cjs/loader:972:12)
[2023-12-14 14:23:50] [WARN] [Error] Warning: Accessing non-existent property 'filename' of module exports inside circular dependency
    at emitCircularRequireWarning (node:internal/modules/cjs/loader:848:11)
    at Object.get (node:internal/modules/cjs/loader:864:5)
    at Boolean.Node [as constructor] (F:\WebApp\JS\React\tbr\Server\node_modules\.pnpm\stylus@0.54.5\node_modules\stylus\lib\nodes\node.js:44:25)
    at new Boolean (F:\WebApp\JS\React\tbr\Server\node_modules\.pnpm\stylus@0.54.5\node_modules\stylus\lib\nodes\boolean.js:23:8)
    at Object.<anonymous> (F:\WebApp\JS\React\tbr\Server\node_modules\.pnpm\stylus@0.54.5\node_modules\stylus\lib\nodes\index.js:57:16)
    at Module._compile (node:internal/modules/cjs/loader:1275:14)
    at Module._extensions..js (node:internal/modules/cjs/loader:1329:10)
    at Module.load (node:internal/modules/cjs/loader:1133:32)
    at Module._load (node:internal/modules/cjs/loader:972:12)
    at Module.require (node:internal/modules/cjs/loader:1157:19)
    at require (node:internal/modules/helpers:119:18)
    at Object.<anonymous> (F:\WebApp\JS\React\tbr\Server\node_modules\.pnpm\stylus@0.54.5\node_modules\stylus\lib\lexer.js:13:13)
    at Module._compile (node:internal/modules/cjs/loader:1275:14)
    at Module._extensions..js (node:internal/modules/cjs/loader:1329:10)
    at Module.load (node:internal/modules/cjs/loader:1133:32)
    at Module._load (node:internal/modules/cjs/loader:972:12)
[2023-12-14 14:23:50] [WARN] [Error] Warning: Accessing non-existent property 'lineno' of module exports inside circular dependency
    at emitCircularRequireWarning (node:internal/modules/cjs/loader:848:11)
    at Object.get (node:internal/modules/cjs/loader:864:5)
    at Boolean.Node [as constructor] (F:\WebApp\JS\React\tbr\Server\node_modules\.pnpm\stylus@0.54.5\node_modules\stylus\lib\nodes\node.js:42:23)
    at new Boolean (F:\WebApp\JS\React\tbr\Server\node_modules\.pnpm\stylus@0.54.5\node_modules\stylus\lib\nodes\boolean.js:23:8)
    at Object.<anonymous> (F:\WebApp\JS\React\tbr\Server\node_modules\.pnpm\stylus@0.54.5\node_modules\stylus\lib\nodes\index.js:58:17)
    at Module._compile (node:internal/modules/cjs/loader:1275:14)
    at Module._extensions..js (node:internal/modules/cjs/loader:1329:10)
    at Module.load (node:internal/modules/cjs/loader:1133:32)
    at Module._load (node:internal/modules/cjs/loader:972:12)
    at Module.require (node:internal/modules/cjs/loader:1157:19)
    at require (node:internal/modules/helpers:119:18)
    at Object.<anonymous> (F:\WebApp\JS\React\tbr\Server\node_modules\.pnpm\stylus@0.54.5\node_modules\stylus\lib\lexer.js:13:13)
    at Module._compile (node:internal/modules/cjs/loader:1275:14)
    at Module._extensions..js (node:internal/modules/cjs/loader:1329:10)
    at Module.load (node:internal/modules/cjs/loader:1133:32)
    at Module._load (node:internal/modules/cjs/loader:972:12)
[2023-12-14 14:23:50] [WARN] [Error] Warning: Accessing non-existent property 'column' of module exports inside circular dependency
    at emitCircularRequireWarning (node:internal/modules/cjs/loader:848:11)
    at Object.get (node:internal/modules/cjs/loader:864:5)
    at Boolean.Node [as constructor] (F:\WebApp\JS\React\tbr\Server\node_modules\.pnpm\stylus@0.54.5\node_modules\stylus\lib\nodes\node.js:43:23)
    at new Boolean (F:\WebApp\JS\React\tbr\Server\node_modules\.pnpm\stylus@0.54.5\node_modules\stylus\lib\nodes\boolean.js:23:8)
    at Object.<anonymous> (F:\WebApp\JS\React\tbr\Server\node_modules\.pnpm\stylus@0.54.5\node_modules\stylus\lib\nodes\index.js:58:17)
    at Module._compile (node:internal/modules/cjs/loader:1275:14)
    at Module._extensions..js (node:internal/modules/cjs/loader:1329:10)
    at Module.load (node:internal/modules/cjs/loader:1133:32)
    at Module._load (node:internal/modules/cjs/loader:972:12)
    at Module.require (node:internal/modules/cjs/loader:1157:19)
    at require (node:internal/modules/helpers:119:18)
    at Object.<anonymous> (F:\WebApp\JS\React\tbr\Server\node_modules\.pnpm\stylus@0.54.5\node_modules\stylus\lib\lexer.js:13:13)
    at Module._compile (node:internal/modules/cjs/loader:1275:14)
    at Module._extensions..js (node:internal/modules/cjs/loader:1329:10)
    at Module.load (node:internal/modules/cjs/loader:1133:32)
    at Module._load (node:internal/modules/cjs/loader:972:12)
[2023-12-14 14:23:50] [WARN] [Error] Warning: Accessing non-existent property 'filename' of module exports inside circular dependency
    at emitCircularRequireWarning (node:internal/modules/cjs/loader:848:11)
    at Object.get (node:internal/modules/cjs/loader:864:5)
    at Boolean.Node [as constructor] (F:\WebApp\JS\React\tbr\Server\node_modules\.pnpm\stylus@0.54.5\node_modules\stylus\lib\nodes\node.js:44:25)
    at new Boolean (F:\WebApp\JS\React\tbr\Server\node_modules\.pnpm\stylus@0.54.5\node_modules\stylus\lib\nodes\boolean.js:23:8)
    at Object.<anonymous> (F:\WebApp\JS\React\tbr\Server\node_modules\.pnpm\stylus@0.54.5\node_modules\stylus\lib\nodes\index.js:58:17)
    at Module._compile (node:internal/modules/cjs/loader:1275:14)
    at Module._extensions..js (node:internal/modules/cjs/loader:1329:10)
    at Module.load (node:internal/modules/cjs/loader:1133:32)
    at Module._load (node:internal/modules/cjs/loader:972:12)
    at Module.require (node:internal/modules/cjs/loader:1157:19)
    at require (node:internal/modules/helpers:119:18)
    at Object.<anonymous> (F:\WebApp\JS\React\tbr\Server\node_modules\.pnpm\stylus@0.54.5\node_modules\stylus\lib\lexer.js:13:13)
    at Module._compile (node:internal/modules/cjs/loader:1275:14)
    at Module._extensions..js (node:internal/modules/cjs/loader:1329:10)
    at Module.load (node:internal/modules/cjs/loader:1133:32)
    at Module._load (node:internal/modules/cjs/loader:972:12)
[2023-12-14 14:23:50] [ERROR] [Error] Error: Connection timeout
    at Socket.<anonymous> (F:\WebApp\JS\React\tbr\Server\node_modules\.pnpm\@redis+client@1.5.6\node_modules\@redis\client\dist\lib\client\socket.js:178:124)
    at Object.onceWrapper (node:events:626:28)
    at Socket.emit (node:events:512:28)
    at Socket._onTimeout (node:net:580:8)
    at listOnTimeout (node:internal/timers:573:17)
    at process.processTimers (node:internal/timers:514:7)
[2023-12-14 14:23:50] [INFO] [Cluster] PID '28188' forked!
[2023-12-14 14:23:50] [INFO] [Cluster] PID '28404' forked!
[2023-12-14 14:23:50] [INFO] [Cluster] PID '28380' forked!
[2023-12-14 14:23:50] [INFO] [Cluster] PID '28412' forked!
[2023-12-14 14:23:50] [INFO] [Cluster] PID '28196' forked!
[2023-12-14 14:23:50] [INFO] [Cluster] PID '28304' forked!
[2023-12-14 14:23:50] [INFO] [Cluster] PID '28576' forked!
[2023-12-14 14:23:50] [INFO] [Cluster] PID '28580' forked!
[2023-12-14 14:23:50] [INFO] [Cluster] PID '28896' forked!
[2023-12-14 14:23:50] [INFO] [Cluster] PID '27824' forked!
[2023-12-14 14:23:50] [INFO] [Cluster] PID '28980' forked!
[2023-12-14 14:23:50] [INFO] [Cluster] PID '26760' forked!
[2023-12-14 14:23:50] [INFO] [Cluster] PID '28644' forked!
[2023-12-14 14:23:50] [INFO] [Cluster] PID '28876' forked!
[2023-12-14 14:23:50] [INFO] [Cluster] PID '29016' forked!
[2023-12-14 14:23:50] [INFO] [Cluster] PID '28832' forked!
[2023-12-14 14:23:50] [INFO] [Cluster] PID '28996' forked!
[2023-12-14 14:23:50] [INFO] [Cluster] PID '29244' forked!
[2023-12-14 14:23:50] [INFO] [Cluster] PID '29432' forked!
[2023-12-14 14:23:50] [INFO] [Cluster] PID '24392' forked!
[2023-12-14 14:23:50] [INFO] [Cluster] PID '29252' forked!
[2023-12-14 14:23:50] [INFO] [Cluster] PID '29624' forked!
[2023-12-14 14:23:50] [INFO] [Cluster] PID '29680' forked!
[2023-12-14 14:23:50] [INFO] [Cluster] PID '28724' forked!
[2023-12-14 14:23:50] [INFO] [Cluster] PID '25852' forked!
[2023-12-14 14:23:50] [INFO] [Cluster] PID '29336' forked!
[2023-12-14 14:23:50] [INFO] [Cluster] PID '27900' forked!
[2023-12-14 14:23:50] [INFO] [Cluster] PID '25668' forked!
[2023-12-14 14:23:50] [INFO] [Cluster] PID '27736' forked!
[2023-12-14 14:23:50] [INFO] [Cluster] PID '27992' forked!
[2023-12-14 14:23:50] [INFO] [Cluster] PID '29276' forked!
[2023-12-14 14:23:50] [INFO] [Cluster] PID '28100' forked!
[2023-12-14 14:23:50] [INFO] [Cluster] PID '28188' Connected!
[2023-12-14 14:23:50] [INFO] [Cluster] PID '28412' Connected!
[2023-12-14 14:23:50] [INFO] [Cluster] PID '28404' Connected!
[2023-12-14 14:23:50] [INFO] [Cluster] PID '28380' Connected!
[2023-12-14 14:23:50] [INFO] [Cluster] PID '28304' Connected!
[2023-12-14 14:23:50] [INFO] [Cluster] PID '28196' Connected!
[2023-12-14 14:23:50] [INFO] [Cluster] PID '28580' Connected!
[2023-12-14 14:23:50] [INFO] [Cluster] PID '28896' Connected!
[2023-12-14 14:23:50] [INFO] [Cluster] PID '28644' Connected!
[2023-12-14 14:23:50] [INFO] [Cluster] PID '28980' Connected!
[2023-12-14 14:23:50] [INFO] [Cluster] PID '28576' Connected!
[2023-12-14 14:23:50] [INFO] [Cluster] PID '26760' Connected!
[2023-12-14 14:23:50] [INFO] [Cluster] PID '28876' Connected!
[2023-12-14 14:23:50] [INFO] [Cluster] PID '27824' Connected!
[2023-12-14 14:23:50] [INFO] [Cluster] PID '29016' Connected!
[2023-12-14 14:23:50] [INFO] [Cluster] PID '28832' Connected!
[2023-12-14 14:23:50] [INFO] [Cluster] PID '28996' Connected!
[2023-12-14 14:23:50] [INFO] [Cluster] PID '29244' Connected!
[2023-12-14 14:23:50] [INFO] [Cluster] PID '28724' Connected!
[2023-12-14 14:23:50] [INFO] [Cluster] PID '29276' Connected!
[2023-12-14 14:23:50] [INFO] [Cluster] PID '29252' Connected!
[2023-12-14 14:23:50] [INFO] [Cluster] PID '24392' Connected!
[2023-12-14 14:23:50] [INFO] [Cluster] PID '29624' Connected!
[2023-12-14 14:23:50] [INFO] [Cluster] PID '29432' Connected!
[2023-12-14 14:23:50] [INFO] [Cluster] PID '25852' Connected!
[2023-12-14 14:23:50] [INFO] [Cluster] PID '27900' Connected!
[2023-12-14 14:23:50] [INFO] [Cluster] PID '29680' Connected!
[2023-12-14 14:23:50] [INFO] [Cluster] PID '27736' Connected!
[2023-12-14 14:23:50] [INFO] [Cluster] PID '29336' Connected!
[2023-12-14 14:23:50] [INFO] [Cluster] PID '27992' Connected!
[2023-12-14 14:23:50] [INFO] [Cluster] PID '25668' Connected!
[2023-12-14 14:23:50] [INFO] [Cluster] PID '28100' Connected!
[2023-12-14 14:23:50] [INFO] [Cluster] PID '28188' Connected!
[2023-12-14 14:24:25] [INFO] [WebSocket] Upgrade server running with PID 'undefined' Connected!
[2023-12-14 14:24:25] [INFO] [Middleware] Enable Cors middleware...
[2023-12-14 14:24:25] [INFO] [Middleware] Enable Http middleware...
[2023-12-14 14:24:25] [INFO] [Middleware] Enable Monitor middleware...
[2023-12-14 14:24:25] [INFO] [Routes] Mounting Lobby Routes...
[2023-12-14 14:24:25] [INFO] [Routes] Mounting User Routes...
[2023-12-14 14:24:25] [INFO] [Queue Monitor] Running @ 'http://127.0.0.1:5550'
[2023-12-14 14:24:25] [INFO] [Configuration] Loading...
[2023-12-14 14:24:25] [INFO] [Routes] Mounting API Routes...
[2023-12-14 14:24:25] [WARN] [Error] Warning: Accessing non-existent property 'lineno' of module exports inside circular dependency
    at emitCircularRequireWarning (node:internal/modules/cjs/loader:848:11)
    at Object.get (node:internal/modules/cjs/loader:864:5)
    at Boolean.Node [as constructor] (F:\WebApp\JS\React\tbr\Server\node_modules\.pnpm\stylus@0.54.5\node_modules\stylus\lib\nodes\node.js:42:23)
    at new Boolean (F:\WebApp\JS\React\tbr\Server\node_modules\.pnpm\stylus@0.54.5\node_modules\stylus\lib\nodes\boolean.js:23:8)
    at Object.<anonymous> (F:\WebApp\JS\React\tbr\Server\node_modules\.pnpm\stylus@0.54.5\node_modules\stylus\lib\nodes\index.js:57:16)
    at Module._compile (node:internal/modules/cjs/loader:1275:14)
    at Module._extensions..js (node:internal/modules/cjs/loader:1329:10)
    at Module.load (node:internal/modules/cjs/loader:1133:32)
    at Module._load (node:internal/modules/cjs/loader:972:12)
    at Module.require (node:internal/modules/cjs/loader:1157:19)
    at require (node:internal/modules/helpers:119:18)
    at Object.<anonymous> (F:\WebApp\JS\React\tbr\Server\node_modules\.pnpm\stylus@0.54.5\node_modules\stylus\lib\lexer.js:13:13)
    at Module._compile (node:internal/modules/cjs/loader:1275:14)
    at Module._extensions..js (node:internal/modules/cjs/loader:1329:10)
    at Module.load (node:internal/modules/cjs/loader:1133:32)
    at Module._load (node:internal/modules/cjs/loader:972:12)
[2023-12-14 14:24:25] [WARN] [Error] Warning: Accessing non-existent property 'column' of module exports inside circular dependency
    at emitCircularRequireWarning (node:internal/modules/cjs/loader:848:11)
    at Object.get (node:internal/modules/cjs/loader:864:5)
    at Boolean.Node [as constructor] (F:\WebApp\JS\React\tbr\Server\node_modules\.pnpm\stylus@0.54.5\node_modules\stylus\lib\nodes\node.js:43:23)
    at new Boolean (F:\WebApp\JS\React\tbr\Server\node_modules\.pnpm\stylus@0.54.5\node_modules\stylus\lib\nodes\boolean.js:23:8)
    at Object.<anonymous> (F:\WebApp\JS\React\tbr\Server\node_modules\.pnpm\stylus@0.54.5\node_modules\stylus\lib\nodes\index.js:57:16)
    at Module._compile (node:internal/modules/cjs/loader:1275:14)
    at Module._extensions..js (node:internal/modules/cjs/loader:1329:10)
    at Module.load (node:internal/modules/cjs/loader:1133:32)
    at Module._load (node:internal/modules/cjs/loader:972:12)
    at Module.require (node:internal/modules/cjs/loader:1157:19)
    at require (node:internal/modules/helpers:119:18)
    at Object.<anonymous> (F:\WebApp\JS\React\tbr\Server\node_modules\.pnpm\stylus@0.54.5\node_modules\stylus\lib\lexer.js:13:13)
    at Module._compile (node:internal/modules/cjs/loader:1275:14)
    at Module._extensions..js (node:internal/modules/cjs/loader:1329:10)
    at Module.load (node:internal/modules/cjs/loader:1133:32)
    at Module._load (node:internal/modules/cjs/loader:972:12)
[2023-12-14 14:24:25] [WARN] [Error] Warning: Accessing non-existent property 'filename' of module exports inside circular dependency
    at emitCircularRequireWarning (node:internal/modules/cjs/loader:848:11)
    at Object.get (node:internal/modules/cjs/loader:864:5)
    at Boolean.Node [as constructor] (F:\WebApp\JS\React\tbr\Server\node_modules\.pnpm\stylus@0.54.5\node_modules\stylus\lib\nodes\node.js:44:25)
    at new Boolean (F:\WebApp\JS\React\tbr\Server\node_modules\.pnpm\stylus@0.54.5\node_modules\stylus\lib\nodes\boolean.js:23:8)
    at Object.<anonymous> (F:\WebApp\JS\React\tbr\Server\node_modules\.pnpm\stylus@0.54.5\node_modules\stylus\lib\nodes\index.js:57:16)
    at Module._compile (node:internal/modules/cjs/loader:1275:14)
    at Module._extensions..js (node:internal/modules/cjs/loader:1329:10)
    at Module.load (node:internal/modules/cjs/loader:1133:32)
    at Module._load (node:internal/modules/cjs/loader:972:12)
    at Module.require (node:internal/modules/cjs/loader:1157:19)
    at require (node:internal/modules/helpers:119:18)
    at Object.<anonymous> (F:\WebApp\JS\React\tbr\Server\node_modules\.pnpm\stylus@0.54.5\node_modules\stylus\lib\lexer.js:13:13)
    at Module._compile (node:internal/modules/cjs/loader:1275:14)
    at Module._extensions..js (node:internal/modules/cjs/loader:1329:10)
    at Module.load (node:internal/modules/cjs/loader:1133:32)
    at Module._load (node:internal/modules/cjs/loader:972:12)
[2023-12-14 14:24:25] [WARN] [Error] Warning: Accessing non-existent property 'lineno' of module exports inside circular dependency
    at emitCircularRequireWarning (node:internal/modules/cjs/loader:848:11)
    at Object.get (node:internal/modules/cjs/loader:864:5)
    at Boolean.Node [as constructor] (F:\WebApp\JS\React\tbr\Server\node_modules\.pnpm\stylus@0.54.5\node_modules\stylus\lib\nodes\node.js:42:23)
    at new Boolean (F:\WebApp\JS\React\tbr\Server\node_modules\.pnpm\stylus@0.54.5\node_modules\stylus\lib\nodes\boolean.js:23:8)
    at Object.<anonymous> (F:\WebApp\JS\React\tbr\Server\node_modules\.pnpm\stylus@0.54.5\node_modules\stylus\lib\nodes\index.js:58:17)
    at Module._compile (node:internal/modules/cjs/loader:1275:14)
    at Module._extensions..js (node:internal/modules/cjs/loader:1329:10)
    at Module.load (node:internal/modules/cjs/loader:1133:32)
    at Module._load (node:internal/modules/cjs/loader:972:12)
    at Module.require (node:internal/modules/cjs/loader:1157:19)
    at require (node:internal/modules/helpers:119:18)
    at Object.<anonymous> (F:\WebApp\JS\React\tbr\Server\node_modules\.pnpm\stylus@0.54.5\node_modules\stylus\lib\lexer.js:13:13)
    at Module._compile (node:internal/modules/cjs/loader:1275:14)
    at Module._extensions..js (node:internal/modules/cjs/loader:1329:10)
    at Module.load (node:internal/modules/cjs/loader:1133:32)
    at Module._load (node:internal/modules/cjs/loader:972:12)
[2023-12-14 14:24:25] [WARN] [Error] Warning: Accessing non-existent property 'filename' of module exports inside circular dependency
    at emitCircularRequireWarning (node:internal/modules/cjs/loader:848:11)
    at Object.get (node:internal/modules/cjs/loader:864:5)
    at Boolean.Node [as constructor] (F:\WebApp\JS\React\tbr\Server\node_modules\.pnpm\stylus@0.54.5\node_modules\stylus\lib\nodes\node.js:44:25)
    at new Boolean (F:\WebApp\JS\React\tbr\Server\node_modules\.pnpm\stylus@0.54.5\node_modules\stylus\lib\nodes\boolean.js:23:8)
    at Object.<anonymous> (F:\WebApp\JS\React\tbr\Server\node_modules\.pnpm\stylus@0.54.5\node_modules\stylus\lib\nodes\index.js:58:17)
    at Module._compile (node:internal/modules/cjs/loader:1275:14)
    at Module._extensions..js (node:internal/modules/cjs/loader:1329:10)
    at Module.load (node:internal/modules/cjs/loader:1133:32)
    at Module._load (node:internal/modules/cjs/loader:972:12)
    at Module.require (node:internal/modules/cjs/loader:1157:19)
    at require (node:internal/modules/helpers:119:18)
    at Object.<anonymous> (F:\WebApp\JS\React\tbr\Server\node_modules\.pnpm\stylus@0.54.5\node_modules\stylus\lib\lexer.js:13:13)
    at Module._compile (node:internal/modules/cjs/loader:1275:14)
    at Module._extensions..js (node:internal/modules/cjs/loader:1329:10)
    at Module.load (node:internal/modules/cjs/loader:1133:32)
    at Module._load (node:internal/modules/cjs/loader:972:12)
[2023-12-14 14:24:25] [WARN] [Error] Warning: Accessing non-existent property 'column' of module exports inside circular dependency
    at emitCircularRequireWarning (node:internal/modules/cjs/loader:848:11)
    at Object.get (node:internal/modules/cjs/loader:864:5)
    at Boolean.Node [as constructor] (F:\WebApp\JS\React\tbr\Server\node_modules\.pnpm\stylus@0.54.5\node_modules\stylus\lib\nodes\node.js:43:23)
    at new Boolean (F:\WebApp\JS\React\tbr\Server\node_modules\.pnpm\stylus@0.54.5\node_modules\stylus\lib\nodes\boolean.js:23:8)
    at Object.<anonymous> (F:\WebApp\JS\React\tbr\Server\node_modules\.pnpm\stylus@0.54.5\node_modules\stylus\lib\nodes\index.js:58:17)
    at Module._compile (node:internal/modules/cjs/loader:1275:14)
    at Module._extensions..js (node:internal/modules/cjs/loader:1329:10)
    at Module.load (node:internal/modules/cjs/loader:1133:32)
    at Module._load (node:internal/modules/cjs/loader:972:12)
    at Module.require (node:internal/modules/cjs/loader:1157:19)
    at require (node:internal/modules/helpers:119:18)
    at Object.<anonymous> (F:\WebApp\JS\React\tbr\Server\node_modules\.pnpm\stylus@0.54.5\node_modules\stylus\lib\lexer.js:13:13)
    at Module._compile (node:internal/modules/cjs/loader:1275:14)
    at Module._extensions..js (node:internal/modules/cjs/loader:1329:10)
    at Module.load (node:internal/modules/cjs/loader:1133:32)
    at Module._load (node:internal/modules/cjs/loader:972:12)
[2023-12-14 14:24:25] [INFO] [Cluster] PID '28528' forked!
[2023-12-14 14:24:25] [INFO] [Cluster] PID '28492' forked!
[2023-12-14 14:24:25] [INFO] [Cluster] PID '28476' forked!
[2023-12-14 14:24:25] [INFO] [Cluster] PID '28640' forked!
[2023-12-14 14:24:25] [INFO] [Cluster] PID '26888' forked!
[2023-12-14 14:24:25] [INFO] [Cluster] PID '29816' forked!
[2023-12-14 14:24:25] [INFO] [Cluster] PID '26772' forked!
[2023-12-14 14:24:25] [INFO] [Cluster] PID '28548' forked!
[2023-12-14 14:24:25] [INFO] [Cluster] PID '28864' forked!
[2023-12-14 14:24:25] [INFO] [Cluster] PID '29888' forked!
[2023-12-14 14:24:25] [INFO] [Cluster] PID '29808' forked!
[2023-12-14 14:24:25] [INFO] [Cluster] PID '26844' forked!
[2023-12-14 14:24:25] [INFO] [Cluster] PID '28992' forked!
[2023-12-14 14:24:25] [INFO] [Cluster] PID '29220' forked!
[2023-12-14 14:24:25] [INFO] [Cluster] PID '29216' forked!
[2023-12-14 14:24:25] [INFO] [Cluster] PID '29300' forked!
[2023-12-14 14:24:25] [INFO] [Cluster] PID '29616' forked!
[2023-12-14 14:24:25] [INFO] [Cluster] PID '28968' forked!
[2023-12-14 14:24:25] [INFO] [Cluster] PID '27724' forked!
[2023-12-14 14:24:25] [INFO] [Cluster] PID '26348' forked!
[2023-12-14 14:24:25] [INFO] [Cluster] PID '29912' forked!
[2023-12-14 14:24:25] [INFO] [Cluster] PID '27760' forked!
[2023-12-14 14:24:25] [INFO] [Cluster] PID '26236' forked!
[2023-12-14 14:24:25] [INFO] [Cluster] PID '30160' forked!
[2023-12-14 14:24:25] [INFO] [Cluster] PID '28648' forked!
[2023-12-14 14:24:25] [INFO] [Cluster] PID '28040' forked!
[2023-12-14 14:24:25] [INFO] [Cluster] PID '28108' forked!
[2023-12-14 14:24:25] [INFO] [Cluster] PID '26452' forked!
[2023-12-14 14:24:25] [INFO] [Cluster] PID '30144' forked!
[2023-12-14 14:24:25] [INFO] [Cluster] PID '30028' forked!
[2023-12-14 14:24:25] [INFO] [Cluster] PID '30336' forked!
[2023-12-14 14:24:25] [INFO] [Cluster] PID '30256' forked!
[2023-12-14 14:24:26] [INFO] [WebSocket] Upgrade server running with PID '28476' Connected!
[2023-12-14 14:24:26] [INFO] [Middleware] Enable Monitor middleware...
[2023-12-14 14:24:26] [INFO] [Routes] Mounting API Routes...
[2023-12-14 14:24:26] [INFO] [Middleware] Enable Http middleware...
[2023-12-14 14:24:26] [INFO] [Middleware] Enable Cors middleware...
[2023-12-14 14:24:26] [INFO] [Routes] Mounting User Routes...
[2023-12-14 14:24:26] [INFO] [Routes] Mounting Lobby Routes...
[2023-12-14 14:24:26] [INFO] [Database] Loading...
[2023-12-14 14:24:26] [INFO] [Server] Loading...
[2023-12-14 14:24:26] [INFO] [Server] Server running with PID '28528' Connected!
[2023-12-14 14:24:26] [INFO] [WebSocket] Upgrade server running with PID '28528' Connected!
[2023-12-14 14:24:26] [INFO] [Middleware] Enable Cors middleware...
[2023-12-14 14:24:26] [INFO] [Middleware] Enable Http middleware...
[2023-12-14 14:24:26] [INFO] [Middleware] Enable Monitor middleware...
[2023-12-14 14:24:26] [INFO] [Routes] Mounting API Routes...
[2023-12-14 14:24:26] [INFO] [Routes] Mounting User Routes...
[2023-12-14 14:24:26] [INFO] [Routes] Mounting Lobby Routes...
[2023-12-14 14:24:26] [INFO] [Database] Loading...
[2023-12-14 14:24:25] [INFO] [Cluster] PID '28528' Connected!
[2023-12-14 14:24:26] [INFO] [Server] Loading...
[2023-12-14 14:24:25] [INFO] [Cluster] PID '28476' Connected!
[2023-12-14 14:24:25] [INFO] [Cluster] PID '28528' Connected!
[2023-12-14 14:24:26] [INFO] [WebSocket] Upgrade server running with PID '28640' Connected!
[2023-12-14 14:24:26] [INFO] [Middleware] Enable Cors middleware...
[2023-12-14 14:24:26] [INFO] [Middleware] Enable Http middleware...
[2023-12-14 14:24:26] [INFO] [Middleware] Enable Monitor middleware...
[2023-12-14 14:24:26] [INFO] [Routes] Mounting API Routes...
[2023-12-14 14:24:26] [INFO] [Routes] Mounting User Routes...
[2023-12-14 14:24:26] [INFO] [Routes] Mounting Lobby Routes...
[2023-12-14 14:24:26] [INFO] [Database] Loading...
[2023-12-14 14:24:26] [INFO] [Server] Loading...
[2023-12-14 14:24:25] [INFO] [Cluster] PID '28640' Connected!
[2023-12-14 14:24:26] [INFO] [WebSocket] Upgrade server running with PID '28492' Connected!
[2023-12-14 14:24:26] [INFO] [Middleware] Enable Cors middleware...
[2023-12-14 14:24:26] [INFO] [Middleware] Enable Http middleware...
[2023-12-14 14:24:26] [INFO] [Middleware] Enable Monitor middleware...
[2023-12-14 14:24:26] [INFO] [Routes] Mounting API Routes...
[2023-12-14 14:24:26] [INFO] [Routes] Mounting User Routes...
[2023-12-14 14:24:26] [INFO] [Routes] Mounting Lobby Routes...
[2023-12-14 14:24:26] [INFO] [Database] Loading...
[2023-12-14 14:24:26] [INFO] [Server] Loading...
[2023-12-14 14:24:25] [INFO] [Cluster] PID '28492' Connected!
[2023-12-14 14:24:26] [INFO] [WebSocket] Upgrade server running with PID '29816' Connected!
[2023-12-14 14:24:26] [INFO] [Middleware] Enable Cors middleware...
[2023-12-14 14:24:26] [INFO] [Middleware] Enable Http middleware...
[2023-12-14 14:24:26] [INFO] [Middleware] Enable Monitor middleware...
[2023-12-14 14:24:26] [INFO] [Routes] Mounting API Routes...
[2023-12-14 14:24:26] [INFO] [Routes] Mounting User Routes...
[2023-12-14 14:24:26] [INFO] [Routes] Mounting Lobby Routes...
[2023-12-14 14:24:26] [INFO] [Database] Loading...
[2023-12-14 14:24:26] [INFO] [Server] Loading...
[2023-12-14 14:24:25] [INFO] [Cluster] PID '29816' Connected!
[2023-12-14 14:24:26] [INFO] [WebSocket] Upgrade server running with PID '28548' Connected!
[2023-12-14 14:24:26] [INFO] [Middleware] Enable Cors middleware...
[2023-12-14 14:24:26] [INFO] [Middleware] Enable Http middleware...
[2023-12-14 14:24:26] [INFO] [Middleware] Enable Monitor middleware...
[2023-12-14 14:24:26] [INFO] [Routes] Mounting API Routes...
[2023-12-14 14:24:26] [INFO] [Routes] Mounting User Routes...
[2023-12-14 14:24:26] [INFO] [Routes] Mounting Lobby Routes...
[2023-12-14 14:24:26] [INFO] [Database] Loading...
[2023-12-14 14:24:26] [INFO] [Server] Loading...
[2023-12-14 14:24:26] [INFO] [WebSocket] Upgrade server running with PID '26888' Connected!
[2023-12-14 14:24:26] [INFO] [Middleware] Enable Cors middleware...
[2023-12-14 14:24:26] [INFO] [Middleware] Enable Http middleware...
[2023-12-14 14:24:26] [INFO] [Middleware] Enable Monitor middleware...
[2023-12-14 14:24:26] [INFO] [Routes] Mounting API Routes...
[2023-12-14 14:24:26] [INFO] [Routes] Mounting User Routes...
[2023-12-14 14:24:26] [INFO] [Routes] Mounting Lobby Routes...
[2023-12-14 14:24:26] [INFO] [Database] Loading...
[2023-12-14 14:24:26] [INFO] [Server] Loading...
[2023-12-14 14:24:25] [INFO] [Cluster] PID '28548' Connected!
[2023-12-14 14:24:26] [INFO] [WebSocket] Upgrade server running with PID '29888' Connected!
[2023-12-14 14:24:26] [INFO] [Middleware] Enable Cors middleware...
[2023-12-14 14:24:26] [INFO] [Middleware] Enable Http middleware...
[2023-12-14 14:24:26] [INFO] [Middleware] Enable Monitor middleware...
[2023-12-14 14:24:26] [INFO] [Routes] Mounting API Routes...
[2023-12-14 14:24:26] [INFO] [Routes] Mounting User Routes...
[2023-12-14 14:24:26] [INFO] [Routes] Mounting Lobby Routes...
[2023-12-14 14:24:26] [INFO] [Database] Loading...
[2023-12-14 14:24:26] [INFO] [Server] Loading...
[2023-12-14 14:24:25] [INFO] [Cluster] PID '26888' Connected!
[2023-12-14 14:24:25] [INFO] [Cluster] PID '29888' Connected!
[2023-12-14 14:24:26] [INFO] [WebSocket] Upgrade server running with PID '26772' Connected!
[2023-12-14 14:24:26] [INFO] [Middleware] Enable Cors middleware...
[2023-12-14 14:24:26] [INFO] [Middleware] Enable Http middleware...
[2023-12-14 14:24:26] [INFO] [Middleware] Enable Monitor middleware...
[2023-12-14 14:24:26] [INFO] [Routes] Mounting API Routes...
[2023-12-14 14:24:26] [INFO] [Routes] Mounting User Routes...
[2023-12-14 14:24:26] [INFO] [Routes] Mounting Lobby Routes...
[2023-12-14 14:24:26] [INFO] [Server] Loading...
[2023-12-14 14:24:26] [INFO] [Database] Loading...
[2023-12-14 14:24:25] [INFO] [Cluster] PID '26772' Connected!
[2023-12-14 14:24:26] [INFO] [WebSocket] Upgrade server running with PID '26844' Connected!
[2023-12-14 14:24:26] [INFO] [Middleware] Enable Cors middleware...
[2023-12-14 14:24:26] [INFO] [Middleware] Enable Http middleware...
[2023-12-14 14:24:26] [INFO] [Middleware] Enable Monitor middleware...
[2023-12-14 14:24:26] [INFO] [Routes] Mounting API Routes...
[2023-12-14 14:24:26] [INFO] [Routes] Mounting User Routes...
[2023-12-14 14:24:26] [INFO] [Routes] Mounting Lobby Routes...
[2023-12-14 14:24:26] [INFO] [Database] Loading...
[2023-12-14 14:24:26] [INFO] [Server] Loading...
[2023-12-14 14:24:25] [INFO] [Cluster] PID '26844' Connected!
[2023-12-14 14:24:26] [INFO] [WebSocket] Upgrade server running with PID '28864' Connected!
[2023-12-14 14:24:26] [INFO] [Middleware] Enable Cors middleware...
[2023-12-14 14:24:26] [INFO] [Middleware] Enable Http middleware...
[2023-12-14 14:24:26] [INFO] [Routes] Mounting User Routes...
[2023-12-14 14:24:26] [INFO] [Routes] Mounting API Routes...
[2023-12-14 14:24:26] [INFO] [Routes] Mounting Lobby Routes...
[2023-12-14 14:24:26] [INFO] [Database] Loading...
[2023-12-14 14:24:26] [INFO] [Middleware] Enable Monitor middleware...
[2023-12-14 14:24:26] [INFO] [Server] Loading...
[2023-12-14 14:24:25] [INFO] [Cluster] PID '28864' Connected!
[2023-12-14 14:24:26] [INFO] [WebSocket] Upgrade server running with PID '29220' Connected!
[2023-12-14 14:24:26] [INFO] [Middleware] Enable Monitor middleware...
[2023-12-14 14:24:26] [INFO] [Routes] Mounting API Routes...
[2023-12-14 14:24:26] [INFO] [Routes] Mounting User Routes...
[2023-12-14 14:24:26] [INFO] [Routes] Mounting Lobby Routes...
[2023-12-14 14:24:26] [INFO] [Middleware] Enable Http middleware...
[2023-12-14 14:24:26] [INFO] [Database] Loading...
[2023-12-14 14:24:26] [INFO] [Server] Loading...
[2023-12-14 14:24:26] [INFO] [Middleware] Enable Cors middleware...
[2023-12-14 14:24:25] [INFO] [Cluster] PID '29220' Connected!
[2023-12-14 14:24:26] [INFO] [WebSocket] Upgrade server running with PID '29808' Connected!
[2023-12-14 14:24:26] [INFO] [Middleware] Enable Cors middleware...
[2023-12-14 14:24:26] [INFO] [Middleware] Enable Http middleware...
[2023-12-14 14:24:26] [INFO] [Middleware] Enable Monitor middleware...
[2023-12-14 14:24:26] [INFO] [Routes] Mounting API Routes...
[2023-12-14 14:24:26] [INFO] [Routes] Mounting User Routes...
[2023-12-14 14:24:26] [INFO] [Routes] Mounting Lobby Routes...
[2023-12-14 14:24:26] [INFO] [Database] Loading...
[2023-12-14 14:24:26] [INFO] [Server] Loading...
[2023-12-14 14:24:25] [INFO] [Cluster] PID '29808' Connected!
[2023-12-14 14:24:26] [INFO] [WebSocket] Upgrade server running with PID '28992' Connected!
[2023-12-14 14:24:26] [INFO] [Middleware] Enable Cors middleware...
[2023-12-14 14:24:26] [INFO] [Middleware] Enable Http middleware...
[2023-12-14 14:24:26] [INFO] [Middleware] Enable Monitor middleware...
[2023-12-14 14:24:26] [INFO] [Routes] Mounting API Routes...
[2023-12-14 14:24:26] [INFO] [Routes] Mounting User Routes...
[2023-12-14 14:24:26] [INFO] [Routes] Mounting Lobby Routes...
[2023-12-14 14:24:26] [INFO] [Database] Loading...
[2023-12-14 14:24:26] [INFO] [Server] Loading...
[2023-12-14 14:24:26] [INFO] [WebSocket] Upgrade server running with PID '28968' Connected!
[2023-12-14 14:24:26] [INFO] [Middleware] Enable Cors middleware...
[2023-12-14 14:24:26] [INFO] [Middleware] Enable Http middleware...
[2023-12-14 14:24:26] [INFO] [Middleware] Enable Monitor middleware...
[2023-12-14 14:24:26] [INFO] [Routes] Mounting API Routes...
[2023-12-14 14:24:26] [INFO] [Routes] Mounting User Routes...
[2023-12-14 14:24:26] [INFO] [Routes] Mounting Lobby Routes...
[2023-12-14 14:24:26] [INFO] [Database] Loading...
[2023-12-14 14:24:26] [INFO] [Server] Loading...
[2023-12-14 14:24:25] [INFO] [Cluster] PID '28992' Connected!
[2023-12-14 14:24:25] [INFO] [Cluster] PID '28968' Connected!
[2023-12-14 14:24:26] [INFO] [WebSocket] Upgrade server running with PID '29216' Connected!
[2023-12-14 14:24:26] [INFO] [Middleware] Enable Cors middleware...
[2023-12-14 14:24:26] [INFO] [Middleware] Enable Http middleware...
[2023-12-14 14:24:26] [INFO] [Middleware] Enable Monitor middleware...
[2023-12-14 14:24:26] [INFO] [Routes] Mounting API Routes...
[2023-12-14 14:24:26] [INFO] [Routes] Mounting User Routes...
[2023-12-14 14:24:26] [INFO] [Routes] Mounting Lobby Routes...
[2023-12-14 14:24:26] [INFO] [Database] Loading...
[2023-12-14 14:24:26] [INFO] [Server] Loading...
[2023-12-14 14:24:25] [INFO] [Cluster] PID '29216' Connected!
[2023-12-14 14:24:26] [INFO] [WebSocket] Upgrade server running with PID '29300' Connected!
[2023-12-14 14:24:26] [INFO] [Middleware] Enable Cors middleware...
[2023-12-14 14:24:26] [INFO] [Middleware] Enable Http middleware...
[2023-12-14 14:24:26] [INFO] [Middleware] Enable Monitor middleware...
[2023-12-14 14:24:26] [INFO] [Routes] Mounting Lobby Routes...
[2023-12-14 14:24:26] [INFO] [Routes] Mounting User Routes...
[2023-12-14 14:24:26] [INFO] [Routes] Mounting API Routes...
[2023-12-14 14:24:26] [INFO] [Server] Loading...
[2023-12-14 14:24:26] [INFO] [Database] Loading...
[2023-12-14 14:24:25] [INFO] [Cluster] PID '29300' Connected!
[2023-12-14 14:24:26] [INFO] [WebSocket] Upgrade server running with PID '27724' Connected!
[2023-12-14 14:24:26] [INFO] [Middleware] Enable Cors middleware...
[2023-12-14 14:24:26] [INFO] [Middleware] Enable Http middleware...
[2023-12-14 14:24:26] [INFO] [Middleware] Enable Monitor middleware...
[2023-12-14 14:24:26] [INFO] [Routes] Mounting API Routes...
[2023-12-14 14:24:26] [INFO] [Routes] Mounting User Routes...
[2023-12-14 14:24:26] [INFO] [Routes] Mounting Lobby Routes...
[2023-12-14 14:24:26] [INFO] [Database] Loading...
[2023-12-14 14:24:26] [INFO] [Server] Loading...
[2023-12-14 14:24:26] [INFO] [WebSocket] Upgrade server running with PID '29616' Connected!
[2023-12-14 14:24:26] [INFO] [Middleware] Enable Cors middleware...
[2023-12-14 14:24:26] [INFO] [Middleware] Enable Http middleware...
[2023-12-14 14:24:26] [INFO] [Middleware] Enable Monitor middleware...
[2023-12-14 14:24:26] [INFO] [Routes] Mounting API Routes...
[2023-12-14 14:24:26] [INFO] [Routes] Mounting User Routes...
[2023-12-14 14:24:26] [INFO] [Routes] Mounting Lobby Routes...
[2023-12-14 14:24:26] [INFO] [Database] Loading...
[2023-12-14 14:24:26] [INFO] [Server] Loading...
[2023-12-14 14:24:25] [INFO] [Cluster] PID '29616' Connected!
[2023-12-14 14:24:25] [INFO] [Cluster] PID '27724' Connected!
[2023-12-14 14:24:26] [INFO] [WebSocket] Upgrade server running with PID '27760' Connected!
[2023-12-14 14:24:26] [INFO] [Middleware] Enable Cors middleware...
[2023-12-14 14:24:26] [INFO] [Middleware] Enable Http middleware...
[2023-12-14 14:24:26] [INFO] [Middleware] Enable Monitor middleware...
[2023-12-14 14:24:26] [INFO] [Routes] Mounting API Routes...
[2023-12-14 14:24:26] [INFO] [Routes] Mounting User Routes...
[2023-12-14 14:24:26] [INFO] [Routes] Mounting Lobby Routes...
[2023-12-14 14:24:26] [INFO] [Database] Loading...
[2023-12-14 14:24:26] [INFO] [Server] Loading...
[2023-12-14 14:24:25] [INFO] [Cluster] PID '27760' Connected!
[2023-12-14 14:24:26] [INFO] [WebSocket] Upgrade server running with PID '26236' Connected!
[2023-12-14 14:24:26] [INFO] [Middleware] Enable Cors middleware...
[2023-12-14 14:24:26] [INFO] [Middleware] Enable Http middleware...
[2023-12-14 14:24:26] [INFO] [Middleware] Enable Monitor middleware...
[2023-12-14 14:24:26] [INFO] [Routes] Mounting API Routes...
[2023-12-14 14:24:26] [INFO] [Routes] Mounting User Routes...
[2023-12-14 14:24:26] [INFO] [Routes] Mounting Lobby Routes...
[2023-12-14 14:24:26] [INFO] [Database] Loading...
[2023-12-14 14:24:26] [INFO] [Server] Loading...
[2023-12-14 14:24:25] [INFO] [Cluster] PID '26236' Connected!
[2023-12-14 14:24:27] [INFO] [WebSocket] Upgrade server running with PID '29912' Connected!
[2023-12-14 14:24:27] [INFO] [Middleware] Enable Cors middleware...
[2023-12-14 14:24:27] [INFO] [Middleware] Enable Http middleware...
[2023-12-14 14:24:27] [INFO] [Middleware] Enable Monitor middleware...
[2023-12-14 14:24:27] [INFO] [Routes] Mounting Lobby Routes...
[2023-12-14 14:24:27] [INFO] [Database] Loading...
[2023-12-14 14:24:27] [INFO] [Routes] Mounting User Routes...
[2023-12-14 14:24:27] [INFO] [Server] Loading...
[2023-12-14 14:24:27] [INFO] [Routes] Mounting API Routes...
[2023-12-14 14:24:25] [INFO] [Cluster] PID '29912' Connected!
[2023-12-14 14:24:27] [INFO] [WebSocket] Upgrade server running with PID '26348' Connected!
[2023-12-14 14:24:27] [INFO] [Middleware] Enable Monitor middleware...
[2023-12-14 14:24:27] [INFO] [Middleware] Enable Http middleware...
[2023-12-14 14:24:27] [INFO] [Middleware] Enable Cors middleware...
[2023-12-14 14:24:27] [INFO] [Routes] Mounting API Routes...
[2023-12-14 14:24:27] [INFO] [Routes] Mounting User Routes...
[2023-12-14 14:24:27] [INFO] [Routes] Mounting Lobby Routes...
[2023-12-14 14:24:27] [INFO] [Server] Loading...
[2023-12-14 14:24:27] [INFO] [Database] Loading...
[2023-12-14 14:24:25] [INFO] [Cluster] PID '26348' Connected!
[2023-12-14 14:24:27] [INFO] [Middleware] Enable Cors middleware...
[2023-12-14 14:24:27] [INFO] [WebSocket] Upgrade server running with PID '30160' Connected!
[2023-12-14 14:24:27] [INFO] [Middleware] Enable Http middleware...
[2023-12-14 14:24:27] [INFO] [Routes] Mounting User Routes...
[2023-12-14 14:24:27] [INFO] [Routes] Mounting Lobby Routes...
[2023-12-14 14:24:27] [INFO] [Middleware] Enable Monitor middleware...
[2023-12-14 14:24:27] [INFO] [Server] Loading...
[2023-12-14 14:24:27] [INFO] [Database] Loading...
[2023-12-14 14:24:27] [INFO] [Routes] Mounting API Routes...
[2023-12-14 14:24:26] [INFO] [Database] Connected to Mongo Database at : mongodb+srv://admin:root@cluster0.jtexi.mongodb.net/tsr
[2023-12-14 14:24:26] [INFO] [Database] Connected to Mongo Database at : mongodb+srv://admin:root@cluster0.jtexi.mongodb.net/tsr
[2023-12-14 14:24:25] [INFO] [Cluster] PID '30160' Connected!
[2023-12-14 14:24:27] [INFO] [WebSocket] Upgrade server running with PID '28108' Connected!
[2023-12-14 14:24:27] [INFO] [Middleware] Enable Cors middleware...
[2023-12-14 14:24:27] [INFO] [Middleware] Enable Http middleware...
[2023-12-14 14:24:27] [INFO] [Middleware] Enable Monitor middleware...
[2023-12-14 14:24:27] [INFO] [Routes] Mounting API Routes...
[2023-12-14 14:24:27] [INFO] [Routes] Mounting User Routes...
[2023-12-14 14:24:27] [INFO] [Routes] Mounting Lobby Routes...
[2023-12-14 14:24:27] [INFO] [Database] Loading...
[2023-12-14 14:24:27] [INFO] [Server] Loading...
[2023-12-14 14:24:25] [INFO] [Cluster] PID '28108' Connected!
[2023-12-14 14:24:27] [INFO] [WebSocket] Upgrade server running with PID '30336' Connected!
[2023-12-14 14:24:27] [INFO] [Middleware] Enable Cors middleware...
[2023-12-14 14:24:27] [INFO] [Middleware] Enable Monitor middleware...
[2023-12-14 14:24:27] [INFO] [Routes] Mounting API Routes...
[2023-12-14 14:24:27] [INFO] [Routes] Mounting User Routes...
[2023-12-14 14:24:27] [INFO] [Routes] Mounting Lobby Routes...
[2023-12-14 14:24:27] [INFO] [Database] Loading...
[2023-12-14 14:24:27] [INFO] [Server] Loading...
[2023-12-14 14:24:27] [INFO] [Middleware] Enable Http middleware...
[2023-12-14 14:24:25] [INFO] [Cluster] PID '30336' Connected!
[2023-12-14 14:24:27] [INFO] [WebSocket] Upgrade server running with PID '28040' Connected!
[2023-12-14 14:24:27] [INFO] [Middleware] Enable Cors middleware...
[2023-12-14 14:24:27] [INFO] [Middleware] Enable Http middleware...
[2023-12-14 14:24:27] [INFO] [Middleware] Enable Monitor middleware...
[2023-12-14 14:24:27] [INFO] [Routes] Mounting API Routes...
[2023-12-14 14:24:27] [INFO] [Routes] Mounting User Routes...
[2023-12-14 14:24:27] [INFO] [Routes] Mounting Lobby Routes...
[2023-12-14 14:24:27] [INFO] [Database] Loading...
[2023-12-14 14:24:27] [INFO] [Server] Loading...
[2023-12-14 14:24:25] [INFO] [Cluster] PID '28040' Connected!
[2023-12-14 14:24:27] [INFO] [WebSocket] Upgrade server running with PID '30028' Connected!
[2023-12-14 14:24:27] [INFO] [Middleware] Enable Cors middleware...
[2023-12-14 14:24:27] [INFO] [Middleware] Enable Http middleware...
[2023-12-14 14:24:27] [INFO] [Middleware] Enable Monitor middleware...
[2023-12-14 14:24:27] [INFO] [Routes] Mounting API Routes...
[2023-12-14 14:24:27] [INFO] [Routes] Mounting User Routes...
[2023-12-14 14:24:27] [INFO] [Routes] Mounting Lobby Routes...
[2023-12-14 14:24:27] [INFO] [Database] Loading...
[2023-12-14 14:24:27] [INFO] [Server] Loading...
[2023-12-14 14:24:27] [INFO] [WebSocket] Upgrade server running with PID '28648' Connected!
[2023-12-14 14:24:27] [INFO] [Middleware] Enable Cors middleware...
[2023-12-14 14:24:27] [INFO] [Middleware] Enable Http middleware...
[2023-12-14 14:24:27] [INFO] [Middleware] Enable Monitor middleware...
[2023-12-14 14:24:27] [INFO] [Routes] Mounting API Routes...
[2023-12-14 14:24:27] [INFO] [Routes] Mounting User Routes...
[2023-12-14 14:24:27] [INFO] [Routes] Mounting Lobby Routes...
[2023-12-14 14:24:27] [INFO] [Database] Loading...
[2023-12-14 14:24:27] [INFO] [Server] Loading...
[2023-12-14 14:24:27] [INFO] [WebSocket] Upgrade server running with PID '26452' Connected!
[2023-12-14 14:24:27] [INFO] [Middleware] Enable Http middleware...
[2023-12-14 14:24:27] [INFO] [Middleware] Enable Cors middleware...
[2023-12-14 14:24:27] [INFO] [Middleware] Enable Monitor middleware...
[2023-12-14 14:24:27] [INFO] [Middleware] Enable Http middleware...
[2023-12-14 14:24:27] [INFO] [WebSocket] Upgrade server running with PID '30256' Connected!
[2023-12-14 14:24:27] [INFO] [Middleware] Enable Cors middleware...
[2023-12-14 14:24:27] [INFO] [Middleware] Enable Monitor middleware...
[2023-12-14 14:24:27] [INFO] [Middleware] Enable Cors middleware...
[2023-12-14 14:24:27] [INFO] [WebSocket] Upgrade server running with PID '30144' Connected!
[2023-12-14 14:24:27] [INFO] [Routes] Mounting User Routes...
[2023-12-14 14:24:27] [INFO] [Routes] Mounting Lobby Routes...
[2023-12-14 14:24:27] [INFO] [Middleware] Enable Http middleware...
[2023-12-14 14:24:27] [INFO] [Routes] Mounting API Routes...
[2023-12-14 14:24:27] [INFO] [Server] Loading...
[2023-12-14 14:24:27] [INFO] [Routes] Mounting API Routes...
[2023-12-14 14:24:27] [INFO] [Database] Loading...
[2023-12-14 14:24:25] [INFO] [Cluster] PID '30028' Connected!
[2023-12-14 14:24:27] [INFO] [Database] Loading...
[2023-12-14 14:24:27] [INFO] [Middleware] Enable Monitor middleware...
[2023-12-14 14:24:27] [INFO] [Routes] Mounting Lobby Routes...
[2023-12-14 14:24:27] [INFO] [Routes] Mounting Lobby Routes...
[2023-12-14 14:24:27] [INFO] [Routes] Mounting User Routes...
[2023-12-14 14:24:27] [INFO] [Routes] Mounting API Routes...
[2023-12-14 14:24:25] [INFO] [Cluster] PID '26452' Connected!
[2023-12-14 14:24:25] [INFO] [Cluster] PID '28648' Connected!
[2023-12-14 14:24:27] [INFO] [Routes] Mounting User Routes...
[2023-12-14 14:24:27] [INFO] [Database] Loading...
[2023-12-14 14:24:27] [INFO] [Server] Loading...
[2023-12-14 14:24:25] [INFO] [Cluster] PID '30144' Connected!
[2023-12-14 14:24:25] [INFO] [Cluster] PID '30256' Connected!
[2023-12-14 14:24:26] [INFO] [Database] Connected to Mongo Database at : mongodb+srv://admin:root@cluster0.jtexi.mongodb.net/tsr
[2023-12-14 14:24:27] [INFO] [Server] Loading...
[2023-12-14 14:24:26] [INFO] [Database] Connected to Mongo Database at : mongodb+srv://admin:root@cluster0.jtexi.mongodb.net/tsr
[2023-12-14 14:24:26] [INFO] [Database] Connected to Mongo Database at : mongodb+srv://admin:root@cluster0.jtexi.mongodb.net/tsr
[2023-12-14 14:24:26] [INFO] [Database] Connected to Mongo Database at : mongodb+srv://admin:root@cluster0.jtexi.mongodb.net/tsr
[2023-12-14 14:24:26] [INFO] [Database] Connected to Mongo Database at : mongodb+srv://admin:root@cluster0.jtexi.mongodb.net/tsr
[2023-12-14 14:24:26] [INFO] [Database] Connected to Mongo Database at : mongodb+srv://admin:root@cluster0.jtexi.mongodb.net/tsr
[2023-12-14 14:24:26] [INFO] [Database] Connected to Mongo Database at : mongodb+srv://admin:root@cluster0.jtexi.mongodb.net/tsr
[2023-12-14 14:24:26] [INFO] [Database] Connected to Mongo Database at : mongodb+srv://admin:root@cluster0.jtexi.mongodb.net/tsr
[2023-12-14 14:24:26] [INFO] [Database] Connected to Mongo Database at : mongodb+srv://admin:root@cluster0.jtexi.mongodb.net/tsr
[2023-12-14 14:24:26] [INFO] [Database] Connected to Mongo Database at : mongodb+srv://admin:root@cluster0.jtexi.mongodb.net/tsr
[2023-12-14 14:24:26] [INFO] [Database] Connected to Mongo Database at : mongodb+srv://admin:root@cluster0.jtexi.mongodb.net/tsr
[2023-12-14 14:24:26] [INFO] [Database] Connected to Mongo Database at : mongodb+srv://admin:root@cluster0.jtexi.mongodb.net/tsr
[2023-12-14 14:24:26] [INFO] [Database] Connected to Mongo Database at : mongodb+srv://admin:root@cluster0.jtexi.mongodb.net/tsr
[2023-12-14 14:24:26] [INFO] [Database] Connected to Mongo Database at : mongodb+srv://admin:root@cluster0.jtexi.mongodb.net/tsr
[2023-12-14 14:24:27] [INFO] [Database] Connected to Mongo Database at : mongodb+srv://admin:root@cluster0.jtexi.mongodb.net/tsr
[2023-12-14 14:24:26] [INFO] [Database] Connected to Mongo Database at : mongodb+srv://admin:root@cluster0.jtexi.mongodb.net/tsr
[2023-12-14 14:24:26] [INFO] [Database] Connected to Mongo Database at : mongodb+srv://admin:root@cluster0.jtexi.mongodb.net/tsr
[2023-12-14 14:24:27] [INFO] [Database] Connected to Mongo Database at : mongodb+srv://admin:root@cluster0.jtexi.mongodb.net/tsr
[2023-12-14 14:24:27] [INFO] [Database] Connected to Mongo Database at : mongodb+srv://admin:root@cluster0.jtexi.mongodb.net/tsr
[2023-12-14 14:24:26] [INFO] [Database] Connected to Mongo Database at : mongodb+srv://admin:root@cluster0.jtexi.mongodb.net/tsr
[2023-12-14 14:24:27] [INFO] [Database] Connected to Mongo Database at : mongodb+srv://admin:root@cluster0.jtexi.mongodb.net/tsr
[2023-12-14 14:24:27] [INFO] [Database] Connected to Mongo Database at : mongodb+srv://admin:root@cluster0.jtexi.mongodb.net/tsr
[2023-12-14 14:24:27] [INFO] [Database] Connected to Mongo Database at : mongodb+srv://admin:root@cluster0.jtexi.mongodb.net/tsr
[2023-12-14 14:24:27] [INFO] [Database] Connected to Mongo Database at : mongodb+srv://admin:root@cluster0.jtexi.mongodb.net/tsr
[2023-12-14 14:24:27] [INFO] [Database] Connected to Mongo Database at : mongodb+srv://admin:root@cluster0.jtexi.mongodb.net/tsr
[2023-12-14 14:24:27] [INFO] [Database] Connected to Mongo Database at : mongodb+srv://admin:root@cluster0.jtexi.mongodb.net/tsr
[2023-12-14 14:24:27] [INFO] [Database] Connected to Mongo Database at : mongodb+srv://admin:root@cluster0.jtexi.mongodb.net/tsr
[2023-12-14 14:24:27] [INFO] [Database] Connected to Mongo Database at : mongodb+srv://admin:root@cluster0.jtexi.mongodb.net/tsr
[2023-12-14 14:24:26] [INFO] [Database] Connected to Mongo Database at : mongodb+srv://admin:root@cluster0.jtexi.mongodb.net/tsr
[2023-12-14 14:24:26] [INFO] [Database] Connected to Mongo Database at : mongodb+srv://admin:root@cluster0.jtexi.mongodb.net/tsr
[2023-12-14 14:24:26] [INFO] Opening socket server for TECP
[2023-12-14 14:24:26] [INFO] Created socket for Lobby TECP
[2023-12-14 14:24:26] [INFO] TECP: 387031077: Join
[2023-12-14 14:24:26] [INFO] Broadcasting user's message
[2023-12-14 14:24:26] [DEBUG] Pinging clients of lobby TECP...
[2023-12-14 14:24:26] [INFO] User with id 387031077 ponged lobby TECP.
[2023-12-14 14:24:26] [DEBUG] Pinging clients of lobby TECP...
[2023-12-14 14:24:26] [INFO] User with id 387031077 ponged lobby TECP.
[2023-12-14 14:24:26] [DEBUG] Pinging clients of lobby TECP...
[2023-12-14 14:24:26] [INFO] User with id 387031077 ponged lobby TECP.
[2023-12-14 14:24:26] [DEBUG] Pinging clients of lobby TECP...
[2023-12-14 14:24:26] [INFO] User with id 387031077 ponged lobby TECP.
[2023-12-14 14:24:26] [DEBUG] Pinging clients of lobby TECP...
[2023-12-14 14:24:26] [INFO] User with id 387031077 ponged lobby TECP.
[2023-12-14 14:24:26] [DEBUG] Pinging clients of lobby TECP...
[2023-12-14 14:24:26] [INFO] User with id 387031077 ponged lobby TECP.
[2023-12-14 14:24:26] [DEBUG] Pinging clients of lobby TECP...
[2023-12-14 14:24:26] [INFO] User with id 387031077 ponged lobby TECP.
[2023-12-14 14:24:26] [DEBUG] Pinging clients of lobby TECP...
[2023-12-14 14:24:26] [INFO] User with id 387031077 ponged lobby TECP.
[2023-12-14 14:24:26] [DEBUG] Pinging clients of lobby TECP...
[2023-12-14 14:24:26] [INFO] User with id 387031077 ponged lobby TECP.
[2023-12-14 14:24:26] [DEBUG] Pinging clients of lobby TECP...
[2023-12-14 14:24:26] [INFO] User with id 387031077 ponged lobby TECP.
[2023-12-14 14:24:26] [DEBUG] Pinging clients of lobby TECP...
[2023-12-14 14:24:26] [INFO] User with id 387031077 ponged lobby TECP.
[2023-12-14 14:24:26] [DEBUG] Pinging clients of lobby TECP...
[2023-12-14 14:24:26] [INFO] User with id 387031077 ponged lobby TECP.
[2023-12-14 14:24:26] [DEBUG] Pinging clients of lobby TECP...
[2023-12-14 14:24:26] [INFO] User with id 387031077 ponged lobby TECP.
[2023-12-14 14:24:26] [INFO] User with id 387031077 left lobby TECP.
[2023-12-14 14:24:26] [INFO] Broadcasting user's message
[2023-12-14 14:24:26] [INFO] TECP: 387031077: Leave
[2023-12-14 14:24:26] [DEBUG] Pinging clients of lobby TECP...
[2023-12-14 14:24:26] [INFO] Lobby TECP has no active users.
[2023-12-14 14:24:26] [DEBUG] Pinging clients of lobby TECP...
[2023-12-14 14:24:26] [INFO] Lobby TECP has had no active users for too long.
[2023-12-14 14:24:26] [INFO] Closing WebSocket server and deleting lobby TECP.
[2023-12-14 14:24:26] [INFO] Lobby TECP has no active users.
[2023-12-14 14:24:25] [INFO] [Worker] Loading...
