[2024-1-22 11:47:15] [INFO] [WebSocket] Upgrade server running with PID 'undefined' Connected!
[2024-1-22 11:47:15] [INFO] [Middleware] Enable Cors middleware...
[2024-1-22 11:47:15] [INFO] [Middleware] Enable Monitor middleware...
[2024-1-22 11:47:15] [INFO] [Middleware] Enable Http middleware...
[2024-1-22 11:47:15] [INFO] [Routes] Mounting API Routes...
[2024-1-22 11:47:15] [INFO] [Routes] Mounting Lobby Routes...
[2024-1-22 11:47:15] [INFO] [Routes] Mounting User Routes...
[2024-1-22 11:47:15] [INFO] [Configuration] Loading...
[2024-1-22 11:47:15] [INFO] [Database] Loading...
[2024-1-22 11:47:15] [INFO] [Server] Loading...
[2024-1-22 11:47:15] [INFO] [Queue Monitor] Running @ 'http://127.0.0.1:5550'
[2024-1-22 11:47:15] [WARN] [Error] Warning: Accessing non-existent property 'lineno' of module exports inside circular dependency
    at emitCircularRequireWarning (node:internal/modules/cjs/loader:848:11)
    at Object.get (node:internal/modules/cjs/loader:864:5)
    at Boolean.Node [as constructor] (F:\WebApp\JS\React\tbr\Server\node_modules\.pnpm\stylus@0.54.5\node_modules\stylus\lib\nodes\node.js:42:23)
    at new Boolean (F:\WebApp\JS\React\tbr\Server\node_modules\.pnpm\stylus@0.54.5\node_modules\stylus\lib\nodes\boolean.js:23:8)
    at Object.<anonymous> (F:\WebApp\JS\React\tbr\Server\node_modules\.pnpm\stylus@0.54.5\node_modules\stylus\lib\nodes\index.js:57:16)
    at Module._compile (node:internal/modules/cjs/loader:1275:14)
    at Module._extensions..js (node:internal/modules/cjs/loader:1329:10)
    at Module.load (node:internal/modules/cjs/loader:1133:32)
    at Module._load (node:internal/modules/cjs/loader:972:12)
    at Module.require (node:internal/modules/cjs/loader:1157:19)
    at require (node:internal/modules/helpers:119:18)
    at Object.<anonymous> (F:\WebApp\JS\React\tbr\Server\node_modules\.pnpm\stylus@0.54.5\node_modules\stylus\lib\lexer.js:13:13)
    at Module._compile (node:internal/modules/cjs/loader:1275:14)
    at Module._extensions..js (node:internal/modules/cjs/loader:1329:10)
    at Module.load (node:internal/modules/cjs/loader:1133:32)
    at Module._load (node:internal/modules/cjs/loader:972:12)
[2024-1-22 11:47:15] [WARN] [Error] Warning: Accessing non-existent property 'column' of module exports inside circular dependency
    at emitCircularRequireWarning (node:internal/modules/cjs/loader:848:11)
    at Object.get (node:internal/modules/cjs/loader:864:5)
    at Boolean.Node [as constructor] (F:\WebApp\JS\React\tbr\Server\node_modules\.pnpm\stylus@0.54.5\node_modules\stylus\lib\nodes\node.js:43:23)
    at new Boolean (F:\WebApp\JS\React\tbr\Server\node_modules\.pnpm\stylus@0.54.5\node_modules\stylus\lib\nodes\boolean.js:23:8)
    at Object.<anonymous> (F:\WebApp\JS\React\tbr\Server\node_modules\.pnpm\stylus@0.54.5\node_modules\stylus\lib\nodes\index.js:58:17)
    at Module._compile (node:internal/modules/cjs/loader:1275:14)
    at Module._extensions..js (node:internal/modules/cjs/loader:1329:10)
    at Module.load (node:internal/modules/cjs/loader:1133:32)
    at Module._load (node:internal/modules/cjs/loader:972:12)
    at Module.require (node:internal/modules/cjs/loader:1157:19)
    at require (node:internal/modules/helpers:119:18)
    at Object.<anonymous> (F:\WebApp\JS\React\tbr\Server\node_modules\.pnpm\stylus@0.54.5\node_modules\stylus\lib\lexer.js:13:13)
    at Module._compile (node:internal/modules/cjs/loader:1275:14)
    at Module._extensions..js (node:internal/modules/cjs/loader:1329:10)
    at Module.load (node:internal/modules/cjs/loader:1133:32)
    at Module._load (node:internal/modules/cjs/loader:972:12)
[2024-1-22 11:47:15] [WARN] [Error] Warning: Accessing non-existent property 'lineno' of module exports inside circular dependency
    at emitCircularRequireWarning (node:internal/modules/cjs/loader:848:11)
    at Object.get (node:internal/modules/cjs/loader:864:5)
    at Boolean.Node [as constructor] (F:\WebApp\JS\React\tbr\Server\node_modules\.pnpm\stylus@0.54.5\node_modules\stylus\lib\nodes\node.js:42:23)
    at new Boolean (F:\WebApp\JS\React\tbr\Server\node_modules\.pnpm\stylus@0.54.5\node_modules\stylus\lib\nodes\boolean.js:23:8)
    at Object.<anonymous> (F:\WebApp\JS\React\tbr\Server\node_modules\.pnpm\stylus@0.54.5\node_modules\stylus\lib\nodes\index.js:58:17)
    at Module._compile (node:internal/modules/cjs/loader:1275:14)
    at Module._extensions..js (node:internal/modules/cjs/loader:1329:10)
    at Module.load (node:internal/modules/cjs/loader:1133:32)
    at Module._load (node:internal/modules/cjs/loader:972:12)
    at Module.require (node:internal/modules/cjs/loader:1157:19)
    at require (node:internal/modules/helpers:119:18)
    at Object.<anonymous> (F:\WebApp\JS\React\tbr\Server\node_modules\.pnpm\stylus@0.54.5\node_modules\stylus\lib\lexer.js:13:13)
    at Module._compile (node:internal/modules/cjs/loader:1275:14)
    at Module._extensions..js (node:internal/modules/cjs/loader:1329:10)
    at Module.load (node:internal/modules/cjs/loader:1133:32)
    at Module._load (node:internal/modules/cjs/loader:972:12)
[2024-1-22 11:47:15] [WARN] [Error] Warning: Accessing non-existent property 'filename' of module exports inside circular dependency
    at emitCircularRequireWarning (node:internal/modules/cjs/loader:848:11)
    at Object.get (node:internal/modules/cjs/loader:864:5)
    at Boolean.Node [as constructor] (F:\WebApp\JS\React\tbr\Server\node_modules\.pnpm\stylus@0.54.5\node_modules\stylus\lib\nodes\node.js:44:25)
    at new Boolean (F:\WebApp\JS\React\tbr\Server\node_modules\.pnpm\stylus@0.54.5\node_modules\stylus\lib\nodes\boolean.js:23:8)
    at Object.<anonymous> (F:\WebApp\JS\React\tbr\Server\node_modules\.pnpm\stylus@0.54.5\node_modules\stylus\lib\nodes\index.js:57:16)
    at Module._compile (node:internal/modules/cjs/loader:1275:14)
    at Module._extensions..js (node:internal/modules/cjs/loader:1329:10)
    at Module.load (node:internal/modules/cjs/loader:1133:32)
    at Module._load (node:internal/modules/cjs/loader:972:12)
    at Module.require (node:internal/modules/cjs/loader:1157:19)
    at require (node:internal/modules/helpers:119:18)
    at Object.<anonymous> (F:\WebApp\JS\React\tbr\Server\node_modules\.pnpm\stylus@0.54.5\node_modules\stylus\lib\lexer.js:13:13)
    at Module._compile (node:internal/modules/cjs/loader:1275:14)
    at Module._extensions..js (node:internal/modules/cjs/loader:1329:10)
    at Module.load (node:internal/modules/cjs/loader:1133:32)
    at Module._load (node:internal/modules/cjs/loader:972:12)
[2024-1-22 11:47:15] [WARN] [Error] Warning: Accessing non-existent property 'column' of module exports inside circular dependency
    at emitCircularRequireWarning (node:internal/modules/cjs/loader:848:11)
    at Object.get (node:internal/modules/cjs/loader:864:5)
    at Boolean.Node [as constructor] (F:\WebApp\JS\React\tbr\Server\node_modules\.pnpm\stylus@0.54.5\node_modules\stylus\lib\nodes\node.js:43:23)
    at new Boolean (F:\WebApp\JS\React\tbr\Server\node_modules\.pnpm\stylus@0.54.5\node_modules\stylus\lib\nodes\boolean.js:23:8)
    at Object.<anonymous> (F:\WebApp\JS\React\tbr\Server\node_modules\.pnpm\stylus@0.54.5\node_modules\stylus\lib\nodes\index.js:57:16)
    at Module._compile (node:internal/modules/cjs/loader:1275:14)
    at Module._extensions..js (node:internal/modules/cjs/loader:1329:10)
    at Module.load (node:internal/modules/cjs/loader:1133:32)
    at Module._load (node:internal/modules/cjs/loader:972:12)
    at Module.require (node:internal/modules/cjs/loader:1157:19)
    at require (node:internal/modules/helpers:119:18)
    at Object.<anonymous> (F:\WebApp\JS\React\tbr\Server\node_modules\.pnpm\stylus@0.54.5\node_modules\stylus\lib\lexer.js:13:13)
    at Module._compile (node:internal/modules/cjs/loader:1275:14)
    at Module._extensions..js (node:internal/modules/cjs/loader:1329:10)
    at Module.load (node:internal/modules/cjs/loader:1133:32)
    at Module._load (node:internal/modules/cjs/loader:972:12)
[2024-1-22 11:47:15] [WARN] [Error] Warning: Accessing non-existent property 'filename' of module exports inside circular dependency
    at emitCircularRequireWarning (node:internal/modules/cjs/loader:848:11)
    at Object.get (node:internal/modules/cjs/loader:864:5)
    at Boolean.Node [as constructor] (F:\WebApp\JS\React\tbr\Server\node_modules\.pnpm\stylus@0.54.5\node_modules\stylus\lib\nodes\node.js:44:25)
    at new Boolean (F:\WebApp\JS\React\tbr\Server\node_modules\.pnpm\stylus@0.54.5\node_modules\stylus\lib\nodes\boolean.js:23:8)
    at Object.<anonymous> (F:\WebApp\JS\React\tbr\Server\node_modules\.pnpm\stylus@0.54.5\node_modules\stylus\lib\nodes\index.js:58:17)
    at Module._compile (node:internal/modules/cjs/loader:1275:14)
    at Module._extensions..js (node:internal/modules/cjs/loader:1329:10)
    at Module.load (node:internal/modules/cjs/loader:1133:32)
    at Module._load (node:internal/modules/cjs/loader:972:12)
    at Module.require (node:internal/modules/cjs/loader:1157:19)
    at require (node:internal/modules/helpers:119:18)
    at Object.<anonymous> (F:\WebApp\JS\React\tbr\Server\node_modules\.pnpm\stylus@0.54.5\node_modules\stylus\lib\lexer.js:13:13)
    at Module._compile (node:internal/modules/cjs/loader:1275:14)
    at Module._extensions..js (node:internal/modules/cjs/loader:1329:10)
    at Module.load (node:internal/modules/cjs/loader:1133:32)
    at Module._load (node:internal/modules/cjs/loader:972:12)
[2024-1-22 11:47:15] [ERROR] [Error] MongoServerSelectionError: connect ECONNREFUSED ::1:27017
    at Timeout._onTimeout (F:\WebApp\JS\React\tbr\Server\node_modules\.pnpm\mongodb@5.1.0\node_modules\mongodb\lib\sdam\topology.js:277:38)
    at listOnTimeout (node:internal/timers:573:17)
    at process.processTimers (node:internal/timers:514:7)
[2024-1-22 11:47:15] [ERROR] [Error] Error while connecting to Mongo Database : connect ECONNREFUSED ::1:27017
[2024-1-22 11:47:15] [ERROR] [Error] MongooseServerSelectionError: connect ECONNREFUSED ::1:27017
    at _handleConnectionErrors (F:\WebApp\JS\React\tbr\Server\node_modules\.pnpm\mongoose@7.0.3\node_modules\mongoose\lib\connection.js:755:11)
    at NativeConnection.openUri (F:\WebApp\JS\React\tbr\Server\node_modules\.pnpm\mongoose@7.0.3\node_modules\mongoose\lib\connection.js:730:11)
    at runNextTicks (node:internal/process/task_queues:60:5)
    at listOnTimeout (node:internal/timers:540:9)
    at process.processTimers (node:internal/timers:514:7)
